{"D:\\labs\\course-project\\backend\\src\\middleware\\auth.ts": {"path":"D:\\labs\\course-project\\backend\\src\\middleware\\auth.ts","statementMap":{"0":{"start":{"line":2,"column":0},"end":{"line":2,"column":31}},"1":{"start":{"line":10,"column":30},"end":{"line":52,"column":1}},"2":{"start":{"line":15,"column":2},"end":{"line":51,"column":3}},"3":{"start":{"line":16,"column":23},"end":{"line":16,"column":48}},"4":{"start":{"line":18,"column":4},"end":{"line":23,"column":5}},"5":{"start":{"line":19,"column":6},"end":{"line":22,"column":9}},"6":{"start":{"line":25,"column":18},"end":{"line":25,"column":41}},"7":{"start":{"line":26,"column":19},"end":{"line":26,"column":62}},"8":{"start":{"line":30,"column":20},"end":{"line":30,"column":44}},"9":{"start":{"line":32,"column":4},"end":{"line":37,"column":5}},"10":{"start":{"line":33,"column":6},"end":{"line":36,"column":9}},"11":{"start":{"line":40,"column":4},"end":{"line":40,"column":33}},"12":{"start":{"line":41,"column":4},"end":{"line":41,"column":30}},"13":{"start":{"line":42,"column":4},"end":{"line":42,"column":29}},"14":{"start":{"line":44,"column":4},"end":{"line":44,"column":11}},"15":{"start":{"line":46,"column":4},"end":{"line":46,"column":51}},"16":{"start":{"line":47,"column":4},"end":{"line":50,"column":7}},"17":{"start":{"line":10,"column":13},"end":{"line":10,"column":30}}},"fnMap":{"0":{"name":"(anonymous_1)","decl":{"start":{"line":10,"column":30},"end":{"line":10,"column":null}},"loc":{"start":{"line":14,"column":4},"end":{"line":52,"column":1}}}},"branchMap":{"0":{"loc":{"start":{"line":18,"column":4},"end":{"line":23,"column":5}},"type":"if","locations":[{"start":{"line":18,"column":4},"end":{"line":23,"column":5}}]},"1":{"loc":{"start":{"line":18,"column":8},"end":{"line":18,"column":56}},"type":"binary-expr","locations":[{"start":{"line":18,"column":8},"end":{"line":18,"column":19}},{"start":{"line":18,"column":23},"end":{"line":18,"column":56}}]},"2":{"loc":{"start":{"line":26,"column":19},"end":{"line":26,"column":62}},"type":"binary-expr","locations":[{"start":{"line":26,"column":19},"end":{"line":26,"column":41}},{"start":{"line":26,"column":45},"end":{"line":26,"column":62}}]},"3":{"loc":{"start":{"line":32,"column":4},"end":{"line":37,"column":5}},"type":"if","locations":[{"start":{"line":32,"column":4},"end":{"line":37,"column":5}}]},"4":{"loc":{"start":{"line":32,"column":8},"end":{"line":32,"column":32}},"type":"binary-expr","locations":[{"start":{"line":32,"column":8},"end":{"line":32,"column":16}},{"start":{"line":32,"column":20},"end":{"line":32,"column":32}}]}},"s":{"0":1,"1":1,"2":0,"3":0,"4":0,"5":0,"6":0,"7":0,"8":0,"9":0,"10":0,"11":0,"12":0,"13":0,"14":0,"15":0,"16":0,"17":1},"f":{"0":0},"b":{"0":[0],"1":[0,0],"2":[0,0],"3":[0],"4":[0,0]}}
,"D:\\labs\\course-project\\backend\\src\\middleware\\errorHandler.ts": {"path":"D:\\labs\\course-project\\backend\\src\\middleware\\errorHandler.ts","statementMap":{"0":{"start":{"line":2,"column":0},"end":{"line":2,"column":31}},"1":{"start":{"line":9,"column":28},"end":{"line":65,"column":1}},"2":{"start":{"line":15,"column":22},"end":{"line":15,"column":56}},"3":{"start":{"line":16,"column":16},"end":{"line":16,"column":54}},"4":{"start":{"line":19,"column":2},"end":{"line":25,"column":3}},"5":{"start":{"line":20,"column":4},"end":{"line":24,"column":7}},"6":{"start":{"line":28,"column":2},"end":{"line":44,"column":3}},"7":{"start":{"line":29,"column":18},"end":{"line":29,"column":37}},"8":{"start":{"line":30,"column":15},"end":{"line":30,"column":18}},"9":{"start":{"line":32,"column":4},"end":{"line":38,"column":5}},"10":{"start":{"line":33,"column":6},"end":{"line":33,"column":44}},"11":{"start":{"line":34,"column":6},"end":{"line":34,"column":17}},"12":{"start":{"line":35,"column":11},"end":{"line":38,"column":5}},"13":{"start":{"line":36,"column":6},"end":{"line":36,"column":41}},"14":{"start":{"line":37,"column":6},"end":{"line":37,"column":17}},"15":{"start":{"line":40,"column":4},"end":{"line":43,"column":7}},"16":{"start":{"line":47,"column":24},"end":{"line":50,"column":4}},"17":{"start":{"line":52,"column":2},"end":{"line":55,"column":3}},"18":{"start":{"line":53,"column":4},"end":{"line":53,"column":49}},"19":{"start":{"line":54,"column":4},"end":{"line":54,"column":31}},"20":{"start":{"line":57,"column":2},"end":{"line":62,"column":5}},"21":{"start":{"line":64,"column":2},"end":{"line":64,"column":40}},"22":{"start":{"line":9,"column":13},"end":{"line":9,"column":28}}},"fnMap":{"0":{"name":"(anonymous_0)","decl":{"start":{"line":9,"column":28},"end":{"line":9,"column":null}},"loc":{"start":{"line":14,"column":4},"end":{"line":65,"column":1}}}},"branchMap":{"0":{"loc":{"start":{"line":15,"column":22},"end":{"line":15,"column":56}},"type":"binary-expr","locations":[{"start":{"line":15,"column":22},"end":{"line":15,"column":49}},{"start":{"line":15,"column":53},"end":{"line":15,"column":56}}]},"1":{"loc":{"start":{"line":19,"column":2},"end":{"line":25,"column":3}},"type":"if","locations":[{"start":{"line":19,"column":2},"end":{"line":25,"column":3}}]},"2":{"loc":{"start":{"line":28,"column":2},"end":{"line":44,"column":3}},"type":"if","locations":[{"start":{"line":28,"column":2},"end":{"line":44,"column":3}}]},"3":{"loc":{"start":{"line":32,"column":4},"end":{"line":38,"column":5}},"type":"if","locations":[{"start":{"line":32,"column":4},"end":{"line":38,"column":5}},{"start":{"line":35,"column":11},"end":{"line":38,"column":5}}]},"4":{"loc":{"start":{"line":35,"column":11},"end":{"line":38,"column":5}},"type":"if","locations":[{"start":{"line":35,"column":11},"end":{"line":38,"column":5}}]},"5":{"loc":{"start":{"line":49,"column":13},"end":{"line":49,"column":51}},"type":"binary-expr","locations":[{"start":{"line":49,"column":13},"end":{"line":49,"column":24}},{"start":{"line":49,"column":28},"end":{"line":49,"column":51}}]},"6":{"loc":{"start":{"line":52,"column":2},"end":{"line":55,"column":3}},"type":"if","locations":[{"start":{"line":52,"column":2},"end":{"line":55,"column":3}}]}},"s":{"0":1,"1":1,"2":0,"3":0,"4":0,"5":0,"6":0,"7":0,"8":0,"9":0,"10":0,"11":0,"12":0,"13":0,"14":0,"15":0,"16":0,"17":0,"18":0,"19":0,"20":0,"21":0,"22":1},"f":{"0":0},"b":{"0":[0,0],"1":[0],"2":[0],"3":[0,0],"4":[0],"5":[0,0],"6":[0]}}
,"D:\\labs\\course-project\\backend\\src\\middleware\\requestLogger.ts": {"path":"D:\\labs\\course-project\\backend\\src\\middleware\\requestLogger.ts","statementMap":{"0":{"start":{"line":3,"column":29},"end":{"line":14,"column":1}},"1":{"start":{"line":4,"column":16},"end":{"line":4,"column":26}},"2":{"start":{"line":6,"column":2},"end":{"line":11,"column":5}},"3":{"start":{"line":7,"column":21},"end":{"line":7,"column":39}},"4":{"start":{"line":8,"column":4},"end":{"line":10,"column":6}},"5":{"start":{"line":13,"column":2},"end":{"line":13,"column":9}},"6":{"start":{"line":3,"column":13},"end":{"line":3,"column":29}}},"fnMap":{"0":{"name":"(anonymous_0)","decl":{"start":{"line":3,"column":29},"end":{"line":3,"column":30}},"loc":{"start":{"line":3,"column":81},"end":{"line":14,"column":1}}},"1":{"name":"(anonymous_1)","decl":{"start":{"line":6,"column":19},"end":{"line":6,"column":22}},"loc":{"start":{"line":6,"column":24},"end":{"line":11,"column":3}}}},"branchMap":{},"s":{"0":1,"1":0,"2":0,"3":0,"4":0,"5":0,"6":1},"f":{"0":0,"1":0},"b":{}}
,"D:\\labs\\course-project\\backend\\src\\routes\\ideas.ts": {"path":"D:\\labs\\course-project\\backend\\src\\routes\\ideas.ts","statementMap":{"0":{"start":{"line":1,"column":0},"end":{"line":1,"column":52}},"1":{"start":{"line":2,"column":0},"end":{"line":2,"column":28}},"2":{"start":{"line":3,"column":0},"end":{"line":3,"column":24}},"3":{"start":{"line":4,"column":0},"end":{"line":4,"column":36}},"4":{"start":{"line":5,"column":0},"end":{"line":5,"column":65}},"5":{"start":{"line":6,"column":0},"end":{"line":6,"column":57}},"6":{"start":{"line":7,"column":0},"end":{"line":7,"column":104}},"7":{"start":{"line":9,"column":0},"end":{"line":9,"column":20}},"8":{"start":{"line":11,"column":15},"end":{"line":11,"column":23}},"9":{"start":{"line":14,"column":18},"end":{"line":14,"column":61}},"10":{"start":{"line":15,"column":0},"end":{"line":17,"column":1}},"11":{"start":{"line":16,"column":2},"end":{"line":16,"column":47}},"12":{"start":{"line":19,"column":16},"end":{"line":27,"column":2}},"13":{"start":{"line":21,"column":4},"end":{"line":21,"column":24}},"14":{"start":{"line":24,"column":23},"end":{"line":24,"column":84}},"15":{"start":{"line":25,"column":4},"end":{"line":25,"column":25}},"16":{"start":{"line":29,"column":19},"end":{"line":49,"column":1}},"17":{"start":{"line":30,"column":23},"end":{"line":38,"column":4}},"18":{"start":{"line":40,"column":2},"end":{"line":48,"column":3}},"19":{"start":{"line":41,"column":4},"end":{"line":41,"column":19}},"20":{"start":{"line":43,"column":4},"end":{"line":47,"column":6}},"21":{"start":{"line":51,"column":15},"end":{"line":57,"column":2}},"22":{"start":{"line":60,"column":0},"end":{"line":85,"column":3}},"23":{"start":{"line":61,"column":2},"end":{"line":84,"column":3}},"24":{"start":{"line":62,"column":22},"end":{"line":62,"column":49}},"25":{"start":{"line":63,"column":17},"end":{"line":63,"column":74}},"26":{"start":{"line":65,"column":4},"end":{"line":69,"column":7}},"27":{"start":{"line":71,"column":16},"end":{"line":71,"column":28}},"28":{"start":{"line":72,"column":4},"end":{"line":78,"column":5}},"29":{"start":{"line":73,"column":6},"end":{"line":77,"column":9}},"30":{"start":{"line":80,"column":4},"end":{"line":83,"column":7}},"31":{"start":{"line":88,"column":0},"end":{"line":117,"column":3}},"32":{"start":{"line":89,"column":2},"end":{"line":116,"column":3}},"33":{"start":{"line":90,"column":22},"end":{"line":90,"column":55}},"34":{"start":{"line":91,"column":19},"end":{"line":91,"column":78}},"35":{"start":{"line":93,"column":4},"end":{"line":101,"column":7}},"36":{"start":{"line":103,"column":16},"end":{"line":103,"column":28}},"37":{"start":{"line":104,"column":4},"end":{"line":110,"column":5}},"38":{"start":{"line":105,"column":6},"end":{"line":109,"column":9}},"39":{"start":{"line":112,"column":4},"end":{"line":115,"column":7}},"40":{"start":{"line":120,"column":0},"end":{"line":141,"column":3}},"41":{"start":{"line":121,"column":2},"end":{"line":140,"column":3}},"42":{"start":{"line":122,"column":17},"end":{"line":124,"column":null}},"43":{"start":{"line":127,"column":4},"end":{"line":130,"column":7}},"44":{"start":{"line":132,"column":16},"end":{"line":132,"column":28}},"45":{"start":{"line":133,"column":23},"end":{"line":134,"column":68}},"46":{"start":{"line":136,"column":4},"end":{"line":139,"column":7}},"47":{"start":{"line":144,"column":0},"end":{"line":176,"column":3}},"48":{"start":{"line":145,"column":2},"end":{"line":175,"column":3}},"49":{"start":{"line":146,"column":22},"end":{"line":146,"column":54}},"50":{"start":{"line":147,"column":17},"end":{"line":150,"column":null}},"51":{"start":{"line":153,"column":4},"end":{"line":157,"column":7}},"52":{"start":{"line":159,"column":16},"end":{"line":159,"column":28}},"53":{"start":{"line":160,"column":4},"end":{"line":166,"column":5}},"54":{"start":{"line":161,"column":6},"end":{"line":165,"column":9}},"55":{"start":{"line":168,"column":23},"end":{"line":169,"column":68}},"56":{"start":{"line":171,"column":4},"end":{"line":174,"column":7}},"57":{"start":{"line":179,"column":0},"end":{"line":201,"column":2}},"58":{"start":{"line":183,"column":4},"end":{"line":199,"column":5}},"59":{"start":{"line":184,"column":6},"end":{"line":184,"column":68}},"60":{"start":{"line":186,"column":6},"end":{"line":189,"column":9}},"61":{"start":{"line":191,"column":18},"end":{"line":191,"column":30}},"62":{"start":{"line":192,"column":25},"end":{"line":193,"column":70}},"63":{"start":{"line":195,"column":6},"end":{"line":198,"column":9}},"64":{"start":{"line":204,"column":0},"end":{"line":276,"column":2}},"65":{"start":{"line":209,"column":4},"end":{"line":274,"column":5}},"66":{"start":{"line":210,"column":6},"end":{"line":215,"column":7}},"67":{"start":{"line":211,"column":8},"end":{"line":214,"column":11}},"68":{"start":{"line":218,"column":24},"end":{"line":221,"column":8}},"69":{"start":{"line":224,"column":6},"end":{"line":224,"column":69}},"70":{"start":{"line":227,"column":25},"end":{"line":233,"column":null}},"71":{"start":{"line":236,"column":6},"end":{"line":247,"column":9}},"72":{"start":{"line":249,"column":18},"end":{"line":249,"column":30}},"73":{"start":{"line":252,"column":6},"end":{"line":257,"column":7}},"74":{"start":{"line":253,"column":25},"end":{"line":253,"column":64}},"75":{"start":{"line":254,"column":8},"end":{"line":256,"column":11}},"76":{"start":{"line":255,"column":10},"end":{"line":255,"column":76}},"77":{"start":{"line":255,"column":25},"end":{"line":255,"column":76}},"78":{"start":{"line":259,"column":6},"end":{"line":265,"column":7}},"79":{"start":{"line":260,"column":8},"end":{"line":264,"column":11}},"80":{"start":{"line":267,"column":25},"end":{"line":268,"column":70}},"81":{"start":{"line":270,"column":6},"end":{"line":273,"column":9}},"82":{"start":{"line":278,"column":0},"end":{"line":278,"column":22}}},"fnMap":{"0":{"name":"(anonymous_1)","decl":{"start":{"line":20,"column":15},"end":{"line":20,"column":16}},"loc":{"start":{"line":20,"column":33},"end":{"line":22,"column":3}}},"1":{"name":"(anonymous_2)","decl":{"start":{"line":23,"column":12},"end":{"line":23,"column":13}},"loc":{"start":{"line":23,"column":30},"end":{"line":26,"column":3}}},"2":{"name":"(anonymous_3)","decl":{"start":{"line":29,"column":19},"end":{"line":29,"column":20}},"loc":{"start":{"line":29,"column":52},"end":{"line":49,"column":1}}},"3":{"name":"(anonymous_4)","decl":{"start":{"line":60,"column":33},"end":{"line":60,"column":38}},"loc":{"start":{"line":60,"column":75},"end":{"line":85,"column":1}}},"4":{"name":"(anonymous_5)","decl":{"start":{"line":88,"column":32},"end":{"line":88,"column":37}},"loc":{"start":{"line":88,"column":74},"end":{"line":117,"column":1}}},"5":{"name":"(anonymous_6)","decl":{"start":{"line":120,"column":35},"end":{"line":120,"column":40}},"loc":{"start":{"line":120,"column":77},"end":{"line":141,"column":1}}},"6":{"name":"(anonymous_7)","decl":{"start":{"line":144,"column":35},"end":{"line":144,"column":40}},"loc":{"start":{"line":144,"column":77},"end":{"line":176,"column":1}}},"7":{"name":"(anonymous_8)","decl":{"start":{"line":182,"column":2},"end":{"line":182,"column":7}},"loc":{"start":{"line":182,"column":44},"end":{"line":200,"column":3}}},"8":{"name":"(anonymous_9)","decl":{"start":{"line":208,"column":2},"end":{"line":208,"column":7}},"loc":{"start":{"line":208,"column":44},"end":{"line":275,"column":3}}},"9":{"name":"(anonymous_10)","decl":{"start":{"line":254,"column":28},"end":{"line":254,"column":29}},"loc":{"start":{"line":254,"column":42},"end":{"line":256,"column":9}}}},"branchMap":{"0":{"loc":{"start":{"line":14,"column":18},"end":{"line":14,"column":61}},"type":"binary-expr","locations":[{"start":{"line":14,"column":18},"end":{"line":14,"column":40}},{"start":{"line":14,"column":44},"end":{"line":14,"column":61}}]},"1":{"loc":{"start":{"line":15,"column":0},"end":{"line":17,"column":1}},"type":"if","locations":[{"start":{"line":15,"column":0},"end":{"line":17,"column":1}}]},"2":{"loc":{"start":{"line":40,"column":2},"end":{"line":48,"column":3}},"type":"if","locations":[{"start":{"line":40,"column":2},"end":{"line":48,"column":3}},{"start":{"line":42,"column":9},"end":{"line":48,"column":3}}]},"3":{"loc":{"start":{"line":72,"column":4},"end":{"line":78,"column":5}},"type":"if","locations":[{"start":{"line":72,"column":4},"end":{"line":78,"column":5}}]},"4":{"loc":{"start":{"line":82,"column":15},"end":{"line":82,"column":53}},"type":"binary-expr","locations":[{"start":{"line":82,"column":15},"end":{"line":82,"column":26}},{"start":{"line":82,"column":30},"end":{"line":82,"column":53}}]},"5":{"loc":{"start":{"line":104,"column":4},"end":{"line":110,"column":5}},"type":"if","locations":[{"start":{"line":104,"column":4},"end":{"line":110,"column":5}}]},"6":{"loc":{"start":{"line":114,"column":15},"end":{"line":114,"column":53}},"type":"binary-expr","locations":[{"start":{"line":114,"column":15},"end":{"line":114,"column":26}},{"start":{"line":114,"column":30},"end":{"line":114,"column":53}}]},"7":{"loc":{"start":{"line":133,"column":23},"end":{"line":134,"column":68}},"type":"cond-expr","locations":[{"start":{"line":133,"column":62},"end":{"line":133,"column":65}},{"start":{"line":134,"column":23},"end":{"line":134,"column":68}}]},"8":{"loc":{"start":{"line":134,"column":23},"end":{"line":134,"column":68}},"type":"cond-expr","locations":[{"start":{"line":134,"column":59},"end":{"line":134,"column":62}},{"start":{"line":134,"column":65},"end":{"line":134,"column":68}}]},"9":{"loc":{"start":{"line":138,"column":15},"end":{"line":138,"column":52}},"type":"binary-expr","locations":[{"start":{"line":138,"column":15},"end":{"line":138,"column":26}},{"start":{"line":138,"column":30},"end":{"line":138,"column":52}}]},"10":{"loc":{"start":{"line":160,"column":4},"end":{"line":166,"column":5}},"type":"if","locations":[{"start":{"line":160,"column":4},"end":{"line":166,"column":5}}]},"11":{"loc":{"start":{"line":168,"column":23},"end":{"line":169,"column":68}},"type":"cond-expr","locations":[{"start":{"line":168,"column":62},"end":{"line":168,"column":65}},{"start":{"line":169,"column":23},"end":{"line":169,"column":68}}]},"12":{"loc":{"start":{"line":169,"column":23},"end":{"line":169,"column":68}},"type":"cond-expr","locations":[{"start":{"line":169,"column":59},"end":{"line":169,"column":62}},{"start":{"line":169,"column":65},"end":{"line":169,"column":68}}]},"13":{"loc":{"start":{"line":173,"column":15},"end":{"line":173,"column":53}},"type":"binary-expr","locations":[{"start":{"line":173,"column":15},"end":{"line":173,"column":26}},{"start":{"line":173,"column":30},"end":{"line":173,"column":53}}]},"14":{"loc":{"start":{"line":192,"column":25},"end":{"line":193,"column":70}},"type":"cond-expr","locations":[{"start":{"line":192,"column":64},"end":{"line":192,"column":67}},{"start":{"line":193,"column":25},"end":{"line":193,"column":70}}]},"15":{"loc":{"start":{"line":193,"column":25},"end":{"line":193,"column":70}},"type":"cond-expr","locations":[{"start":{"line":193,"column":61},"end":{"line":193,"column":64}},{"start":{"line":193,"column":67},"end":{"line":193,"column":70}}]},"16":{"loc":{"start":{"line":197,"column":17},"end":{"line":197,"column":55}},"type":"binary-expr","locations":[{"start":{"line":197,"column":17},"end":{"line":197,"column":28}},{"start":{"line":197,"column":32},"end":{"line":197,"column":55}}]},"17":{"loc":{"start":{"line":210,"column":6},"end":{"line":215,"column":7}},"type":"if","locations":[{"start":{"line":210,"column":6},"end":{"line":215,"column":7}}]},"18":{"loc":{"start":{"line":252,"column":6},"end":{"line":257,"column":7}},"type":"if","locations":[{"start":{"line":252,"column":6},"end":{"line":257,"column":7}}]},"19":{"loc":{"start":{"line":255,"column":10},"end":{"line":255,"column":76}},"type":"if","locations":[{"start":{"line":255,"column":10},"end":{"line":255,"column":76}}]},"20":{"loc":{"start":{"line":259,"column":6},"end":{"line":265,"column":7}},"type":"if","locations":[{"start":{"line":259,"column":6},"end":{"line":265,"column":7}}]},"21":{"loc":{"start":{"line":267,"column":25},"end":{"line":268,"column":70}},"type":"cond-expr","locations":[{"start":{"line":267,"column":64},"end":{"line":267,"column":67}},{"start":{"line":268,"column":25},"end":{"line":268,"column":70}}]},"22":{"loc":{"start":{"line":268,"column":25},"end":{"line":268,"column":70}},"type":"cond-expr","locations":[{"start":{"line":268,"column":61},"end":{"line":268,"column":64}},{"start":{"line":268,"column":67},"end":{"line":268,"column":70}}]},"23":{"loc":{"start":{"line":272,"column":17},"end":{"line":272,"column":55}},"type":"binary-expr","locations":[{"start":{"line":272,"column":17},"end":{"line":272,"column":28}},{"start":{"line":272,"column":32},"end":{"line":272,"column":55}}]}},"s":{"0":1,"1":1,"2":1,"3":1,"4":1,"5":1,"6":1,"7":1,"8":1,"9":1,"10":1,"11":0,"12":1,"13":0,"14":0,"15":0,"16":1,"17":0,"18":0,"19":0,"20":0,"21":1,"22":1,"23":0,"24":0,"25":0,"26":0,"27":0,"28":0,"29":0,"30":0,"31":1,"32":0,"33":0,"34":0,"35":0,"36":0,"37":0,"38":0,"39":0,"40":1,"41":0,"42":0,"43":0,"44":0,"45":0,"46":0,"47":1,"48":0,"49":0,"50":0,"51":0,"52":0,"53":0,"54":0,"55":0,"56":0,"57":1,"58":0,"59":0,"60":0,"61":0,"62":0,"63":0,"64":1,"65":0,"66":0,"67":0,"68":0,"69":0,"70":0,"71":0,"72":0,"73":0,"74":0,"75":0,"76":0,"77":0,"78":0,"79":0,"80":0,"81":0,"82":1},"f":{"0":0,"1":0,"2":0,"3":0,"4":0,"5":0,"6":0,"7":0,"8":0,"9":0},"b":{"0":[1,1],"1":[0],"2":[0,0],"3":[0],"4":[0,0],"5":[0],"6":[0,0],"7":[0,0],"8":[0,0],"9":[0,0],"10":[0],"11":[0,0],"12":[0,0],"13":[0,0],"14":[0,0],"15":[0,0],"16":[0,0],"17":[0],"18":[0],"19":[0],"20":[0],"21":[0,0],"22":[0,0],"23":[0,0]}}
,"D:\\labs\\course-project\\backend\\src\\services\\ideas.service.ts": {"path":"D:\\labs\\course-project\\backend\\src\\services\\ideas.service.ts","statementMap":{"0":{"start":{"line":1,"column":0},"end":{"line":1,"column":46}},"1":{"start":{"line":5,"column":15},"end":{"line":5,"column":33}},"2":{"start":{"line":21,"column":17},"end":{"line":23,"column":6}},"3":{"start":{"line":25,"column":4},"end":{"line":27,"column":5}},"4":{"start":{"line":26,"column":6},"end":{"line":26,"column":65}},"5":{"start":{"line":29,"column":17},"end":{"line":46,"column":6}},"6":{"start":{"line":48,"column":4},"end":{"line":48,"column":16}},"7":{"start":{"line":55,"column":17},"end":{"line":57,"column":6}},"8":{"start":{"line":59,"column":4},"end":{"line":61,"column":5}},"9":{"start":{"line":60,"column":6},"end":{"line":60,"column":40}},"10":{"start":{"line":64,"column":23},"end":{"line":64,"column":42}},"11":{"start":{"line":65,"column":4},"end":{"line":67,"column":5}},"12":{"start":{"line":66,"column":6},"end":{"line":66,"column":35}},"13":{"start":{"line":70,"column":25},"end":{"line":70,"column":27}},"14":{"start":{"line":71,"column":19},"end":{"line":71,"column":47}},"15":{"start":{"line":72,"column":22},"end":{"line":72,"column":48}},"16":{"start":{"line":73,"column":4},"end":{"line":73,"column":46}},"17":{"start":{"line":75,"column":27},"end":{"line":95,"column":6}},"18":{"start":{"line":97,"column":4},"end":{"line":102,"column":6}},"19":{"start":{"line":109,"column":17},"end":{"line":111,"column":6}},"20":{"start":{"line":113,"column":4},"end":{"line":115,"column":5}},"21":{"start":{"line":114,"column":6},"end":{"line":114,"column":40}},"22":{"start":{"line":117,"column":17},"end":{"line":129,"column":6}},"23":{"start":{"line":131,"column":4},"end":{"line":133,"column":5}},"24":{"start":{"line":132,"column":6},"end":{"line":132,"column":40}},"25":{"start":{"line":136,"column":4},"end":{"line":138,"column":5}},"26":{"start":{"line":137,"column":6},"end":{"line":137,"column":64}},"27":{"start":{"line":140,"column":4},"end":{"line":140,"column":16}},"28":{"start":{"line":148,"column":17},"end":{"line":150,"column":6}},"29":{"start":{"line":152,"column":4},"end":{"line":154,"column":5}},"30":{"start":{"line":153,"column":6},"end":{"line":153,"column":40}},"31":{"start":{"line":156,"column":17},"end":{"line":158,"column":6}},"32":{"start":{"line":160,"column":4},"end":{"line":162,"column":5}},"33":{"start":{"line":161,"column":6},"end":{"line":161,"column":40}},"34":{"start":{"line":164,"column":4},"end":{"line":166,"column":5}},"35":{"start":{"line":165,"column":6},"end":{"line":165,"column":64}},"36":{"start":{"line":168,"column":20},"end":{"line":174,"column":6}},"37":{"start":{"line":176,"column":4},"end":{"line":176,"column":19}},"38":{"start":{"line":183,"column":17},"end":{"line":185,"column":6}},"39":{"start":{"line":187,"column":4},"end":{"line":189,"column":5}},"40":{"start":{"line":188,"column":6},"end":{"line":188,"column":40}},"41":{"start":{"line":191,"column":17},"end":{"line":193,"column":6}},"42":{"start":{"line":195,"column":4},"end":{"line":197,"column":5}},"43":{"start":{"line":196,"column":6},"end":{"line":196,"column":40}},"44":{"start":{"line":199,"column":4},"end":{"line":201,"column":5}},"45":{"start":{"line":200,"column":6},"end":{"line":200,"column":64}},"46":{"start":{"line":203,"column":4},"end":{"line":205,"column":7}},"47":{"start":{"line":207,"column":4},"end":{"line":207,"column":29}},"48":{"start":{"line":218,"column":17},"end":{"line":220,"column":6}},"49":{"start":{"line":222,"column":4},"end":{"line":224,"column":5}},"50":{"start":{"line":223,"column":6},"end":{"line":223,"column":40}},"51":{"start":{"line":226,"column":17},"end":{"line":228,"column":6}},"52":{"start":{"line":230,"column":4},"end":{"line":232,"column":5}},"53":{"start":{"line":231,"column":6},"end":{"line":231,"column":40}},"54":{"start":{"line":234,"column":4},"end":{"line":236,"column":5}},"55":{"start":{"line":235,"column":6},"end":{"line":235,"column":64}},"56":{"start":{"line":238,"column":23},"end":{"line":247,"column":6}},"57":{"start":{"line":249,"column":4},"end":{"line":249,"column":22}},"58":{"start":{"line":15,"column":0},"end":{"line":15,"column":13}},"59":{"start":{"line":253,"column":13},"end":{"line":253,"column":47}}},"fnMap":{"0":{"name":"(anonymous_0)","decl":{"start":{"line":16,"column":2},"end":{"line":16,"column":7}},"loc":{"start":{"line":18,"column":37},"end":{"line":49,"column":3}}},"1":{"name":"(anonymous_1)","decl":{"start":{"line":51,"column":2},"end":{"line":51,"column":7}},"loc":{"start":{"line":53,"column":28},"end":{"line":103,"column":3}}},"2":{"name":"(anonymous_2)","decl":{"start":{"line":105,"column":2},"end":{"line":105,"column":7}},"loc":{"start":{"line":107,"column":22},"end":{"line":141,"column":3}}},"3":{"name":"(anonymous_3)","decl":{"start":{"line":143,"column":2},"end":{"line":143,"column":7}},"loc":{"start":{"line":146,"column":42},"end":{"line":177,"column":3}}},"4":{"name":"(anonymous_4)","decl":{"start":{"line":179,"column":2},"end":{"line":179,"column":7}},"loc":{"start":{"line":181,"column":22},"end":{"line":208,"column":3}}},"5":{"name":"(anonymous_5)","decl":{"start":{"line":210,"column":2},"end":{"line":210,"column":7}},"loc":{"start":{"line":216,"column":20},"end":{"line":250,"column":3}}}},"branchMap":{"0":{"loc":{"start":{"line":25,"column":4},"end":{"line":27,"column":5}},"type":"if","locations":[{"start":{"line":25,"column":4},"end":{"line":27,"column":5}}]},"1":{"loc":{"start":{"line":59,"column":4},"end":{"line":61,"column":5}},"type":"if","locations":[{"start":{"line":59,"column":4},"end":{"line":61,"column":5}}]},"2":{"loc":{"start":{"line":65,"column":4},"end":{"line":67,"column":5}},"type":"if","locations":[{"start":{"line":65,"column":4},"end":{"line":67,"column":5}}]},"3":{"loc":{"start":{"line":71,"column":19},"end":{"line":71,"column":47}},"type":"binary-expr","locations":[{"start":{"line":71,"column":19},"end":{"line":71,"column":32}},{"start":{"line":71,"column":36},"end":{"line":71,"column":47}}]},"4":{"loc":{"start":{"line":72,"column":22},"end":{"line":72,"column":48}},"type":"binary-expr","locations":[{"start":{"line":72,"column":22},"end":{"line":72,"column":38}},{"start":{"line":72,"column":42},"end":{"line":72,"column":48}}]},"5":{"loc":{"start":{"line":113,"column":4},"end":{"line":115,"column":5}},"type":"if","locations":[{"start":{"line":113,"column":4},"end":{"line":115,"column":5}}]},"6":{"loc":{"start":{"line":131,"column":4},"end":{"line":133,"column":5}},"type":"if","locations":[{"start":{"line":131,"column":4},"end":{"line":133,"column":5}}]},"7":{"loc":{"start":{"line":136,"column":4},"end":{"line":138,"column":5}},"type":"if","locations":[{"start":{"line":136,"column":4},"end":{"line":138,"column":5}}]},"8":{"loc":{"start":{"line":152,"column":4},"end":{"line":154,"column":5}},"type":"if","locations":[{"start":{"line":152,"column":4},"end":{"line":154,"column":5}}]},"9":{"loc":{"start":{"line":160,"column":4},"end":{"line":162,"column":5}},"type":"if","locations":[{"start":{"line":160,"column":4},"end":{"line":162,"column":5}}]},"10":{"loc":{"start":{"line":164,"column":4},"end":{"line":166,"column":5}},"type":"if","locations":[{"start":{"line":164,"column":4},"end":{"line":166,"column":5}}]},"11":{"loc":{"start":{"line":187,"column":4},"end":{"line":189,"column":5}},"type":"if","locations":[{"start":{"line":187,"column":4},"end":{"line":189,"column":5}}]},"12":{"loc":{"start":{"line":195,"column":4},"end":{"line":197,"column":5}},"type":"if","locations":[{"start":{"line":195,"column":4},"end":{"line":197,"column":5}}]},"13":{"loc":{"start":{"line":199,"column":4},"end":{"line":201,"column":5}},"type":"if","locations":[{"start":{"line":199,"column":4},"end":{"line":201,"column":5}}]},"14":{"loc":{"start":{"line":222,"column":4},"end":{"line":224,"column":5}},"type":"if","locations":[{"start":{"line":222,"column":4},"end":{"line":224,"column":5}}]},"15":{"loc":{"start":{"line":230,"column":4},"end":{"line":232,"column":5}},"type":"if","locations":[{"start":{"line":230,"column":4},"end":{"line":232,"column":5}}]},"16":{"loc":{"start":{"line":234,"column":4},"end":{"line":236,"column":5}},"type":"if","locations":[{"start":{"line":234,"column":4},"end":{"line":236,"column":5}}]}},"s":{"0":1,"1":1,"2":0,"3":0,"4":0,"5":0,"6":0,"7":0,"8":0,"9":0,"10":0,"11":0,"12":0,"13":0,"14":0,"15":0,"16":0,"17":0,"18":0,"19":0,"20":0,"21":0,"22":0,"23":0,"24":0,"25":0,"26":0,"27":0,"28":0,"29":0,"30":0,"31":0,"32":0,"33":0,"34":0,"35":0,"36":0,"37":0,"38":0,"39":0,"40":0,"41":0,"42":0,"43":0,"44":0,"45":0,"46":0,"47":0,"48":0,"49":0,"50":0,"51":0,"52":0,"53":0,"54":0,"55":0,"56":0,"57":0,"58":1,"59":1},"f":{"0":0,"1":0,"2":0,"3":0,"4":0,"5":0},"b":{"0":[0],"1":[0],"2":[0],"3":[0,0],"4":[0,0],"5":[0],"6":[0],"7":[0],"8":[0],"9":[0],"10":[0],"11":[0],"12":[0],"13":[0],"14":[0],"15":[0],"16":[0]}}
,"D:\\labs\\course-project\\backend\\src\\types\\ideaSchema.ts": {"path":"D:\\labs\\course-project\\backend\\src\\types\\ideaSchema.ts","statementMap":{"0":{"start":{"line":1,"column":0},"end":{"line":1,"column":24}},"1":{"start":{"line":3,"column":13},"end":{"line":13,"column":3}},"2":{"start":{"line":15,"column":13},"end":{"line":15,"column":54}},"3":{"start":{"line":17,"column":13},"end":{"line":30,"column":3}},"4":{"start":{"line":32,"column":13},"end":{"line":43,"column":3}}},"fnMap":{},"branchMap":{},"s":{"0":1,"1":1,"2":1,"3":1,"4":1},"f":{},"b":{}}
}
