TN:
SF:src\middleware\auth.ts
FN:10,(anonymous_1)
FNF:1
FNH:0
FNDA:0,(anonymous_1)
DA:2,1
DA:10,1
DA:15,0
DA:16,0
DA:18,0
DA:19,0
DA:25,0
DA:26,0
DA:30,0
DA:32,0
DA:33,0
DA:40,0
DA:41,0
DA:42,0
DA:44,0
DA:46,0
DA:47,0
LF:17
LH:2
BRDA:18,0,0,0
BRDA:18,1,0,0
BRDA:18,1,1,0
BRDA:26,2,0,0
BRDA:26,2,1,0
BRDA:32,3,0,0
BRDA:32,4,0,0
BRDA:32,4,1,0
BRF:8
BRH:0
end_of_record
TN:
SF:src\middleware\errorHandler.ts
FN:9,(anonymous_0)
FNF:1
FNH:0
FNDA:0,(anonymous_0)
DA:2,1
DA:9,1
DA:15,0
DA:16,0
DA:19,0
DA:20,0
DA:28,0
DA:29,0
DA:30,0
DA:32,0
DA:33,0
DA:34,0
DA:35,0
DA:36,0
DA:37,0
DA:40,0
DA:47,0
DA:52,0
DA:53,0
DA:54,0
DA:57,0
DA:64,0
LF:22
LH:2
BRDA:15,0,0,0
BRDA:15,0,1,0
BRDA:19,1,0,0
BRDA:28,2,0,0
BRDA:32,3,0,0
BRDA:32,3,1,0
BRDA:35,4,0,0
BRDA:49,5,0,0
BRDA:49,5,1,0
BRDA:52,6,0,0
BRF:10
BRH:0
end_of_record
TN:
SF:src\middleware\requestLogger.ts
FN:3,(anonymous_0)
FN:6,(anonymous_1)
FNF:2
FNH:0
FNDA:0,(anonymous_0)
FNDA:0,(anonymous_1)
DA:3,1
DA:4,0
DA:6,0
DA:7,0
DA:8,0
DA:13,0
LF:6
LH:1
BRF:0
BRH:0
end_of_record
TN:
SF:src\routes\ideas.ts
FN:20,(anonymous_1)
FN:23,(anonymous_2)
FN:29,(anonymous_3)
FN:60,(anonymous_4)
FN:88,(anonymous_5)
FN:120,(anonymous_6)
FN:144,(anonymous_7)
FN:182,(anonymous_8)
FN:208,(anonymous_9)
FN:254,(anonymous_10)
FNF:10
FNH:0
FNDA:0,(anonymous_1)
FNDA:0,(anonymous_2)
FNDA:0,(anonymous_3)
FNDA:0,(anonymous_4)
FNDA:0,(anonymous_5)
FNDA:0,(anonymous_6)
FNDA:0,(anonymous_7)
FNDA:0,(anonymous_8)
FNDA:0,(anonymous_9)
FNDA:0,(anonymous_10)
DA:1,1
DA:2,1
DA:3,1
DA:4,1
DA:5,1
DA:6,1
DA:7,1
DA:9,1
DA:11,1
DA:14,1
DA:15,1
DA:16,0
DA:19,1
DA:21,0
DA:24,0
DA:25,0
DA:29,1
DA:30,0
DA:40,0
DA:41,0
DA:43,0
DA:51,1
DA:60,1
DA:61,0
DA:62,0
DA:63,0
DA:65,0
DA:71,0
DA:72,0
DA:73,0
DA:80,0
DA:88,1
DA:89,0
DA:90,0
DA:91,0
DA:93,0
DA:103,0
DA:104,0
DA:105,0
DA:112,0
DA:120,1
DA:121,0
DA:122,0
DA:127,0
DA:132,0
DA:133,0
DA:136,0
DA:144,1
DA:145,0
DA:146,0
DA:147,0
DA:153,0
DA:159,0
DA:160,0
DA:161,0
DA:168,0
DA:171,0
DA:179,1
DA:183,0
DA:184,0
DA:186,0
DA:191,0
DA:192,0
DA:195,0
DA:204,1
DA:209,0
DA:210,0
DA:211,0
DA:218,0
DA:224,0
DA:227,0
DA:236,0
DA:249,0
DA:252,0
DA:253,0
DA:254,0
DA:255,0
DA:259,0
DA:260,0
DA:267,0
DA:270,0
DA:278,1
LF:82
LH:21
BRDA:14,0,0,1
BRDA:14,0,1,1
BRDA:15,1,0,0
BRDA:40,2,0,0
BRDA:40,2,1,0
BRDA:72,3,0,0
BRDA:82,4,0,0
BRDA:82,4,1,0
BRDA:104,5,0,0
BRDA:114,6,0,0
BRDA:114,6,1,0
BRDA:133,7,0,0
BRDA:133,7,1,0
BRDA:134,8,0,0
BRDA:134,8,1,0
BRDA:138,9,0,0
BRDA:138,9,1,0
BRDA:160,10,0,0
BRDA:168,11,0,0
BRDA:168,11,1,0
BRDA:169,12,0,0
BRDA:169,12,1,0
BRDA:173,13,0,0
BRDA:173,13,1,0
BRDA:192,14,0,0
BRDA:192,14,1,0
BRDA:193,15,0,0
BRDA:193,15,1,0
BRDA:197,16,0,0
BRDA:197,16,1,0
BRDA:210,17,0,0
BRDA:252,18,0,0
BRDA:255,19,0,0
BRDA:259,20,0,0
BRDA:267,21,0,0
BRDA:267,21,1,0
BRDA:268,22,0,0
BRDA:268,22,1,0
BRDA:272,23,0,0
BRDA:272,23,1,0
BRF:40
BRH:2
end_of_record
TN:
SF:src\services\ideas.service.ts
FN:16,(anonymous_0)
FN:51,(anonymous_1)
FN:105,(anonymous_2)
FN:143,(anonymous_3)
FN:179,(anonymous_4)
FN:210,(anonymous_5)
FNF:6
FNH:0
FNDA:0,(anonymous_0)
FNDA:0,(anonymous_1)
FNDA:0,(anonymous_2)
FNDA:0,(anonymous_3)
FNDA:0,(anonymous_4)
FNDA:0,(anonymous_5)
DA:1,1
DA:5,1
DA:15,1
DA:21,0
DA:25,0
DA:26,0
DA:29,0
DA:48,0
DA:55,0
DA:59,0
DA:60,0
DA:64,0
DA:65,0
DA:66,0
DA:70,0
DA:71,0
DA:72,0
DA:73,0
DA:75,0
DA:97,0
DA:109,0
DA:113,0
DA:114,0
DA:117,0
DA:131,0
DA:132,0
DA:136,0
DA:137,0
DA:140,0
DA:148,0
DA:152,0
DA:153,0
DA:156,0
DA:160,0
DA:161,0
DA:164,0
DA:165,0
DA:168,0
DA:176,0
DA:183,0
DA:187,0
DA:188,0
DA:191,0
DA:195,0
DA:196,0
DA:199,0
DA:200,0
DA:203,0
DA:207,0
DA:218,0
DA:222,0
DA:223,0
DA:226,0
DA:230,0
DA:231,0
DA:234,0
DA:235,0
DA:238,0
DA:249,0
DA:253,1
LF:60
LH:4
BRDA:25,0,0,0
BRDA:59,1,0,0
BRDA:65,2,0,0
BRDA:71,3,0,0
BRDA:71,3,1,0
BRDA:72,4,0,0
BRDA:72,4,1,0
BRDA:113,5,0,0
BRDA:131,6,0,0
BRDA:136,7,0,0
BRDA:152,8,0,0
BRDA:160,9,0,0
BRDA:164,10,0,0
BRDA:187,11,0,0
BRDA:195,12,0,0
BRDA:199,13,0,0
BRDA:222,14,0,0
BRDA:230,15,0,0
BRDA:234,16,0,0
BRF:19
BRH:0
end_of_record
TN:
SF:src\types\ideaSchema.ts
FNF:0
FNH:0
DA:1,1
DA:3,1
DA:15,1
DA:17,1
DA:32,1
LF:5
LH:5
BRF:0
BRH:0
end_of_record
