{"D:\\labs\\course-project\\auth-screen\\src\\App.tsx": {"path":"D:\\labs\\course-project\\auth-screen\\src\\App.tsx","statementMap":{"0":{"start":{"line":2,"column":0},"end":{"line":2,"column":59}},"1":{"start":{"line":3,"column":0},"end":{"line":3,"column":42}},"2":{"start":{"line":4,"column":0},"end":{"line":4,"column":56}},"3":{"start":{"line":5,"column":0},"end":{"line":5,"column":42}},"4":{"start":{"line":6,"column":0},"end":{"line":6,"column":54}},"5":{"start":{"line":7,"column":0},"end":{"line":7,"column":57}},"6":{"start":{"line":8,"column":0},"end":{"line":8,"column":63}},"7":{"start":{"line":9,"column":0},"end":{"line":9,"column":42}},"8":{"start":{"line":18,"column":28},"end":{"line":45,"column":null}},"9":{"start":{"line":19,"column":2},"end":{"line":44,"column":null}},"10":{"start":{"line":48,"column":22},"end":{"line":57,"column":1}},"11":{"start":{"line":50,"column":2},"end":{"line":50,"column":71}},"12":{"start":{"line":52,"column":2},"end":{"line":56,"column":4}},"13":{"start":{"line":59,"column":0},"end":{"line":59,"column":19}}},"fnMap":{"0":{"name":"(anonymous_1)","decl":{"start":{"line":18,"column":28},"end":{"line":18,"column":31}},"loc":{"start":{"line":19,"column":2},"end":{"line":44,"column":null}}},"1":{"name":"(anonymous_2)","decl":{"start":{"line":48,"column":22},"end":{"line":48,"column":25}},"loc":{"start":{"line":48,"column":27},"end":{"line":57,"column":1}}}},"branchMap":{},"s":{"0":1,"1":1,"2":1,"3":1,"4":1,"5":1,"6":1,"7":1,"8":1,"9":1,"10":1,"11":1,"12":1,"13":1},"f":{"0":1,"1":1},"b":{}}
,"D:\\labs\\course-project\\auth-screen\\src\\components\\ProtectedRoute.tsx": {"path":"D:\\labs\\course-project\\auth-screen\\src\\components\\ProtectedRoute.tsx","statementMap":{"0":{"start":{"line":2,"column":0},"end":{"line":2,"column":44}},"1":{"start":{"line":3,"column":0},"end":{"line":3,"column":59}},"2":{"start":{"line":4,"column":0},"end":{"line":4,"column":64}},"3":{"start":{"line":24,"column":54},"end":{"line":64,"column":1}},"4":{"start":{"line":25,"column":19},"end":{"line":25,"column":33}},"5":{"start":{"line":28,"column":2},"end":{"line":30,"column":3}},"6":{"start":{"line":29,"column":4},"end":{"line":29,"column":44}},"7":{"start":{"line":33,"column":24},"end":{"line":33,"column":69}},"8":{"start":{"line":36,"column":26},"end":{"line":36,"column":89}},"9":{"start":{"line":38,"column":2},"end":{"line":60,"column":3}},"10":{"start":{"line":41,"column":4},"end":{"line":41,"column":77}},"11":{"start":{"line":43,"column":4},"end":{"line":59,"column":6}},"12":{"start":{"line":52,"column":28},"end":{"line":52,"column":63}},"13":{"start":{"line":63,"column":2},"end":{"line":63,"column":25}},"14":{"start":{"line":66,"column":0},"end":{"line":66,"column":30}}},"fnMap":{"0":{"name":"(anonymous_0)","decl":{"start":{"line":24,"column":54},"end":{"line":24,"column":55}},"loc":{"start":{"line":24,"column":92},"end":{"line":64,"column":1}}},"1":{"name":"(anonymous_1)","decl":{"start":{"line":52,"column":21},"end":{"line":52,"column":24}},"loc":{"start":{"line":52,"column":28},"end":{"line":52,"column":63}}}},"branchMap":{"0":{"loc":{"start":{"line":28,"column":2},"end":{"line":30,"column":3}},"type":"if","locations":[{"start":{"line":28,"column":2},"end":{"line":30,"column":3}}]},"1":{"loc":{"start":{"line":28,"column":6},"end":{"line":28,"column":36}},"type":"binary-expr","locations":[{"start":{"line":28,"column":6},"end":{"line":28,"column":11}},{"start":{"line":28,"column":15},"end":{"line":28,"column":36}}]},"2":{"loc":{"start":{"line":33,"column":24},"end":{"line":33,"column":69}},"type":"binary-expr","locations":[{"start":{"line":33,"column":24},"end":{"line":33,"column":37}},{"start":{"line":33,"column":41},"end":{"line":33,"column":63}},{"start":{"line":33,"column":67},"end":{"line":33,"column":69}}]},"3":{"loc":{"start":{"line":36,"column":26},"end":{"line":36,"column":89}},"type":"binary-expr","locations":[{"start":{"line":36,"column":26},"end":{"line":36,"column":52}},{"start":{"line":36,"column":56},"end":{"line":36,"column":89}}]},"4":{"loc":{"start":{"line":38,"column":2},"end":{"line":60,"column":3}},"type":"if","locations":[{"start":{"line":38,"column":2},"end":{"line":60,"column":3}}]}},"s":{"0":1,"1":1,"2":1,"3":1,"4":0,"5":0,"6":0,"7":0,"8":0,"9":0,"10":0,"11":0,"12":0,"13":0,"14":1},"f":{"0":0,"1":0},"b":{"0":[0],"1":[0,0],"2":[0,0,0],"3":[0,0],"4":[0]}}
,"D:\\labs\\course-project\\auth-screen\\src\\config\\auth0Config.ts": {"path":"D:\\labs\\course-project\\auth-screen\\src\\config\\auth0Config.ts","statementMap":{"0":{"start":{"line":12,"column":21},"end":{"line":12,"column":81}},"1":{"start":{"line":13,"column":24},"end":{"line":13,"column":90}},"2":{"start":{"line":20,"column":23},"end":{"line":22,"column":1}},"3":{"start":{"line":21,"column":2},"end":{"line":21,"column":47}},"4":{"start":{"line":24,"column":13},"end":{"line":28,"column":2}},"5":{"start":{"line":34,"column":35},"end":{"line":49,"column":1}},"6":{"start":{"line":36,"column":24},"end":{"line":36,"column":61}},"7":{"start":{"line":38,"column":2},"end":{"line":48,"column":3}},"8":{"start":{"line":40,"column":6},"end":{"line":40,"column":104}},"9":{"start":{"line":42,"column":4},"end":{"line":42,"column":27}},"10":{"start":{"line":45,"column":4},"end":{"line":47,"column":5}},"11":{"start":{"line":46,"column":6},"end":{"line":46,"column":59}},"12":{"start":{"line":34,"column":13},"end":{"line":34,"column":35}}},"fnMap":{"0":{"name":"(anonymous_0)","decl":{"start":{"line":20,"column":23},"end":{"line":20,"column":34}},"loc":{"start":{"line":20,"column":36},"end":{"line":22,"column":1}}},"1":{"name":"(anonymous_1)","decl":{"start":{"line":34,"column":35},"end":{"line":34,"column":44}},"loc":{"start":{"line":34,"column":46},"end":{"line":49,"column":1}}}},"branchMap":{"0":{"loc":{"start":{"line":12,"column":21},"end":{"line":12,"column":81}},"type":"binary-expr","locations":[{"start":{"line":12,"column":21},"end":{"line":12,"column":50}},{"start":{"line":12,"column":54},"end":{"line":12,"column":81}}]},"1":{"loc":{"start":{"line":13,"column":24},"end":{"line":13,"column":90}},"type":"binary-expr","locations":[{"start":{"line":13,"column":24},"end":{"line":13,"column":56}},{"start":{"line":13,"column":60},"end":{"line":13,"column":90}}]},"2":{"loc":{"start":{"line":38,"column":2},"end":{"line":48,"column":3}},"type":"if","locations":[{"start":{"line":38,"column":2},"end":{"line":48,"column":3}}]},"3":{"loc":{"start":{"line":38,"column":6},"end":{"line":38,"column":39}},"type":"binary-expr","locations":[{"start":{"line":38,"column":6},"end":{"line":38,"column":19}},{"start":{"line":38,"column":23},"end":{"line":38,"column":39}}]},"4":{"loc":{"start":{"line":45,"column":4},"end":{"line":47,"column":5}},"type":"if","locations":[{"start":{"line":45,"column":4},"end":{"line":47,"column":5}}]}},"s":{"0":1,"1":1,"2":1,"3":1,"4":1,"5":1,"6":0,"7":0,"8":0,"9":0,"10":0,"11":0,"12":1},"f":{"0":1,"1":0},"b":{"0":[1,1],"1":[1,1],"2":[0],"3":[0,0],"4":[0]}}
,"D:\\labs\\course-project\\auth-screen\\src\\constants\\roles.ts": {"path":"D:\\labs\\course-project\\auth-screen\\src\\constants\\roles.ts","statementMap":{"0":{"start":{"line":8,"column":13},"end":{"line":12,"column":11}},"1":{"start":{"line":20,"column":13},"end":{"line":24,"column":2}},"2":{"start":{"line":30,"column":13},"end":{"line":35,"column":2}}},"fnMap":{},"branchMap":{},"s":{"0":3,"1":3,"2":3},"f":{},"b":{}}
,"D:\\labs\\course-project\\auth-screen\\src\\context\\MockAuth0Context.tsx": {"path":"D:\\labs\\course-project\\auth-screen\\src\\context\\MockAuth0Context.tsx","statementMap":{"0":{"start":{"line":1,"column":0},"end":{"line":1,"column":78}},"1":{"start":{"line":2,"column":0},"end":{"line":2,"column":53}},"2":{"start":{"line":26,"column":25},"end":{"line":26,"column":83}},"3":{"start":{"line":28,"column":74},"end":{"line":102,"column":1}},"4":{"start":{"line":29,"column":36},"end":{"line":29,"column":51}},"5":{"start":{"line":30,"column":28},"end":{"line":30,"column":70}},"6":{"start":{"line":31,"column":26},"end":{"line":31,"column":57}},"7":{"start":{"line":34,"column":2},"end":{"line":43,"column":9}},"8":{"start":{"line":35,"column":23},"end":{"line":35,"column":56}},"9":{"start":{"line":36,"column":4},"end":{"line":42,"column":5}},"10":{"start":{"line":37,"column":6},"end":{"line":41,"column":7}},"11":{"start":{"line":38,"column":8},"end":{"line":38,"column":40}},"12":{"start":{"line":40,"column":8},"end":{"line":40,"column":57}},"13":{"start":{"line":45,"column":28},"end":{"line":88,"column":3}},"14":{"start":{"line":46,"column":4},"end":{"line":46,"column":23}},"15":{"start":{"line":47,"column":4},"end":{"line":47,"column":19}},"16":{"start":{"line":49,"column":4},"end":{"line":87,"column":5}},"17":{"start":{"line":51,"column":6},"end":{"line":51,"column":63}},"18":{"start":{"line":51,"column":37},"end":{"line":51,"column":61}},"19":{"start":{"line":55,"column":6},"end":{"line":55,"column":53}},"20":{"start":{"line":58,"column":27},"end":{"line":58,"column":42}},"21":{"start":{"line":59,"column":20},"end":{"line":59,"column":82}},"22":{"start":{"line":61,"column":6},"end":{"line":65,"column":7}},"23":{"start":{"line":62,"column":8},"end":{"line":62,"column":31}},"24":{"start":{"line":63,"column":13},"end":{"line":65,"column":7}},"25":{"start":{"line":64,"column":8},"end":{"line":64,"column":27}},"26":{"start":{"line":68,"column":33},"end":{"line":73,"column":8}},"27":{"start":{"line":75,"column":6},"end":{"line":75,"column":66}},"28":{"start":{"line":76,"column":6},"end":{"line":76,"column":24}},"29":{"start":{"line":80,"column":6},"end":{"line":80,"column":57}},"30":{"start":{"line":82,"column":6},"end":{"line":82,"column":44}},"31":{"start":{"line":84,"column":6},"end":{"line":84,"column":46}},"32":{"start":{"line":86,"column":6},"end":{"line":86,"column":26}},"33":{"start":{"line":90,"column":17},"end":{"line":95,"column":3}},"34":{"start":{"line":91,"column":4},"end":{"line":91,"column":41}},"35":{"start":{"line":92,"column":4},"end":{"line":92,"column":18}},"36":{"start":{"line":94,"column":4},"end":{"line":94,"column":35}},"37":{"start":{"line":97,"column":2},"end":{"line":101,"column":4}},"38":{"start":{"line":28,"column":13},"end":{"line":28,"column":74}},"39":{"start":{"line":104,"column":28},"end":{"line":110,"column":1}},"40":{"start":{"line":105,"column":18},"end":{"line":105,"column":46}},"41":{"start":{"line":106,"column":2},"end":{"line":108,"column":3}},"42":{"start":{"line":107,"column":4},"end":{"line":107,"column":74}},"43":{"start":{"line":109,"column":2},"end":{"line":109,"column":17}},"44":{"start":{"line":104,"column":13},"end":{"line":104,"column":28}}},"fnMap":{"0":{"name":"(anonymous_0)","decl":{"start":{"line":28,"column":74},"end":{"line":28,"column":75}},"loc":{"start":{"line":28,"column":91},"end":{"line":102,"column":1}}},"1":{"name":"(anonymous_1)","decl":{"start":{"line":34,"column":12},"end":{"line":34,"column":15}},"loc":{"start":{"line":34,"column":17},"end":{"line":43,"column":3}}},"2":{"name":"(anonymous_2)","decl":{"start":{"line":45,"column":28},"end":{"line":45,"column":33}},"loc":{"start":{"line":45,"column":61},"end":{"line":88,"column":3}}},"3":{"name":"(anonymous_3)","decl":{"start":{"line":51,"column":24},"end":{"line":51,"column":25}},"loc":{"start":{"line":51,"column":37},"end":{"line":51,"column":61}}},"4":{"name":"(anonymous_4)","decl":{"start":{"line":90,"column":17},"end":{"line":90,"column":20}},"loc":{"start":{"line":90,"column":22},"end":{"line":95,"column":3}}},"5":{"name":"(anonymous_5)","decl":{"start":{"line":104,"column":28},"end":{"line":104,"column":31}},"loc":{"start":{"line":104,"column":33},"end":{"line":110,"column":1}}}},"branchMap":{"0":{"loc":{"start":{"line":36,"column":4},"end":{"line":42,"column":5}},"type":"if","locations":[{"start":{"line":36,"column":4},"end":{"line":42,"column":5}}]},"1":{"loc":{"start":{"line":59,"column":20},"end":{"line":59,"column":82}},"type":"binary-expr","locations":[{"start":{"line":59,"column":20},"end":{"line":59,"column":60}},{"start":{"line":59,"column":64},"end":{"line":59,"column":82}}]},"2":{"loc":{"start":{"line":61,"column":6},"end":{"line":65,"column":7}},"type":"if","locations":[{"start":{"line":61,"column":6},"end":{"line":65,"column":7}},{"start":{"line":63,"column":13},"end":{"line":65,"column":7}}]},"3":{"loc":{"start":{"line":61,"column":10},"end":{"line":61,"column":63}},"type":"binary-expr","locations":[{"start":{"line":61,"column":10},"end":{"line":61,"column":37}},{"start":{"line":61,"column":41},"end":{"line":61,"column":63}}]},"4":{"loc":{"start":{"line":63,"column":13},"end":{"line":65,"column":7}},"type":"if","locations":[{"start":{"line":63,"column":13},"end":{"line":65,"column":7}}]},"5":{"loc":{"start":{"line":106,"column":2},"end":{"line":108,"column":3}},"type":"if","locations":[{"start":{"line":106,"column":2},"end":{"line":108,"column":3}}]}},"s":{"0":3,"1":3,"2":3,"3":3,"4":10,"5":10,"6":10,"7":10,"8":10,"9":10,"10":0,"11":0,"12":0,"13":10,"14":0,"15":0,"16":0,"17":0,"18":0,"19":0,"20":0,"21":0,"22":0,"23":0,"24":0,"25":0,"26":0,"27":0,"28":0,"29":0,"30":0,"31":0,"32":0,"33":10,"34":0,"35":0,"36":0,"37":10,"38":3,"39":3,"40":9,"41":9,"42":0,"43":9,"44":3},"f":{"0":10,"1":10,"2":0,"3":0,"4":0,"5":9},"b":{"0":[0],"1":[0,0],"2":[0,0],"3":[0,0],"4":[0],"5":[0]}}
,"D:\\labs\\course-project\\auth-screen\\src\\pages\\Dashboard.tsx": {"path":"D:\\labs\\course-project\\auth-screen\\src\\pages\\Dashboard.tsx","statementMap":{"0":{"start":{"line":2,"column":0},"end":{"line":2,"column":59}},"1":{"start":{"line":3,"column":0},"end":{"line":3,"column":43}},"2":{"start":{"line":11,"column":28},"end":{"line":124,"column":1}},"3":{"start":{"line":12,"column":27},"end":{"line":12,"column":41}},"4":{"start":{"line":14,"column":2},"end":{"line":16,"column":3}},"5":{"start":{"line":15,"column":4},"end":{"line":15,"column":33}},"6":{"start":{"line":18,"column":30},"end":{"line":81,"column":3}},"7":{"start":{"line":19,"column":4},"end":{"line":80,"column":5}},"8":{"start":{"line":21,"column":8},"end":{"line":40,"column":10}},"9":{"start":{"line":43,"column":8},"end":{"line":60,"column":10}},"10":{"start":{"line":64,"column":8},"end":{"line":79,"column":10}},"11":{"start":{"line":83,"column":2},"end":{"line":123,"column":4}},"12":{"start":{"line":126,"column":0},"end":{"line":126,"column":25}}},"fnMap":{"0":{"name":"(anonymous_0)","decl":{"start":{"line":11,"column":28},"end":{"line":11,"column":31}},"loc":{"start":{"line":11,"column":33},"end":{"line":124,"column":1}}},"1":{"name":"(anonymous_1)","decl":{"start":{"line":18,"column":30},"end":{"line":18,"column":33}},"loc":{"start":{"line":18,"column":35},"end":{"line":81,"column":3}}}},"branchMap":{"0":{"loc":{"start":{"line":14,"column":2},"end":{"line":16,"column":3}},"type":"if","locations":[{"start":{"line":14,"column":2},"end":{"line":16,"column":3}}]},"1":{"loc":{"start":{"line":19,"column":4},"end":{"line":80,"column":5}},"type":"switch","locations":[{"start":{"line":20,"column":6},"end":{"line":40,"column":10}},{"start":{"line":42,"column":6},"end":{"line":60,"column":10}},{"start":{"line":62,"column":6},"end":{"line":62,"column":27}},{"start":{"line":63,"column":6},"end":{"line":79,"column":10}}]}},"s":{"0":1,"1":1,"2":1,"3":0,"4":0,"5":0,"6":0,"7":0,"8":0,"9":0,"10":0,"11":0,"12":1},"f":{"0":0,"1":0},"b":{"0":[0],"1":[0,0,0,0]}}
,"D:\\labs\\course-project\\auth-screen\\src\\pages\\EvaluationQueue.tsx": {"path":"D:\\labs\\course-project\\auth-screen\\src\\pages\\EvaluationQueue.tsx","statementMap":{"0":{"start":{"line":2,"column":0},"end":{"line":2,"column":59}},"1":{"start":{"line":10,"column":34},"end":{"line":47,"column":1}},"2":{"start":{"line":11,"column":19},"end":{"line":11,"column":33}},"3":{"start":{"line":13,"column":2},"end":{"line":46,"column":4}},"4":{"start":{"line":25,"column":14},"end":{"line":25,"column":28}},"5":{"start":{"line":49,"column":0},"end":{"line":49,"column":31}}},"fnMap":{"0":{"name":"(anonymous_0)","decl":{"start":{"line":10,"column":34},"end":{"line":10,"column":37}},"loc":{"start":{"line":10,"column":39},"end":{"line":47,"column":1}}},"1":{"name":"(anonymous_1)","decl":{"start":{"line":24,"column":27},"end":{"line":24,"column":28}},"loc":{"start":{"line":25,"column":14},"end":{"line":25,"column":28}}}},"branchMap":{},"s":{"0":1,"1":1,"2":0,"3":0,"4":0,"5":1},"f":{"0":0,"1":0},"b":{}}
,"D:\\labs\\course-project\\auth-screen\\src\\pages\\LoginPage.tsx": {"path":"D:\\labs\\course-project\\auth-screen\\src\\pages\\LoginPage.tsx","statementMap":{"0":{"start":{"line":1,"column":0},"end":{"line":1,"column":40}},"1":{"start":{"line":2,"column":0},"end":{"line":2,"column":40}},"2":{"start":{"line":3,"column":0},"end":{"line":3,"column":59}},"3":{"start":{"line":25,"column":28},"end":{"line":155,"column":1}},"4":{"start":{"line":26,"column":50},"end":{"line":26,"column":64}},"5":{"start":{"line":27,"column":34},"end":{"line":30,"column":4}},"6":{"start":{"line":31,"column":38},"end":{"line":31,"column":67}},"7":{"start":{"line":33,"column":28},"end":{"line":40,"column":3}},"8":{"start":{"line":34,"column":26},"end":{"line":34,"column":41}},"9":{"start":{"line":35,"column":4},"end":{"line":38,"column":8}},"10":{"start":{"line":35,"column":27},"end":{"line":38,"column":6}},"11":{"start":{"line":39,"column":4},"end":{"line":39,"column":24}},"12":{"start":{"line":42,"column":23},"end":{"line":62,"column":3}},"13":{"start":{"line":43,"column":4},"end":{"line":43,"column":23}},"14":{"start":{"line":46,"column":4},"end":{"line":49,"column":5}},"15":{"start":{"line":47,"column":6},"end":{"line":47,"column":61}},"16":{"start":{"line":48,"column":6},"end":{"line":48,"column":13}},"17":{"start":{"line":51,"column":4},"end":{"line":61,"column":5}},"18":{"start":{"line":53,"column":6},"end":{"line":57,"column":9}},"19":{"start":{"line":60,"column":6},"end":{"line":60,"column":68}},"20":{"start":{"line":64,"column":23},"end":{"line":64,"column":98}},"21":{"start":{"line":66,"column":2},"end":{"line":154,"column":4}},"22":{"start":{"line":157,"column":0},"end":{"line":157,"column":25}}},"fnMap":{"0":{"name":"(anonymous_0)","decl":{"start":{"line":25,"column":28},"end":{"line":25,"column":31}},"loc":{"start":{"line":25,"column":33},"end":{"line":155,"column":1}}},"1":{"name":"(anonymous_1)","decl":{"start":{"line":33,"column":28},"end":{"line":33,"column":29}},"loc":{"start":{"line":33,"column":77},"end":{"line":40,"column":3}}},"2":{"name":"(anonymous_2)","decl":{"start":{"line":35,"column":16},"end":{"line":35,"column":17}},"loc":{"start":{"line":35,"column":27},"end":{"line":38,"column":6}}},"3":{"name":"(anonymous_3)","decl":{"start":{"line":42,"column":23},"end":{"line":42,"column":28}},"loc":{"start":{"line":42,"column":84},"end":{"line":62,"column":3}}}},"branchMap":{"0":{"loc":{"start":{"line":46,"column":4},"end":{"line":49,"column":5}},"type":"if","locations":[{"start":{"line":46,"column":4},"end":{"line":49,"column":5}}]},"1":{"loc":{"start":{"line":46,"column":8},"end":{"line":46,"column":45}},"type":"binary-expr","locations":[{"start":{"line":46,"column":8},"end":{"line":46,"column":23}},{"start":{"line":46,"column":27},"end":{"line":46,"column":45}}]},"2":{"loc":{"start":{"line":64,"column":23},"end":{"line":64,"column":98}},"type":"cond-expr","locations":[{"start":{"line":64,"column":45},"end":{"line":64,"column":91}},{"start":{"line":64,"column":94},"end":{"line":64,"column":98}}]},"3":{"loc":{"start":{"line":64,"column":23},"end":{"line":64,"column":42}},"type":"binary-expr","locations":[{"start":{"line":64,"column":23},"end":{"line":64,"column":28}},{"start":{"line":64,"column":32},"end":{"line":64,"column":42}}]},"4":{"loc":{"start":{"line":73,"column":9},"end":{"line":80,"column":null}},"type":"binary-expr","locations":[{"start":{"line":73,"column":9},"end":{"line":73,"column":21}},{"start":{"line":74,"column":10},"end":{"line":79,"column":null}}]},"5":{"loc":{"start":{"line":129,"column":13},"end":{"line":135,"column":null}},"type":"cond-expr","locations":[{"start":{"line":130,"column":14},"end":{"line":131,"column":null}},{"start":{"line":135,"column":14},"end":{"line":135,"column":23}}]}},"s":{"0":2,"1":2,"2":2,"3":2,"4":5,"5":5,"6":5,"7":5,"8":0,"9":0,"10":0,"11":0,"12":5,"13":0,"14":0,"15":0,"16":0,"17":0,"18":0,"19":0,"20":5,"21":5,"22":2},"f":{"0":5,"1":0,"2":0,"3":0},"b":{"0":[0],"1":[0,0],"2":[0,5],"3":[5,5],"4":[5,0],"5":[0,5]}}
,"D:\\labs\\course-project\\auth-screen\\src\\pages\\RegistrationPage.tsx": {"path":"D:\\labs\\course-project\\auth-screen\\src\\pages\\RegistrationPage.tsx","statementMap":{"0":{"start":{"line":1,"column":0},"end":{"line":1,"column":40}},"1":{"start":{"line":2,"column":0},"end":{"line":2,"column":40}},"2":{"start":{"line":3,"column":0},"end":{"line":3,"column":59}},"3":{"start":{"line":27,"column":35},"end":{"line":191,"column":1}},"4":{"start":{"line":28,"column":50},"end":{"line":28,"column":64}},"5":{"start":{"line":29,"column":34},"end":{"line":33,"column":4}},"6":{"start":{"line":34,"column":38},"end":{"line":34,"column":67}},"7":{"start":{"line":36,"column":28},"end":{"line":43,"column":3}},"8":{"start":{"line":37,"column":26},"end":{"line":37,"column":41}},"9":{"start":{"line":38,"column":4},"end":{"line":41,"column":8}},"10":{"start":{"line":38,"column":27},"end":{"line":41,"column":6}},"11":{"start":{"line":42,"column":4},"end":{"line":42,"column":24}},"12":{"start":{"line":45,"column":23},"end":{"line":76,"column":3}},"13":{"start":{"line":46,"column":4},"end":{"line":46,"column":23}},"14":{"start":{"line":49,"column":4},"end":{"line":52,"column":5}},"15":{"start":{"line":50,"column":6},"end":{"line":50,"column":50}},"16":{"start":{"line":51,"column":6},"end":{"line":51,"column":13}},"17":{"start":{"line":54,"column":4},"end":{"line":57,"column":5}},"18":{"start":{"line":55,"column":6},"end":{"line":55,"column":65}},"19":{"start":{"line":56,"column":6},"end":{"line":56,"column":13}},"20":{"start":{"line":59,"column":4},"end":{"line":62,"column":5}},"21":{"start":{"line":60,"column":6},"end":{"line":60,"column":68}},"22":{"start":{"line":61,"column":6},"end":{"line":61,"column":13}},"23":{"start":{"line":64,"column":4},"end":{"line":75,"column":5}},"24":{"start":{"line":66,"column":6},"end":{"line":71,"column":9}},"25":{"start":{"line":74,"column":6},"end":{"line":74,"column":62}},"26":{"start":{"line":79,"column":4},"end":{"line":79,"column":96}},"27":{"start":{"line":80,"column":2},"end":{"line":190,"column":4}},"28":{"start":{"line":193,"column":0},"end":{"line":193,"column":32}}},"fnMap":{"0":{"name":"(anonymous_0)","decl":{"start":{"line":27,"column":35},"end":{"line":27,"column":38}},"loc":{"start":{"line":27,"column":40},"end":{"line":191,"column":1}}},"1":{"name":"(anonymous_1)","decl":{"start":{"line":36,"column":28},"end":{"line":36,"column":29}},"loc":{"start":{"line":36,"column":77},"end":{"line":43,"column":3}}},"2":{"name":"(anonymous_2)","decl":{"start":{"line":38,"column":16},"end":{"line":38,"column":17}},"loc":{"start":{"line":38,"column":27},"end":{"line":41,"column":6}}},"3":{"name":"(anonymous_3)","decl":{"start":{"line":45,"column":23},"end":{"line":45,"column":28}},"loc":{"start":{"line":45,"column":84},"end":{"line":76,"column":3}}}},"branchMap":{"0":{"loc":{"start":{"line":49,"column":4},"end":{"line":52,"column":5}},"type":"if","locations":[{"start":{"line":49,"column":4},"end":{"line":52,"column":5}}]},"1":{"loc":{"start":{"line":49,"column":8},"end":{"line":49,"column":74}},"type":"binary-expr","locations":[{"start":{"line":49,"column":8},"end":{"line":49,"column":23}},{"start":{"line":49,"column":27},"end":{"line":49,"column":45}},{"start":{"line":49,"column":49},"end":{"line":49,"column":74}}]},"2":{"loc":{"start":{"line":54,"column":4},"end":{"line":57,"column":5}},"type":"if","locations":[{"start":{"line":54,"column":4},"end":{"line":57,"column":5}}]},"3":{"loc":{"start":{"line":59,"column":4},"end":{"line":62,"column":5}},"type":"if","locations":[{"start":{"line":59,"column":4},"end":{"line":62,"column":5}}]},"4":{"loc":{"start":{"line":79,"column":4},"end":{"line":79,"column":96}},"type":"cond-expr","locations":[{"start":{"line":79,"column":27},"end":{"line":79,"column":88}},{"start":{"line":79,"column":92},"end":{"line":79,"column":96}}]},"5":{"loc":{"start":{"line":79,"column":4},"end":{"line":79,"column":23}},"type":"binary-expr","locations":[{"start":{"line":79,"column":4},"end":{"line":79,"column":9}},{"start":{"line":79,"column":13},"end":{"line":79,"column":23}}]},"6":{"loc":{"start":{"line":79,"column":27},"end":{"line":79,"column":88}},"type":"cond-expr","locations":[{"start":{"line":79,"column":35},"end":{"line":79,"column":75}},{"start":{"line":79,"column":78},"end":{"line":79,"column":88}}]},"7":{"loc":{"start":{"line":87,"column":9},"end":{"line":94,"column":null}},"type":"binary-expr","locations":[{"start":{"line":87,"column":9},"end":{"line":87,"column":21}},{"start":{"line":88,"column":10},"end":{"line":93,"column":null}}]},"8":{"loc":{"start":{"line":165,"column":13},"end":{"line":171,"column":null}},"type":"cond-expr","locations":[{"start":{"line":166,"column":14},"end":{"line":167,"column":null}},{"start":{"line":171,"column":14},"end":{"line":171,"column":30}}]}},"s":{"0":2,"1":2,"2":2,"3":2,"4":4,"5":4,"6":4,"7":4,"8":0,"9":0,"10":0,"11":0,"12":4,"13":0,"14":0,"15":0,"16":0,"17":0,"18":0,"19":0,"20":0,"21":0,"22":0,"23":0,"24":0,"25":0,"26":4,"27":4,"28":2},"f":{"0":4,"1":0,"2":0,"3":0},"b":{"0":[0],"1":[0,0,0],"2":[0],"3":[0],"4":[0,4],"5":[4,4],"6":[0,0],"7":[4,0],"8":[0,4]}}
}
