{"D:\\labs\\course-project\\auth-screen\\src\\App.tsx": {"path":"D:\\labs\\course-project\\auth-screen\\src\\App.tsx","statementMap":{"0":{"start":{"line":1,"column":0},"end":{"line":1,"column":52}},"1":{"start":{"line":2,"column":0},"end":{"line":2,"column":59}},"2":{"start":{"line":3,"column":0},"end":{"line":3,"column":42}},"3":{"start":{"line":4,"column":0},"end":{"line":4,"column":56}},"4":{"start":{"line":5,"column":0},"end":{"line":5,"column":42}},"5":{"start":{"line":6,"column":0},"end":{"line":6,"column":54}},"6":{"start":{"line":7,"column":0},"end":{"line":7,"column":52}},"7":{"start":{"line":8,"column":0},"end":{"line":8,"column":48}},"8":{"start":{"line":9,"column":0},"end":{"line":9,"column":57}},"9":{"start":{"line":10,"column":0},"end":{"line":10,"column":41}},"10":{"start":{"line":11,"column":0},"end":{"line":11,"column":63}},"11":{"start":{"line":12,"column":0},"end":{"line":12,"column":42}},"12":{"start":{"line":35,"column":4},"end":{"line":35,"column":17}},"13":{"start":{"line":36,"column":4},"end":{"line":36,"column":50}},"14":{"start":{"line":40,"column":4},"end":{"line":40,"column":37}},"15":{"start":{"line":45,"column":4},"end":{"line":45,"column":51}},"16":{"start":{"line":47,"column":4},"end":{"line":47,"column":64}},"17":{"start":{"line":49,"column":4},"end":{"line":49,"column":106}},"18":{"start":{"line":53,"column":4},"end":{"line":88,"column":5}},"19":{"start":{"line":54,"column":6},"end":{"line":87,"column":8}},"20":{"start":{"line":90,"column":4},"end":{"line":90,"column":31}},"21":{"start":{"line":98,"column":28},"end":{"line":143,"column":null}},"22":{"start":{"line":99,"column":2},"end":{"line":142,"column":null}},"23":{"start":{"line":151,"column":29},"end":{"line":163,"column":1}},"24":{"start":{"line":153,"column":2},"end":{"line":153,"column":40}},"25":{"start":{"line":155,"column":2},"end":{"line":162,"column":4}},"26":{"start":{"line":174,"column":22},"end":{"line":185,"column":1}},"27":{"start":{"line":176,"column":2},"end":{"line":176,"column":81}},"28":{"start":{"line":178,"column":2},"end":{"line":184,"column":4}},"29":{"start":{"line":187,"column":0},"end":{"line":187,"column":19}}},"fnMap":{"0":{"name":"(anonymous_1)","decl":{"start":{"line":34,"column":2},"end":{"line":34,"column":14}},"loc":{"start":{"line":34,"column":39},"end":{"line":37,"column":3}}},"1":{"name":"(anonymous_2)","decl":{"start":{"line":39,"column":2},"end":{"line":39,"column":8}},"loc":{"start":{"line":39,"column":46},"end":{"line":41,"column":3}}},"2":{"name":"(anonymous_3)","decl":{"start":{"line":43,"column":2},"end":{"line":43,"column":19}},"loc":{"start":{"line":43,"column":54},"end":{"line":50,"column":3}}},"3":{"name":"(anonymous_4)","decl":{"start":{"line":52,"column":2},"end":{"line":52,"column":8}},"loc":{"start":{"line":52,"column":8},"end":{"line":91,"column":3}}},"4":{"name":"(anonymous_5)","decl":{"start":{"line":98,"column":28},"end":{"line":98,"column":31}},"loc":{"start":{"line":99,"column":2},"end":{"line":142,"column":null}}},"5":{"name":"(anonymous_6)","decl":{"start":{"line":151,"column":29},"end":{"line":151,"column":32}},"loc":{"start":{"line":151,"column":34},"end":{"line":163,"column":1}}},"6":{"name":"(anonymous_7)","decl":{"start":{"line":174,"column":22},"end":{"line":174,"column":25}},"loc":{"start":{"line":174,"column":27},"end":{"line":185,"column":1}}}},"branchMap":{"0":{"loc":{"start":{"line":53,"column":4},"end":{"line":88,"column":5}},"type":"if","locations":[{"start":{"line":53,"column":4},"end":{"line":88,"column":5}}]}},"s":{"0":0,"1":0,"2":0,"3":0,"4":0,"5":0,"6":0,"7":0,"8":0,"9":0,"10":0,"11":0,"12":0,"13":0,"14":0,"15":0,"16":0,"17":0,"18":0,"19":0,"20":0,"21":0,"22":0,"23":0,"24":0,"25":0,"26":0,"27":0,"28":0,"29":0},"f":{"0":0,"1":0,"2":0,"3":0,"4":0,"5":0,"6":0},"b":{"0":[0]}}
,"D:\\labs\\course-project\\auth-screen\\src\\AppDebug.tsx": {"path":"D:\\labs\\course-project\\auth-screen\\src\\AppDebug.tsx","statementMap":{"0":{"start":{"line":1,"column":0},"end":{"line":1,"column":26}},"1":{"start":{"line":3,"column":27},"end":{"line":32,"column":1}},"2":{"start":{"line":4,"column":22},"end":{"line":4,"column":75}},"3":{"start":{"line":4,"column":43},"end":{"line":4,"column":74}},"4":{"start":{"line":6,"column":2},"end":{"line":10,"column":18}},"5":{"start":{"line":7,"column":4},"end":{"line":7,"column":56}},"6":{"start":{"line":9,"column":4},"end":{"line":9,"column":68}},"7":{"start":{"line":12,"column":2},"end":{"line":31,"column":4}},"8":{"start":{"line":34,"column":0},"end":{"line":34,"column":24}}},"fnMap":{"0":{"name":"(anonymous_1)","decl":{"start":{"line":3,"column":27},"end":{"line":3,"column":30}},"loc":{"start":{"line":3,"column":32},"end":{"line":32,"column":1}}},"1":{"name":"(anonymous_2)","decl":{"start":{"line":4,"column":37},"end":{"line":4,"column":40}},"loc":{"start":{"line":4,"column":43},"end":{"line":4,"column":74}}},"2":{"name":"(anonymous_3)","decl":{"start":{"line":6,"column":18},"end":{"line":6,"column":21}},"loc":{"start":{"line":6,"column":23},"end":{"line":10,"column":3}}}},"branchMap":{},"s":{"0":0,"1":0,"2":0,"3":0,"4":0,"5":0,"6":0,"7":0,"8":0},"f":{"0":0,"1":0,"2":0},"b":{}}
,"D:\\labs\\course-project\\auth-screen\\src\\AppMinimal.tsx": {"path":"D:\\labs\\course-project\\auth-screen\\src\\AppMinimal.tsx","statementMap":{"0":{"start":{"line":1,"column":0},"end":{"line":1,"column":26}},"1":{"start":{"line":4,"column":29},"end":{"line":46,"column":1}},"2":{"start":{"line":5,"column":2},"end":{"line":10,"column":9}},"3":{"start":{"line":6,"column":4},"end":{"line":6,"column":50}},"4":{"start":{"line":7,"column":4},"end":{"line":9,"column":6}},"5":{"start":{"line":8,"column":6},"end":{"line":8,"column":52}},"6":{"start":{"line":12,"column":2},"end":{"line":45,"column":4}},"7":{"start":{"line":48,"column":0},"end":{"line":48,"column":26}}},"fnMap":{"0":{"name":"(anonymous_1)","decl":{"start":{"line":4,"column":29},"end":{"line":4,"column":32}},"loc":{"start":{"line":4,"column":34},"end":{"line":46,"column":1}}},"1":{"name":"(anonymous_2)","decl":{"start":{"line":5,"column":18},"end":{"line":5,"column":21}},"loc":{"start":{"line":5,"column":23},"end":{"line":10,"column":3}}},"2":{"name":"(anonymous_3)","decl":{"start":{"line":7,"column":11},"end":{"line":7,"column":14}},"loc":{"start":{"line":7,"column":16},"end":{"line":9,"column":5}}}},"branchMap":{},"s":{"0":0,"1":0,"2":0,"3":0,"4":0,"5":0,"6":0,"7":0},"f":{"0":0,"1":0,"2":0},"b":{}}
,"D:\\labs\\course-project\\auth-screen\\src\\AppSimple.tsx": {"path":"D:\\labs\\course-project\\auth-screen\\src\\AppSimple.tsx","statementMap":{"0":{"start":{"line":1,"column":0},"end":{"line":1,"column":26}},"1":{"start":{"line":2,"column":0},"end":{"line":2,"column":63}},"2":{"start":{"line":3,"column":0},"end":{"line":3,"column":42}},"3":{"start":{"line":8,"column":28},"end":{"line":18,"column":1}},"4":{"start":{"line":9,"column":2},"end":{"line":11,"column":9}},"5":{"start":{"line":10,"column":4},"end":{"line":10,"column":39}},"6":{"start":{"line":13,"column":2},"end":{"line":17,"column":4}},"7":{"start":{"line":20,"column":0},"end":{"line":20,"column":25}}},"fnMap":{"0":{"name":"(anonymous_1)","decl":{"start":{"line":8,"column":28},"end":{"line":8,"column":31}},"loc":{"start":{"line":8,"column":33},"end":{"line":18,"column":1}}},"1":{"name":"(anonymous_2)","decl":{"start":{"line":9,"column":18},"end":{"line":9,"column":21}},"loc":{"start":{"line":9,"column":23},"end":{"line":11,"column":3}}}},"branchMap":{},"s":{"0":0,"1":0,"2":0,"3":0,"4":0,"5":0,"6":0,"7":0},"f":{"0":0,"1":0},"b":{}}
,"D:\\labs\\course-project\\auth-screen\\src\\__backend__\\prisma.schema.reference.ts": {"path":"D:\\labs\\course-project\\auth-screen\\src\\__backend__\\prisma.schema.reference.ts","statementMap":{"0":{"start":{"line":81,"column":13},"end":{"line":84,"column":2}}},"fnMap":{},"branchMap":{},"s":{"0":0},"f":{},"b":{}}
,"D:\\labs\\course-project\\auth-screen\\src\\__backend__\\routes\\ideas.routes.reference.ts": {"path":"D:\\labs\\course-project\\auth-screen\\src\\__backend__\\routes\\ideas.routes.reference.ts","statementMap":{"0":{"start":{"line":187,"column":13},"end":{"line":216,"column":2}}},"fnMap":{},"branchMap":{},"s":{"0":0},"f":{},"b":{}}
,"D:\\labs\\course-project\\auth-screen\\src\\__backend__\\services\\ideas.service.backend.ts": {"path":"D:\\labs\\course-project\\auth-screen\\src\\__backend__\\services\\ideas.service.backend.ts","statementMap":{"0":{"start":{"line":9,"column":0},"end":{"line":9,"column":82}},"1":{"start":{"line":33,"column":14},"end":{"line":33,"column":49}},"2":{"start":{"line":43,"column":4},"end":{"line":67,"column":5}},"3":{"start":{"line":45,"column":28},"end":{"line":45,"column":60}},"4":{"start":{"line":52,"column":19},"end":{"line":60,"column":8}},"5":{"start":{"line":62,"column":6},"end":{"line":62,"column":18}},"6":{"start":{"line":65,"column":22},"end":{"line":65,"column":86}},"7":{"start":{"line":66,"column":6},"end":{"line":66,"column":31}},"8":{"start":{"line":78,"column":4},"end":{"line":108,"column":5}},"9":{"start":{"line":79,"column":19},"end":{"line":79,"column":37}},"10":{"start":{"line":82,"column":29},"end":{"line":93,"column":8}},"11":{"start":{"line":95,"column":6},"end":{"line":105,"column":8}},"12":{"start":{"line":107,"column":6},"end":{"line":107,"column":47}},"13":{"start":{"line":120,"column":4},"end":{"line":139,"column":5}},"14":{"start":{"line":121,"column":19},"end":{"line":125,"column":8}},"15":{"start":{"line":128,"column":6},"end":{"line":130,"column":7}},"16":{"start":{"line":129,"column":8},"end":{"line":129,"column":42}},"17":{"start":{"line":132,"column":6},"end":{"line":134,"column":7}},"18":{"start":{"line":133,"column":8},"end":{"line":133,"column":75}},"19":{"start":{"line":136,"column":6},"end":{"line":136,"column":18}},"20":{"start":{"line":138,"column":6},"end":{"line":138,"column":79}},"21":{"start":{"line":150,"column":4},"end":{"line":175,"column":5}},"22":{"start":{"line":152,"column":28},"end":{"line":152,"column":60}},"23":{"start":{"line":155,"column":19},"end":{"line":155,"column":57}},"24":{"start":{"line":158,"column":6},"end":{"line":160,"column":7}},"25":{"start":{"line":159,"column":8},"end":{"line":159,"column":72}},"26":{"start":{"line":163,"column":22},"end":{"line":170,"column":8}},"27":{"start":{"line":172,"column":6},"end":{"line":172,"column":21}},"28":{"start":{"line":174,"column":6},"end":{"line":174,"column":80}},"29":{"start":{"line":184,"column":4},"end":{"line":201,"column":5}},"30":{"start":{"line":186,"column":19},"end":{"line":186,"column":57}},"31":{"start":{"line":189,"column":6},"end":{"line":191,"column":7}},"32":{"start":{"line":190,"column":8},"end":{"line":190,"column":74}},"33":{"start":{"line":194,"column":6},"end":{"line":196,"column":9}},"34":{"start":{"line":198,"column":6},"end":{"line":198,"column":69}},"35":{"start":{"line":200,"column":6},"end":{"line":200,"column":80}},"36":{"start":{"line":211,"column":17},"end":{"line":211,"column":35}},"37":{"start":{"line":213,"column":27},"end":{"line":222,"column":6}},"38":{"start":{"line":224,"column":4},"end":{"line":232,"column":6}},"39":{"start":{"line":29,"column":0},"end":{"line":29,"column":13}},"40":{"start":{"line":236,"column":0},"end":{"line":236,"column":35}}},"fnMap":{"0":{"name":"(anonymous_0)","decl":{"start":{"line":33,"column":2},"end":{"line":33,"column":14}},"loc":{"start":{"line":33,"column":46},"end":{"line":33,"column":50}}},"1":{"name":"(anonymous_1)","decl":{"start":{"line":42,"column":2},"end":{"line":42,"column":7}},"loc":{"start":{"line":42,"column":63},"end":{"line":68,"column":3}}},"2":{"name":"(anonymous_2)","decl":{"start":{"line":77,"column":2},"end":{"line":77,"column":7}},"loc":{"start":{"line":77,"column":73},"end":{"line":109,"column":3}}},"3":{"name":"(anonymous_3)","decl":{"start":{"line":119,"column":2},"end":{"line":119,"column":7}},"loc":{"start":{"line":119,"column":50},"end":{"line":140,"column":3}}},"4":{"name":"(anonymous_4)","decl":{"start":{"line":149,"column":2},"end":{"line":149,"column":7}},"loc":{"start":{"line":149,"column":79},"end":{"line":176,"column":3}}},"5":{"name":"(anonymous_5)","decl":{"start":{"line":183,"column":2},"end":{"line":183,"column":7}},"loc":{"start":{"line":183,"column":49},"end":{"line":202,"column":3}}},"6":{"name":"(anonymous_6)","decl":{"start":{"line":210,"column":2},"end":{"line":210,"column":7}},"loc":{"start":{"line":210,"column":77},"end":{"line":233,"column":3}}}},"branchMap":{"0":{"loc":{"start":{"line":65,"column":22},"end":{"line":65,"column":86}},"type":"cond-expr","locations":[{"start":{"line":65,"column":47},"end":{"line":65,"column":60}},{"start":{"line":65,"column":63},"end":{"line":65,"column":86}}]},"1":{"loc":{"start":{"line":77,"column":37},"end":{"line":77,"column":53}},"type":"default-arg","locations":[{"start":{"line":77,"column":52},"end":{"line":77,"column":53}}]},"2":{"loc":{"start":{"line":77,"column":55},"end":{"line":77,"column":73}},"type":"default-arg","locations":[{"start":{"line":77,"column":71},"end":{"line":77,"column":73}}]},"3":{"loc":{"start":{"line":128,"column":6},"end":{"line":130,"column":7}},"type":"if","locations":[{"start":{"line":128,"column":6},"end":{"line":130,"column":7}}]},"4":{"loc":{"start":{"line":132,"column":6},"end":{"line":134,"column":7}},"type":"if","locations":[{"start":{"line":132,"column":6},"end":{"line":134,"column":7}}]},"5":{"loc":{"start":{"line":138,"column":12},"end":{"line":138,"column":78}},"type":"cond-expr","locations":[{"start":{"line":138,"column":37},"end":{"line":138,"column":42}},{"start":{"line":138,"column":45},"end":{"line":138,"column":78}}]},"6":{"loc":{"start":{"line":158,"column":6},"end":{"line":160,"column":7}},"type":"if","locations":[{"start":{"line":158,"column":6},"end":{"line":160,"column":7}}]},"7":{"loc":{"start":{"line":174,"column":12},"end":{"line":174,"column":79}},"type":"cond-expr","locations":[{"start":{"line":174,"column":37},"end":{"line":174,"column":42}},{"start":{"line":174,"column":45},"end":{"line":174,"column":79}}]},"8":{"loc":{"start":{"line":189,"column":6},"end":{"line":191,"column":7}},"type":"if","locations":[{"start":{"line":189,"column":6},"end":{"line":191,"column":7}}]},"9":{"loc":{"start":{"line":200,"column":12},"end":{"line":200,"column":79}},"type":"cond-expr","locations":[{"start":{"line":200,"column":37},"end":{"line":200,"column":42}},{"start":{"line":200,"column":45},"end":{"line":200,"column":79}}]},"10":{"loc":{"start":{"line":210,"column":41},"end":{"line":210,"column":57}},"type":"default-arg","locations":[{"start":{"line":210,"column":56},"end":{"line":210,"column":57}}]},"11":{"loc":{"start":{"line":210,"column":59},"end":{"line":210,"column":77}},"type":"default-arg","locations":[{"start":{"line":210,"column":75},"end":{"line":210,"column":77}}]}},"s":{"0":0,"1":0,"2":0,"3":0,"4":0,"5":0,"6":0,"7":0,"8":0,"9":0,"10":0,"11":0,"12":0,"13":0,"14":0,"15":0,"16":0,"17":0,"18":0,"19":0,"20":0,"21":0,"22":0,"23":0,"24":0,"25":0,"26":0,"27":0,"28":0,"29":0,"30":0,"31":0,"32":0,"33":0,"34":0,"35":0,"36":0,"37":0,"38":0,"39":0,"40":0},"f":{"0":0,"1":0,"2":0,"3":0,"4":0,"5":0,"6":0},"b":{"0":[0,0],"1":[0],"2":[0],"3":[0],"4":[0],"5":[0,0],"6":[0],"7":[0,0],"8":[0],"9":[0,0],"10":[0],"11":[0]}}
,"D:\\labs\\course-project\\auth-screen\\src\\api\\client.ts": {"path":"D:\\labs\\course-project\\auth-screen\\src\\api\\client.ts","statementMap":{"0":{"start":{"line":58,"column":0},"end":{"line":58,"column":7}},"1":{"start":{"line":83,"column":0},"end":{"line":83,"column":16}},"2":{"start":{"line":93,"column":0},"end":{"line":93,"column":16}},"3":{"start":{"line":108,"column":0},"end":{"line":108,"column":16}},"4":{"start":{"line":123,"column":0},"end":{"line":123,"column":16}},"5":{"start":{"line":133,"column":0},"end":{"line":133,"column":16}},"6":{"start":{"line":6,"column":21},"end":{"line":6,"column":48}},"7":{"start":{"line":16,"column":2},"end":{"line":20,"column":3}},"8":{"start":{"line":17,"column":4},"end":{"line":17,"column":46}},"9":{"start":{"line":19,"column":4},"end":{"line":19,"column":16}},"10":{"start":{"line":27,"column":42},"end":{"line":30,"column":4}},"11":{"start":{"line":32,"column":16},"end":{"line":32,"column":30}},"12":{"start":{"line":33,"column":2},"end":{"line":35,"column":3}},"13":{"start":{"line":34,"column":4},"end":{"line":34,"column":49}},"14":{"start":{"line":37,"column":2},"end":{"line":37,"column":17}},"15":{"start":{"line":44,"column":14},"end":{"line":44,"column":51}},"16":{"start":{"line":46,"column":2},"end":{"line":50,"column":3}},"17":{"start":{"line":47,"column":4},"end":{"line":49,"column":7}},"18":{"start":{"line":48,"column":6},"end":{"line":48,"column":50}},"19":{"start":{"line":52,"column":2},"end":{"line":52,"column":24}},"20":{"start":{"line":62,"column":38},"end":{"line":62,"column":51}},"21":{"start":{"line":64,"column":14},"end":{"line":64,"column":40}},"22":{"start":{"line":65,"column":18},"end":{"line":65,"column":37}},"23":{"start":{"line":67,"column":19},"end":{"line":70,"column":4}},"24":{"start":{"line":72,"column":2},"end":{"line":75,"column":3}},"25":{"start":{"line":73,"column":18},"end":{"line":73,"column":87}},"26":{"start":{"line":73,"column":53},"end":{"line":73,"column":85}},"27":{"start":{"line":74,"column":4},"end":{"line":74,"column":70}},"28":{"start":{"line":77,"column":2},"end":{"line":77,"column":25}},"29":{"start":{"line":87,"column":2},"end":{"line":87,"column":64}},"30":{"start":{"line":98,"column":2},"end":{"line":102,"column":5}},"31":{"start":{"line":113,"column":2},"end":{"line":117,"column":5}},"32":{"start":{"line":127,"column":2},"end":{"line":127,"column":67}},"33":{"start":{"line":138,"column":2},"end":{"line":142,"column":5}}},"fnMap":{"0":{"name":"getAuthToken","decl":{"start":{"line":15,"column":9},"end":{"line":15,"column":21}},"loc":{"start":{"line":15,"column":21},"end":{"line":21,"column":1}}},"1":{"name":"getHeaders","decl":{"start":{"line":26,"column":9},"end":{"line":26,"column":19}},"loc":{"start":{"line":26,"column":44},"end":{"line":38,"column":1}}},"2":{"name":"buildUrl","decl":{"start":{"line":43,"column":9},"end":{"line":43,"column":17}},"loc":{"start":{"line":43,"column":86},"end":{"line":53,"column":1}}},"3":{"name":"(anonymous_3)","decl":{"start":{"line":47,"column":35},"end":{"line":47,"column":36}},"loc":{"start":{"line":47,"column":52},"end":{"line":49,"column":5}}},"4":{"name":"apiRequest","decl":{"start":{"line":58,"column":22},"end":{"line":58,"column":32}},"loc":{"start":{"line":60,"column":26},"end":{"line":78,"column":1}}},"5":{"name":"(anonymous_5)","decl":{"start":{"line":73,"column":46},"end":{"line":73,"column":49}},"loc":{"start":{"line":73,"column":53},"end":{"line":73,"column":85}}},"6":{"name":"apiGet","decl":{"start":{"line":83,"column":16},"end":{"line":83,"column":22}},"loc":{"start":{"line":85,"column":51},"end":{"line":88,"column":1}}},"7":{"name":"apiPost","decl":{"start":{"line":93,"column":16},"end":{"line":93,"column":23}},"loc":{"start":{"line":96,"column":51},"end":{"line":103,"column":1}}},"8":{"name":"apiPut","decl":{"start":{"line":108,"column":16},"end":{"line":108,"column":22}},"loc":{"start":{"line":111,"column":51},"end":{"line":118,"column":1}}},"9":{"name":"apiDelete","decl":{"start":{"line":123,"column":16},"end":{"line":123,"column":25}},"loc":{"start":{"line":125,"column":51},"end":{"line":128,"column":1}}},"10":{"name":"apiPatch","decl":{"start":{"line":133,"column":16},"end":{"line":133,"column":24}},"loc":{"start":{"line":136,"column":51},"end":{"line":143,"column":1}}}},"branchMap":{"0":{"loc":{"start":{"line":29,"column":9},"end":{"line":29,"column":58}},"type":"binary-expr","locations":[{"start":{"line":29,"column":9},"end":{"line":29,"column":52}},{"start":{"line":29,"column":56},"end":{"line":29,"column":58}}]},"1":{"loc":{"start":{"line":33,"column":2},"end":{"line":35,"column":3}},"type":"if","locations":[{"start":{"line":33,"column":2},"end":{"line":35,"column":3}}]},"2":{"loc":{"start":{"line":46,"column":2},"end":{"line":50,"column":3}},"type":"if","locations":[{"start":{"line":46,"column":2},"end":{"line":50,"column":3}}]},"3":{"loc":{"start":{"line":62,"column":38},"end":{"line":62,"column":51}},"type":"binary-expr","locations":[{"start":{"line":62,"column":38},"end":{"line":62,"column":45}},{"start":{"line":62,"column":49},"end":{"line":62,"column":51}}]},"4":{"loc":{"start":{"line":72,"column":2},"end":{"line":75,"column":3}},"type":"if","locations":[{"start":{"line":72,"column":2},"end":{"line":75,"column":3}}]},"5":{"loc":{"start":{"line":74,"column":20},"end":{"line":74,"column":68}},"type":"binary-expr","locations":[{"start":{"line":74,"column":20},"end":{"line":74,"column":33}},{"start":{"line":74,"column":37},"end":{"line":74,"column":68}}]},"6":{"loc":{"start":{"line":101,"column":10},"end":{"line":101,"column":49}},"type":"cond-expr","locations":[{"start":{"line":101,"column":17},"end":{"line":101,"column":37}},{"start":{"line":101,"column":40},"end":{"line":101,"column":49}}]},"7":{"loc":{"start":{"line":116,"column":10},"end":{"line":116,"column":49}},"type":"cond-expr","locations":[{"start":{"line":116,"column":17},"end":{"line":116,"column":37}},{"start":{"line":116,"column":40},"end":{"line":116,"column":49}}]},"8":{"loc":{"start":{"line":141,"column":10},"end":{"line":141,"column":49}},"type":"cond-expr","locations":[{"start":{"line":141,"column":17},"end":{"line":141,"column":37}},{"start":{"line":141,"column":40},"end":{"line":141,"column":49}}]}},"s":{"0":0,"1":0,"2":0,"3":0,"4":0,"5":0,"6":0,"7":0,"8":0,"9":0,"10":0,"11":0,"12":0,"13":0,"14":0,"15":0,"16":0,"17":0,"18":0,"19":0,"20":0,"21":0,"22":0,"23":0,"24":0,"25":0,"26":0,"27":0,"28":0,"29":0,"30":0,"31":0,"32":0,"33":0},"f":{"0":0,"1":0,"2":0,"3":0,"4":0,"5":0,"6":0,"7":0,"8":0,"9":0,"10":0},"b":{"0":[0,0],"1":[0],"2":[0],"3":[0,0],"4":[0],"5":[0,0],"6":[0,0],"7":[0,0],"8":[0,0]}}
,"D:\\labs\\course-project\\auth-screen\\src\\components\\AttachmentsSection.tsx": {"path":"D:\\labs\\course-project\\auth-screen\\src\\components\\AttachmentsSection.tsx","statementMap":{"0":{"start":{"line":13,"column":0},"end":{"line":13,"column":26}},"1":{"start":{"line":31,"column":23},"end":{"line":39,"column":1}},"2":{"start":{"line":32,"column":2},"end":{"line":32,"column":32}},"3":{"start":{"line":32,"column":19},"end":{"line":32,"column":32}},"4":{"start":{"line":34,"column":16},"end":{"line":34,"column":39}},"5":{"start":{"line":35,"column":12},"end":{"line":35,"column":16}},"6":{"start":{"line":36,"column":12},"end":{"line":36,"column":53}},"7":{"start":{"line":38,"column":2},"end":{"line":38,"column":73}},"8":{"start":{"line":44,"column":25},"end":{"line":53,"column":1}},"9":{"start":{"line":45,"column":2},"end":{"line":45,"column":44}},"10":{"start":{"line":45,"column":32},"end":{"line":45,"column":44}},"11":{"start":{"line":48,"column":20},"end":{"line":48,"column":57}},"12":{"start":{"line":49,"column":19},"end":{"line":49,"column":59}},"13":{"start":{"line":50,"column":20},"end":{"line":50,"column":75}},"14":{"start":{"line":52,"column":2},"end":{"line":52,"column":39}},"15":{"start":{"line":58,"column":20},"end":{"line":78,"column":1}},"16":{"start":{"line":59,"column":14},"end":{"line":59,"column":73}},"17":{"start":{"line":61,"column":2},"end":{"line":77,"column":3}},"18":{"start":{"line":63,"column":6},"end":{"line":63,"column":18}},"19":{"start":{"line":66,"column":6},"end":{"line":66,"column":18}},"20":{"start":{"line":69,"column":6},"end":{"line":69,"column":18}},"21":{"start":{"line":74,"column":6},"end":{"line":74,"column":19}},"22":{"start":{"line":76,"column":6},"end":{"line":76,"column":18}},"23":{"start":{"line":86,"column":62},"end":{"line":169,"column":1}},"24":{"start":{"line":87,"column":2},"end":{"line":89,"column":3}},"25":{"start":{"line":88,"column":4},"end":{"line":88,"column":16}},"26":{"start":{"line":91,"column":21},"end":{"line":99,"column":3}},"27":{"start":{"line":92,"column":4},"end":{"line":98,"column":7}},"28":{"start":{"line":101,"column":25},"end":{"line":119,"column":3}},"29":{"start":{"line":102,"column":4},"end":{"line":118,"column":5}},"30":{"start":{"line":104,"column":6},"end":{"line":114,"column":7}},"31":{"start":{"line":105,"column":21},"end":{"line":105,"column":48}},"32":{"start":{"line":106,"column":8},"end":{"line":106,"column":39}},"33":{"start":{"line":107,"column":8},"end":{"line":107,"column":48}},"34":{"start":{"line":108,"column":8},"end":{"line":108,"column":40}},"35":{"start":{"line":109,"column":8},"end":{"line":109,"column":21}},"36":{"start":{"line":110,"column":8},"end":{"line":110,"column":40}},"37":{"start":{"line":113,"column":8},"end":{"line":113,"column":76}},"38":{"start":{"line":121,"column":2},"end":{"line":168,"column":4}},"39":{"start":{"line":129,"column":10},"end":{"line":130,"column":null}},"40":{"start":{"line":157,"column":29},"end":{"line":157,"column":55}},"41":{"start":{"line":171,"column":0},"end":{"line":171,"column":34}}},"fnMap":{"0":{"name":"(anonymous_1)","decl":{"start":{"line":31,"column":23},"end":{"line":31,"column":24}},"loc":{"start":{"line":31,"column":49},"end":{"line":39,"column":1}}},"1":{"name":"(anonymous_2)","decl":{"start":{"line":44,"column":25},"end":{"line":44,"column":26}},"loc":{"start":{"line":44,"column":74},"end":{"line":53,"column":1}}},"2":{"name":"(anonymous_3)","decl":{"start":{"line":58,"column":20},"end":{"line":58,"column":21}},"loc":{"start":{"line":58,"column":49},"end":{"line":78,"column":1}}},"3":{"name":"(anonymous_4)","decl":{"start":{"line":86,"column":62},"end":{"line":86,"column":63}},"loc":{"start":{"line":86,"column":82},"end":{"line":169,"column":1}}},"4":{"name":"(anonymous_5)","decl":{"start":{"line":91,"column":21},"end":{"line":91,"column":22}},"loc":{"start":{"line":91,"column":53},"end":{"line":99,"column":3}}},"5":{"name":"(anonymous_6)","decl":{"start":{"line":101,"column":25},"end":{"line":101,"column":26}},"loc":{"start":{"line":101,"column":52},"end":{"line":119,"column":3}}},"6":{"name":"(anonymous_7)","decl":{"start":{"line":128,"column":25},"end":{"line":128,"column":26}},"loc":{"start":{"line":129,"column":10},"end":{"line":130,"column":null}}},"7":{"name":"(anonymous_8)","decl":{"start":{"line":157,"column":23},"end":{"line":157,"column":26}},"loc":{"start":{"line":157,"column":29},"end":{"line":157,"column":55}}}},"branchMap":{"0":{"loc":{"start":{"line":32,"column":2},"end":{"line":32,"column":32}},"type":"if","locations":[{"start":{"line":32,"column":2},"end":{"line":32,"column":32}}]},"1":{"loc":{"start":{"line":44,"column":40},"end":{"line":44,"column":62}},"type":"default-arg","locations":[{"start":{"line":44,"column":60},"end":{"line":44,"column":62}}]},"2":{"loc":{"start":{"line":45,"column":2},"end":{"line":45,"column":44}},"type":"if","locations":[{"start":{"line":45,"column":2},"end":{"line":45,"column":44}}]},"3":{"loc":{"start":{"line":61,"column":2},"end":{"line":77,"column":3}},"type":"switch","locations":[{"start":{"line":62,"column":4},"end":{"line":63,"column":18}},{"start":{"line":64,"column":4},"end":{"line":64,"column":16}},{"start":{"line":65,"column":4},"end":{"line":66,"column":18}},{"start":{"line":67,"column":4},"end":{"line":67,"column":16}},{"start":{"line":68,"column":4},"end":{"line":69,"column":18}},{"start":{"line":70,"column":4},"end":{"line":70,"column":16}},{"start":{"line":71,"column":4},"end":{"line":71,"column":17}},{"start":{"line":72,"column":4},"end":{"line":72,"column":16}},{"start":{"line":73,"column":4},"end":{"line":74,"column":19}},{"start":{"line":75,"column":4},"end":{"line":76,"column":18}}]},"4":{"loc":{"start":{"line":87,"column":2},"end":{"line":89,"column":3}},"type":"if","locations":[{"start":{"line":87,"column":2},"end":{"line":89,"column":3}}]},"5":{"loc":{"start":{"line":87,"column":6},"end":{"line":87,"column":46}},"type":"binary-expr","locations":[{"start":{"line":87,"column":6},"end":{"line":87,"column":18}},{"start":{"line":87,"column":22},"end":{"line":87,"column":46}}]},"6":{"loc":{"start":{"line":104,"column":6},"end":{"line":114,"column":7}},"type":"if","locations":[{"start":{"line":104,"column":6},"end":{"line":114,"column":7}},{"start":{"line":111,"column":13},"end":{"line":114,"column":7}}]}},"s":{"0":0,"1":0,"2":0,"3":0,"4":0,"5":0,"6":0,"7":0,"8":0,"9":0,"10":0,"11":0,"12":0,"13":0,"14":0,"15":0,"16":0,"17":0,"18":0,"19":0,"20":0,"21":0,"22":0,"23":0,"24":0,"25":0,"26":0,"27":0,"28":0,"29":0,"30":0,"31":0,"32":0,"33":0,"34":0,"35":0,"36":0,"37":0,"38":0,"39":0,"40":0,"41":0},"f":{"0":0,"1":0,"2":0,"3":0,"4":0,"5":0,"6":0,"7":0},"b":{"0":[0],"1":[0],"2":[0],"3":[0,0,0,0,0,0,0,0,0,0],"4":[0],"5":[0,0],"6":[0,0]}}
,"D:\\labs\\course-project\\auth-screen\\src\\components\\BulkActionsBar.tsx": {"path":"D:\\labs\\course-project\\auth-screen\\src\\components\\BulkActionsBar.tsx","statementMap":{"0":{"start":{"line":8,"column":0},"end":{"line":8,"column":26}},"1":{"start":{"line":25,"column":54},"end":{"line":93,"column":1}},"2":{"start":{"line":34,"column":24},"end":{"line":34,"column":70}},"3":{"start":{"line":35,"column":23},"end":{"line":35,"column":40}},"4":{"start":{"line":37,"column":2},"end":{"line":92,"column":4}},"5":{"start":{"line":45,"column":29},"end":{"line":45,"column":58}},"6":{"start":{"line":58,"column":29},"end":{"line":58,"column":51}},"7":{"start":{"line":67,"column":29},"end":{"line":67,"column":45}},"8":{"start":{"line":95,"column":0},"end":{"line":95,"column":30}}},"fnMap":{"0":{"name":"(anonymous_1)","decl":{"start":{"line":25,"column":54},"end":{"line":25,"column":55}},"loc":{"start":{"line":33,"column":5},"end":{"line":93,"column":1}}},"1":{"name":"(anonymous_2)","decl":{"start":{"line":45,"column":22},"end":{"line":45,"column":23}},"loc":{"start":{"line":45,"column":29},"end":{"line":45,"column":58}}},"2":{"name":"(anonymous_3)","decl":{"start":{"line":58,"column":23},"end":{"line":58,"column":26}},"loc":{"start":{"line":58,"column":29},"end":{"line":58,"column":51}}},"3":{"name":"(anonymous_4)","decl":{"start":{"line":67,"column":23},"end":{"line":67,"column":26}},"loc":{"start":{"line":67,"column":29},"end":{"line":67,"column":45}}}},"branchMap":{"0":{"loc":{"start":{"line":27,"column":2},"end":{"line":27,"column":18}},"type":"default-arg","locations":[{"start":{"line":27,"column":16},"end":{"line":27,"column":18}}]},"1":{"loc":{"start":{"line":34,"column":24},"end":{"line":34,"column":70}},"type":"binary-expr","locations":[{"start":{"line":34,"column":24},"end":{"line":34,"column":52}},{"start":{"line":34,"column":56},"end":{"line":34,"column":70}}]},"2":{"loc":{"start":{"line":50,"column":13},"end":{"line":50,"column":83}},"type":"cond-expr","locations":[{"start":{"line":50,"column":33},"end":{"line":50,"column":66}},{"start":{"line":50,"column":69},"end":{"line":50,"column":83}}]},"3":{"loc":{"start":{"line":55,"column":9},"end":{"line":83,"column":null}},"type":"binary-expr","locations":[{"start":{"line":55,"column":9},"end":{"line":55,"column":21}},{"start":{"line":56,"column":10},"end":{"line":82,"column":null}}]},"4":{"loc":{"start":{"line":59,"column":24},"end":{"line":59,"column":65}},"type":"binary-expr","locations":[{"start":{"line":59,"column":24},"end":{"line":59,"column":37}},{"start":{"line":59,"column":41},"end":{"line":59,"column":65}}]},"5":{"loc":{"start":{"line":61,"column":21},"end":{"line":61,"column":87}},"type":"cond-expr","locations":[{"start":{"line":61,"column":48},"end":{"line":61,"column":82}},{"start":{"line":61,"column":85},"end":{"line":61,"column":87}}]},"6":{"loc":{"start":{"line":68,"column":24},"end":{"line":68,"column":65}},"type":"binary-expr","locations":[{"start":{"line":68,"column":24},"end":{"line":68,"column":37}},{"start":{"line":68,"column":41},"end":{"line":68,"column":65}}]},"7":{"loc":{"start":{"line":70,"column":21},"end":{"line":70,"column":87}},"type":"cond-expr","locations":[{"start":{"line":70,"column":48},"end":{"line":70,"column":82}},{"start":{"line":70,"column":85},"end":{"line":70,"column":87}}]},"8":{"loc":{"start":{"line":77,"column":24},"end":{"line":77,"column":65}},"type":"binary-expr","locations":[{"start":{"line":77,"column":24},"end":{"line":77,"column":37}},{"start":{"line":77,"column":41},"end":{"line":77,"column":65}}]},"9":{"loc":{"start":{"line":79,"column":21},"end":{"line":79,"column":79}},"type":"cond-expr","locations":[{"start":{"line":79,"column":48},"end":{"line":79,"column":74}},{"start":{"line":79,"column":77},"end":{"line":79,"column":79}}]},"10":{"loc":{"start":{"line":87,"column":9},"end":{"line":88,"column":null}},"type":"binary-expr","locations":[{"start":{"line":87,"column":9},"end":{"line":87,"column":21}},{"start":{"line":87,"column":25},"end":{"line":87,"column":49}},{"start":{"line":88,"column":10},"end":{"line":88,"column":86}}]}},"s":{"0":0,"1":0,"2":0,"3":0,"4":0,"5":0,"6":0,"7":0,"8":0},"f":{"0":0,"1":0,"2":0,"3":0},"b":{"0":[0],"1":[0,0],"2":[0,0],"3":[0,0],"4":[0,0],"5":[0,0],"6":[0,0],"7":[0,0],"8":[0,0],"9":[0,0],"10":[0,0,0]}}
,"D:\\labs\\course-project\\auth-screen\\src\\components\\EmptyResultsState.tsx": {"path":"D:\\labs\\course-project\\auth-screen\\src\\components\\EmptyResultsState.tsx","statementMap":{"0":{"start":{"line":15,"column":0},"end":{"line":15,"column":26}},"1":{"start":{"line":27,"column":67},"end":{"line":57,"column":1}},"2":{"start":{"line":31,"column":2},"end":{"line":56,"column":4}},"3":{"start":{"line":27,"column":13},"end":{"line":27,"column":67}}},"fnMap":{"0":{"name":"(anonymous_1)","decl":{"start":{"line":27,"column":67},"end":{"line":27,"column":68}},"loc":{"start":{"line":30,"column":5},"end":{"line":57,"column":1}}}},"branchMap":{"0":{"loc":{"start":{"line":28,"column":2},"end":{"line":28,"column":20}},"type":"default-arg","locations":[{"start":{"line":28,"column":15},"end":{"line":28,"column":20}}]},"1":{"loc":{"start":{"line":38,"column":9},"end":{"line":38,"column":68}},"type":"cond-expr","locations":[{"start":{"line":38,"column":22},"end":{"line":38,"column":51}},{"start":{"line":38,"column":54},"end":{"line":38,"column":68}}]},"2":{"loc":{"start":{"line":41,"column":9},"end":{"line":43,"column":72}},"type":"cond-expr","locations":[{"start":{"line":42,"column":12},"end":{"line":42,"column":74}},{"start":{"line":43,"column":12},"end":{"line":43,"column":72}}]},"3":{"loc":{"start":{"line":45,"column":7},"end":{"line":53,"column":null}},"type":"binary-expr","locations":[{"start":{"line":45,"column":7},"end":{"line":45,"column":17}},{"start":{"line":45,"column":21},"end":{"line":45,"column":35}},{"start":{"line":46,"column":8},"end":{"line":50,"column":null}}]}},"s":{"0":0,"1":0,"2":0,"3":0},"f":{"0":0},"b":{"0":[0],"1":[0,0],"2":[0,0],"3":[0,0,0]}}
,"D:\\labs\\course-project\\auth-screen\\src\\components\\EvaluationHistory.tsx": {"path":"D:\\labs\\course-project\\auth-screen\\src\\components\\EvaluationHistory.tsx","statementMap":{"0":{"start":{"line":8,"column":0},"end":{"line":8,"column":26}},"1":{"start":{"line":16,"column":23},"end":{"line":25,"column":1}},"2":{"start":{"line":17,"column":2},"end":{"line":24,"column":5}},"3":{"start":{"line":32,"column":60},"end":{"line":85,"column":1}},"4":{"start":{"line":33,"column":2},"end":{"line":39,"column":3}},"5":{"start":{"line":34,"column":4},"end":{"line":38,"column":6}},"6":{"start":{"line":41,"column":2},"end":{"line":84,"column":4}},"7":{"start":{"line":47,"column":10},"end":{"line":48,"column":null}},"8":{"start":{"line":87,"column":0},"end":{"line":87,"column":33}}},"fnMap":{"0":{"name":"(anonymous_1)","decl":{"start":{"line":16,"column":23},"end":{"line":16,"column":24}},"loc":{"start":{"line":16,"column":46},"end":{"line":25,"column":1}}},"1":{"name":"(anonymous_2)","decl":{"start":{"line":32,"column":60},"end":{"line":32,"column":61}},"loc":{"start":{"line":32,"column":80},"end":{"line":85,"column":1}}},"2":{"name":"(anonymous_3)","decl":{"start":{"line":46,"column":25},"end":{"line":46,"column":26}},"loc":{"start":{"line":47,"column":10},"end":{"line":48,"column":null}}}},"branchMap":{"0":{"loc":{"start":{"line":33,"column":2},"end":{"line":39,"column":3}},"type":"if","locations":[{"start":{"line":33,"column":2},"end":{"line":39,"column":3}}]},"1":{"loc":{"start":{"line":58,"column":16},"end":{"line":62,"column":null}},"type":"cond-expr","locations":[{"start":{"line":59,"column":20},"end":{"line":59,"column":49}},{"start":{"line":60,"column":20},"end":{"line":62,"column":null}}]},"2":{"loc":{"start":{"line":60,"column":20},"end":{"line":62,"column":null}},"type":"cond-expr","locations":[{"start":{"line":61,"column":20},"end":{"line":61,"column":45}},{"start":{"line":62,"column":20},"end":{"line":62,"column":null}}]},"3":{"loc":{"start":{"line":70,"column":13},"end":{"line":78,"column":null}},"type":"binary-expr","locations":[{"start":{"line":70,"column":13},"end":{"line":70,"column":31}},{"start":{"line":71,"column":14},"end":{"line":75,"column":null}}]}},"s":{"0":0,"1":0,"2":0,"3":0,"4":0,"5":0,"6":0,"7":0,"8":0},"f":{"0":0,"1":0,"2":0},"b":{"0":[0],"1":[0,0],"2":[0,0],"3":[0,0]}}
,"D:\\labs\\course-project\\auth-screen\\src\\components\\EvaluationModal.tsx": {"path":"D:\\labs\\course-project\\auth-screen\\src\\components\\EvaluationModal.tsx","statementMap":{"0":{"start":{"line":8,"column":0},"end":{"line":8,"column":40}},"1":{"start":{"line":9,"column":0},"end":{"line":9,"column":66}},"2":{"start":{"line":24,"column":56},"end":{"line":173,"column":1}},"3":{"start":{"line":31,"column":30},"end":{"line":31,"column":65}},"4":{"start":{"line":32,"column":34},"end":{"line":32,"column":46}},"5":{"start":{"line":33,"column":32},"end":{"line":33,"column":50}},"6":{"start":{"line":34,"column":28},"end":{"line":34,"column":46}},"7":{"start":{"line":35,"column":32},"end":{"line":35,"column":47}},"8":{"start":{"line":37,"column":2},"end":{"line":37,"column":36}},"9":{"start":{"line":37,"column":24},"end":{"line":37,"column":36}},"10":{"start":{"line":39,"column":23},"end":{"line":65,"column":3}},"11":{"start":{"line":40,"column":4},"end":{"line":40,"column":23}},"12":{"start":{"line":41,"column":4},"end":{"line":41,"column":24}},"13":{"start":{"line":43,"column":4},"end":{"line":46,"column":5}},"14":{"start":{"line":44,"column":6},"end":{"line":44,"column":40}},"15":{"start":{"line":45,"column":6},"end":{"line":45,"column":13}},"16":{"start":{"line":48,"column":4},"end":{"line":51,"column":5}},"17":{"start":{"line":49,"column":6},"end":{"line":49,"column":58}},"18":{"start":{"line":50,"column":6},"end":{"line":50,"column":13}},"19":{"start":{"line":53,"column":4},"end":{"line":64,"column":5}},"20":{"start":{"line":54,"column":6},"end":{"line":54,"column":48}},"21":{"start":{"line":55,"column":6},"end":{"line":55,"column":23}},"22":{"start":{"line":56,"column":6},"end":{"line":61,"column":15}},"23":{"start":{"line":57,"column":8},"end":{"line":57,"column":26}},"24":{"start":{"line":58,"column":8},"end":{"line":58,"column":24}},"25":{"start":{"line":59,"column":8},"end":{"line":59,"column":30}},"26":{"start":{"line":60,"column":8},"end":{"line":60,"column":18}},"27":{"start":{"line":63,"column":6},"end":{"line":63,"column":72}},"28":{"start":{"line":67,"column":23},"end":{"line":72,"column":3}},"29":{"start":{"line":68,"column":4},"end":{"line":68,"column":20}},"30":{"start":{"line":69,"column":4},"end":{"line":69,"column":26}},"31":{"start":{"line":70,"column":4},"end":{"line":70,"column":24}},"32":{"start":{"line":71,"column":4},"end":{"line":71,"column":14}},"33":{"start":{"line":74,"column":2},"end":{"line":172,"column":4}},"34":{"start":{"line":92,"column":31},"end":{"line":92,"column":76}},"35":{"start":{"line":108,"column":31},"end":{"line":108,"column":72}},"36":{"start":{"line":127,"column":16},"end":{"line":130,"column":17}},"37":{"start":{"line":129,"column":18},"end":{"line":129,"column":65}},"38":{"start":{"line":175,"column":0},"end":{"line":175,"column":31}}},"fnMap":{"0":{"name":"(anonymous_9)","decl":{"start":{"line":24,"column":56},"end":{"line":24,"column":57}},"loc":{"start":{"line":30,"column":5},"end":{"line":173,"column":1}}},"1":{"name":"(anonymous_10)","decl":{"start":{"line":39,"column":23},"end":{"line":39,"column":28}},"loc":{"start":{"line":39,"column":52},"end":{"line":65,"column":3}}},"2":{"name":"(anonymous_11)","decl":{"start":{"line":56,"column":17},"end":{"line":56,"column":20}},"loc":{"start":{"line":56,"column":22},"end":{"line":61,"column":7}}},"3":{"name":"(anonymous_12)","decl":{"start":{"line":67,"column":23},"end":{"line":67,"column":26}},"loc":{"start":{"line":67,"column":28},"end":{"line":72,"column":3}}},"4":{"name":"(anonymous_13)","decl":{"start":{"line":92,"column":24},"end":{"line":92,"column":25}},"loc":{"start":{"line":92,"column":31},"end":{"line":92,"column":76}}},"5":{"name":"(anonymous_14)","decl":{"start":{"line":108,"column":24},"end":{"line":108,"column":25}},"loc":{"start":{"line":108,"column":31},"end":{"line":108,"column":72}}},"6":{"name":"(anonymous_15)","decl":{"start":{"line":126,"column":24},"end":{"line":126,"column":25}},"loc":{"start":{"line":126,"column":30},"end":{"line":131,"column":15}}}},"branchMap":{"0":{"loc":{"start":{"line":27,"column":2},"end":{"line":27,"column":19}},"type":"default-arg","locations":[{"start":{"line":27,"column":14},"end":{"line":27,"column":19}}]},"1":{"loc":{"start":{"line":37,"column":2},"end":{"line":37,"column":36}},"type":"if","locations":[{"start":{"line":37,"column":2},"end":{"line":37,"column":36}}]},"2":{"loc":{"start":{"line":37,"column":6},"end":{"line":37,"column":22}},"type":"binary-expr","locations":[{"start":{"line":37,"column":6},"end":{"line":37,"column":13}},{"start":{"line":37,"column":17},"end":{"line":37,"column":22}}]},"3":{"loc":{"start":{"line":43,"column":4},"end":{"line":46,"column":5}},"type":"if","locations":[{"start":{"line":43,"column":4},"end":{"line":46,"column":5}}]},"4":{"loc":{"start":{"line":48,"column":4},"end":{"line":51,"column":5}},"type":"if","locations":[{"start":{"line":48,"column":4},"end":{"line":51,"column":5}}]},"5":{"loc":{"start":{"line":63,"column":16},"end":{"line":63,"column":70}},"type":"binary-expr","locations":[{"start":{"line":63,"column":16},"end":{"line":63,"column":37}},{"start":{"line":63,"column":41},"end":{"line":63,"column":70}}]},"6":{"loc":{"start":{"line":127,"column":16},"end":{"line":130,"column":17}},"type":"if","locations":[{"start":{"line":127,"column":16},"end":{"line":130,"column":17}}]},"7":{"loc":{"start":{"line":138,"column":11},"end":{"line":141,"column":null}},"type":"binary-expr","locations":[{"start":{"line":138,"column":11},"end":{"line":138,"column":16}},{"start":{"line":139,"column":12},"end":{"line":140,"column":null}}]},"8":{"loc":{"start":{"line":145,"column":11},"end":{"line":148,"column":null}},"type":"binary-expr","locations":[{"start":{"line":145,"column":11},"end":{"line":145,"column":18}},{"start":{"line":146,"column":12},"end":{"line":146,"column":null}}]},"9":{"loc":{"start":{"line":163,"column":24},"end":{"line":163,"column":53}},"type":"binary-expr","locations":[{"start":{"line":163,"column":24},"end":{"line":163,"column":33}},{"start":{"line":163,"column":37},"end":{"line":163,"column":53}}]},"10":{"loc":{"start":{"line":166,"column":15},"end":{"line":166,"column":53}},"type":"cond-expr","locations":[{"start":{"line":166,"column":27},"end":{"line":166,"column":42}},{"start":{"line":166,"column":45},"end":{"line":166,"column":53}}]}},"s":{"0":0,"1":0,"2":0,"3":0,"4":0,"5":0,"6":0,"7":0,"8":0,"9":0,"10":0,"11":0,"12":0,"13":0,"14":0,"15":0,"16":0,"17":0,"18":0,"19":0,"20":0,"21":0,"22":0,"23":0,"24":0,"25":0,"26":0,"27":0,"28":0,"29":0,"30":0,"31":0,"32":0,"33":0,"34":0,"35":0,"36":0,"37":0,"38":0},"f":{"0":0,"1":0,"2":0,"3":0,"4":0,"5":0,"6":0},"b":{"0":[0],"1":[0],"2":[0,0],"3":[0],"4":[0],"5":[0,0],"6":[0],"7":[0,0],"8":[0,0],"9":[0,0],"10":[0,0]}}
,"D:\\labs\\course-project\\auth-screen\\src\\components\\EvaluationQueueRow.tsx": {"path":"D:\\labs\\course-project\\auth-screen\\src\\components\\EvaluationQueueRow.tsx","statementMap":{"0":{"start":{"line":8,"column":0},"end":{"line":8,"column":26}},"1":{"start":{"line":9,"column":0},"end":{"line":9,"column":40}},"2":{"start":{"line":11,"column":0},"end":{"line":11,"column":44}},"3":{"start":{"line":23,"column":62},"end":{"line":82,"column":1}},"4":{"start":{"line":24,"column":21},"end":{"line":30,"column":3}},"5":{"start":{"line":25,"column":4},"end":{"line":29,"column":7}},"6":{"start":{"line":32,"column":2},"end":{"line":81,"column":4}},"7":{"start":{"line":74,"column":25},"end":{"line":74,"column":45}},"8":{"start":{"line":84,"column":0},"end":{"line":84,"column":34}}},"fnMap":{"0":{"name":"(anonymous_1)","decl":{"start":{"line":23,"column":62},"end":{"line":23,"column":63}},"loc":{"start":{"line":23,"column":88},"end":{"line":82,"column":1}}},"1":{"name":"(anonymous_2)","decl":{"start":{"line":24,"column":21},"end":{"line":24,"column":22}},"loc":{"start":{"line":24,"column":44},"end":{"line":30,"column":3}}},"2":{"name":"(anonymous_3)","decl":{"start":{"line":74,"column":19},"end":{"line":74,"column":22}},"loc":{"start":{"line":74,"column":25},"end":{"line":74,"column":45}}}},"branchMap":{"0":{"loc":{"start":{"line":68,"column":9},"end":{"line":68,"column":66}},"type":"cond-expr","locations":[{"start":{"line":68,"column":32},"end":{"line":68,"column":60}},{"start":{"line":68,"column":63},"end":{"line":68,"column":66}}]}},"s":{"0":0,"1":0,"2":0,"3":0,"4":0,"5":0,"6":0,"7":0,"8":0},"f":{"0":0,"1":0,"2":0},"b":{"0":[0,0]}}
,"D:\\labs\\course-project\\auth-screen\\src\\components\\FileProgressBar.tsx": {"path":"D:\\labs\\course-project\\auth-screen\\src\\components\\FileProgressBar.tsx","statementMap":{"0":{"start":{"line":1,"column":0},"end":{"line":1,"column":26}},"1":{"start":{"line":9,"column":63},"end":{"line":36,"column":1}},"2":{"start":{"line":14,"column":2},"end":{"line":14,"column":32}},"3":{"start":{"line":14,"column":20},"end":{"line":14,"column":32}},"4":{"start":{"line":16,"column":2},"end":{"line":35,"column":4}},"5":{"start":{"line":9,"column":13},"end":{"line":9,"column":63}}},"fnMap":{"0":{"name":"(anonymous_1)","decl":{"start":{"line":9,"column":63},"end":{"line":9,"column":64}},"loc":{"start":{"line":13,"column":5},"end":{"line":36,"column":1}}}},"branchMap":{"0":{"loc":{"start":{"line":14,"column":2},"end":{"line":14,"column":32}},"type":"if","locations":[{"start":{"line":14,"column":2},"end":{"line":14,"column":32}}]},"1":{"loc":{"start":{"line":21,"column":11},"end":{"line":21,"column":83}},"type":"binary-expr","locations":[{"start":{"line":21,"column":11},"end":{"line":21,"column":19}},{"start":{"line":21,"column":23},"end":{"line":21,"column":83}}]}},"s":{"0":0,"1":0,"2":0,"3":0,"4":0,"5":0},"f":{"0":0},"b":{"0":[0],"1":[0,0]}}
,"D:\\labs\\course-project\\auth-screen\\src\\components\\FileUploadInput.tsx": {"path":"D:\\labs\\course-project\\auth-screen\\src\\components\\FileUploadInput.tsx","statementMap":{"0":{"start":{"line":1,"column":0},"end":{"line":1,"column":48}},"1":{"start":{"line":2,"column":0},"end":{"line":2,"column":53}},"2":{"start":{"line":11,"column":63},"end":{"line":151,"column":1}},"3":{"start":{"line":17,"column":23},"end":{"line":17,"column":53}},"4":{"start":{"line":18,"column":44},"end":{"line":18,"column":59}},"5":{"start":{"line":20,"column":27},"end":{"line":22,"column":3}},"6":{"start":{"line":21,"column":4},"end":{"line":21,"column":23}},"7":{"start":{"line":24,"column":25},"end":{"line":29,"column":3}},"8":{"start":{"line":25,"column":4},"end":{"line":25,"column":23}},"9":{"start":{"line":26,"column":4},"end":{"line":28,"column":5}},"10":{"start":{"line":27,"column":6},"end":{"line":27,"column":29}},"11":{"start":{"line":31,"column":26},"end":{"line":33,"column":3}},"12":{"start":{"line":32,"column":4},"end":{"line":32,"column":28}},"13":{"start":{"line":35,"column":21},"end":{"line":41,"column":3}},"14":{"start":{"line":36,"column":4},"end":{"line":36,"column":23}},"15":{"start":{"line":37,"column":4},"end":{"line":37,"column":28}},"16":{"start":{"line":38,"column":4},"end":{"line":40,"column":5}},"17":{"start":{"line":39,"column":6},"end":{"line":39,"column":48}},"18":{"start":{"line":43,"column":28},"end":{"line":47,"column":3}},"19":{"start":{"line":44,"column":4},"end":{"line":46,"column":5}},"20":{"start":{"line":45,"column":6},"end":{"line":45,"column":36}},"21":{"start":{"line":49,"column":2},"end":{"line":150,"column":4}},"22":{"start":{"line":69,"column":12},"end":{"line":71,"column":13}},"23":{"start":{"line":70,"column":14},"end":{"line":70,"column":50}},"24":{"start":{"line":87,"column":29},"end":{"line":87,"column":47}},"25":{"start":{"line":102,"column":14},"end":{"line":104,"column":15}},"26":{"start":{"line":103,"column":16},"end":{"line":103,"column":36}},"27":{"start":{"line":11,"column":13},"end":{"line":11,"column":63}}},"fnMap":{"0":{"name":"(anonymous_9)","decl":{"start":{"line":11,"column":63},"end":{"line":11,"column":64}},"loc":{"start":{"line":16,"column":5},"end":{"line":151,"column":1}}},"1":{"name":"(anonymous_10)","decl":{"start":{"line":20,"column":27},"end":{"line":20,"column":28}},"loc":{"start":{"line":20,"column":42},"end":{"line":22,"column":3}}},"2":{"name":"(anonymous_11)","decl":{"start":{"line":24,"column":25},"end":{"line":24,"column":26}},"loc":{"start":{"line":24,"column":48},"end":{"line":29,"column":3}}},"3":{"name":"(anonymous_12)","decl":{"start":{"line":31,"column":26},"end":{"line":31,"column":29}},"loc":{"start":{"line":31,"column":31},"end":{"line":33,"column":3}}},"4":{"name":"(anonymous_13)","decl":{"start":{"line":35,"column":21},"end":{"line":35,"column":22}},"loc":{"start":{"line":35,"column":44},"end":{"line":41,"column":3}}},"5":{"name":"(anonymous_14)","decl":{"start":{"line":43,"column":28},"end":{"line":43,"column":31}},"loc":{"start":{"line":43,"column":33},"end":{"line":47,"column":3}}},"6":{"name":"(anonymous_15)","decl":{"start":{"line":68,"column":20},"end":{"line":68,"column":21}},"loc":{"start":{"line":68,"column":26},"end":{"line":72,"column":11}}},"7":{"name":"(anonymous_16)","decl":{"start":{"line":87,"column":23},"end":{"line":87,"column":26}},"loc":{"start":{"line":87,"column":29},"end":{"line":87,"column":47}}},"8":{"name":"(anonymous_17)","decl":{"start":{"line":101,"column":23},"end":{"line":101,"column":24}},"loc":{"start":{"line":101,"column":29},"end":{"line":105,"column":13}}}},"branchMap":{"0":{"loc":{"start":{"line":15,"column":2},"end":{"line":15,"column":18}},"type":"default-arg","locations":[{"start":{"line":15,"column":13},"end":{"line":15,"column":18}}]},"1":{"loc":{"start":{"line":26,"column":4},"end":{"line":28,"column":5}},"type":"if","locations":[{"start":{"line":26,"column":4},"end":{"line":28,"column":5}}]},"2":{"loc":{"start":{"line":38,"column":4},"end":{"line":40,"column":5}},"type":"if","locations":[{"start":{"line":38,"column":4},"end":{"line":40,"column":5}}]},"3":{"loc":{"start":{"line":38,"column":8},"end":{"line":38,"column":52}},"type":"binary-expr","locations":[{"start":{"line":38,"column":8},"end":{"line":38,"column":17}},{"start":{"line":38,"column":21},"end":{"line":38,"column":52}}]},"4":{"loc":{"start":{"line":44,"column":4},"end":{"line":46,"column":5}},"type":"if","locations":[{"start":{"line":44,"column":4},"end":{"line":46,"column":5}}]},"5":{"loc":{"start":{"line":61,"column":10},"end":{"line":61,"column":null}},"type":"cond-expr","locations":[{"start":{"line":61,"column":26},"end":{"line":61,"column":54}},{"start":{"line":61,"column":57},"end":{"line":61,"column":null}}]},"6":{"loc":{"start":{"line":62,"column":12},"end":{"line":62,"column":73}},"type":"cond-expr","locations":[{"start":{"line":62,"column":23},"end":{"line":62,"column":54}},{"start":{"line":62,"column":57},"end":{"line":62,"column":73}}]},"7":{"loc":{"start":{"line":69,"column":12},"end":{"line":71,"column":13}},"type":"if","locations":[{"start":{"line":69,"column":12},"end":{"line":71,"column":13}}]},"8":{"loc":{"start":{"line":79,"column":9},"end":{"line":129,"column":null}},"type":"cond-expr","locations":[{"start":{"line":80,"column":10},"end":{"line":93,"column":null}},{"start":{"line":96,"column":10},"end":{"line":128,"column":null}}]},"9":{"loc":{"start":{"line":98,"column":23},"end":{"line":98,"column":51}},"type":"cond-expr","locations":[{"start":{"line":98,"column":34},"end":{"line":98,"column":46}},{"start":{"line":98,"column":49},"end":{"line":98,"column":51}}]},"10":{"loc":{"start":{"line":100,"column":22},"end":{"line":100,"column":39}},"type":"cond-expr","locations":[{"start":{"line":100,"column":33},"end":{"line":100,"column":35}},{"start":{"line":100,"column":38},"end":{"line":100,"column":39}}]},"11":{"loc":{"start":{"line":102,"column":14},"end":{"line":104,"column":15}},"type":"if","locations":[{"start":{"line":102,"column":14},"end":{"line":104,"column":15}}]},"12":{"loc":{"start":{"line":102,"column":18},"end":{"line":102,"column":48}},"type":"binary-expr","locations":[{"start":{"line":102,"column":18},"end":{"line":102,"column":35}},{"start":{"line":102,"column":39},"end":{"line":102,"column":48}}]},"13":{"loc":{"start":{"line":133,"column":7},"end":{"line":147,"column":null}},"type":"binary-expr","locations":[{"start":{"line":133,"column":7},"end":{"line":133,"column":12}},{"start":{"line":134,"column":8},"end":{"line":146,"column":null}}]}},"s":{"0":0,"1":0,"2":0,"3":0,"4":0,"5":0,"6":0,"7":0,"8":0,"9":0,"10":0,"11":0,"12":0,"13":0,"14":0,"15":0,"16":0,"17":0,"18":0,"19":0,"20":0,"21":0,"22":0,"23":0,"24":0,"25":0,"26":0,"27":0},"f":{"0":0,"1":0,"2":0,"3":0,"4":0,"5":0,"6":0,"7":0,"8":0},"b":{"0":[0],"1":[0],"2":[0],"3":[0,0],"4":[0],"5":[0,0],"6":[0,0],"7":[0],"8":[0,0],"9":[0,0],"10":[0,0],"11":[0],"12":[0,0],"13":[0,0]}}
,"D:\\labs\\course-project\\auth-screen\\src\\components\\FilterChips.tsx": {"path":"D:\\labs\\course-project\\auth-screen\\src\\components\\FilterChips.tsx","statementMap":{"0":{"start":{"line":17,"column":0},"end":{"line":17,"column":26}},"1":{"start":{"line":39,"column":55},"end":{"line":124,"column":1}},"2":{"start":{"line":48,"column":25},"end":{"line":57,"column":3}},"3":{"start":{"line":49,"column":45},"end":{"line":55,"column":6}},"4":{"start":{"line":56,"column":4},"end":{"line":56,"column":38}},"5":{"start":{"line":60,"column":23},"end":{"line":65,"column":3}},"6":{"start":{"line":61,"column":4},"end":{"line":63,"column":5}},"7":{"start":{"line":62,"column":6},"end":{"line":62,"column":68}},"8":{"start":{"line":64,"column":4},"end":{"line":64,"column":63}},"9":{"start":{"line":67,"column":27},"end":{"line":67,"column":55}},"10":{"start":{"line":69,"column":2},"end":{"line":71,"column":3}},"11":{"start":{"line":70,"column":4},"end":{"line":70,"column":16}},"12":{"start":{"line":73,"column":2},"end":{"line":123,"column":4}},"13":{"start":{"line":39,"column":13},"end":{"line":39,"column":55}}},"fnMap":{"0":{"name":"(anonymous_1)","decl":{"start":{"line":39,"column":55},"end":{"line":39,"column":56}},"loc":{"start":{"line":46,"column":5},"end":{"line":124,"column":1}}},"1":{"name":"(anonymous_2)","decl":{"start":{"line":48,"column":25},"end":{"line":48,"column":26}},"loc":{"start":{"line":48,"column":52},"end":{"line":57,"column":3}}},"2":{"name":"(anonymous_3)","decl":{"start":{"line":60,"column":23},"end":{"line":60,"column":24}},"loc":{"start":{"line":60,"column":72},"end":{"line":65,"column":3}}}},"branchMap":{"0":{"loc":{"start":{"line":56,"column":11},"end":{"line":56,"column":37}},"type":"binary-expr","locations":[{"start":{"line":56,"column":11},"end":{"line":56,"column":27}},{"start":{"line":56,"column":31},"end":{"line":56,"column":37}}]},"1":{"loc":{"start":{"line":61,"column":4},"end":{"line":63,"column":5}},"type":"if","locations":[{"start":{"line":61,"column":4},"end":{"line":63,"column":5}}]},"2":{"loc":{"start":{"line":62,"column":13},"end":{"line":62,"column":67}},"type":"cond-expr","locations":[{"start":{"line":62,"column":36},"end":{"line":62,"column":50}},{"start":{"line":62,"column":53},"end":{"line":62,"column":67}}]},"3":{"loc":{"start":{"line":64,"column":11},"end":{"line":64,"column":62}},"type":"cond-expr","locations":[{"start":{"line":64,"column":33},"end":{"line":64,"column":46}},{"start":{"line":64,"column":49},"end":{"line":64,"column":62}}]},"4":{"loc":{"start":{"line":67,"column":27},"end":{"line":67,"column":55}},"type":"binary-expr","locations":[{"start":{"line":67,"column":27},"end":{"line":67,"column":39}},{"start":{"line":67,"column":43},"end":{"line":67,"column":55}}]},"5":{"loc":{"start":{"line":69,"column":2},"end":{"line":71,"column":3}},"type":"if","locations":[{"start":{"line":69,"column":2},"end":{"line":71,"column":3}}]},"6":{"loc":{"start":{"line":76,"column":7},"end":{"line":90,"column":null}},"type":"binary-expr","locations":[{"start":{"line":76,"column":7},"end":{"line":76,"column":19}},{"start":{"line":77,"column":8},"end":{"line":89,"column":null}}]},"7":{"loc":{"start":{"line":94,"column":7},"end":{"line":108,"column":null}},"type":"binary-expr","locations":[{"start":{"line":94,"column":7},"end":{"line":94,"column":19}},{"start":{"line":94,"column":23},"end":{"line":94,"column":38}},{"start":{"line":95,"column":8},"end":{"line":107,"column":null}}]},"8":{"loc":{"start":{"line":112,"column":7},"end":{"line":120,"column":null}},"type":"binary-expr","locations":[{"start":{"line":112,"column":7},"end":{"line":112,"column":23}},{"start":{"line":112,"column":27},"end":{"line":112,"column":37}},{"start":{"line":113,"column":8},"end":{"line":117,"column":null}}]}},"s":{"0":0,"1":0,"2":0,"3":0,"4":0,"5":0,"6":0,"7":0,"8":0,"9":0,"10":0,"11":0,"12":0,"13":0},"f":{"0":0,"1":0,"2":0},"b":{"0":[0,0],"1":[0],"2":[0,0],"3":[0,0],"4":[0,0],"5":[0],"6":[0,0],"7":[0,0,0],"8":[0,0,0]}}
,"D:\\labs\\course-project\\auth-screen\\src\\components\\FilterDrawer.tsx": {"path":"D:\\labs\\course-project\\auth-screen\\src\\components\\FilterDrawer.tsx","statementMap":{"0":{"start":{"line":26,"column":0},"end":{"line":26,"column":26}},"1":{"start":{"line":27,"column":0},"end":{"line":27,"column":71}},"2":{"start":{"line":28,"column":0},"end":{"line":28,"column":83}},"3":{"start":{"line":29,"column":0},"end":{"line":29,"column":47}},"4":{"start":{"line":47,"column":57},"end":{"line":115,"column":1}},"5":{"start":{"line":57,"column":28},"end":{"line":59,"column":3}},"6":{"start":{"line":58,"column":4},"end":{"line":58,"column":26}},"7":{"start":{"line":61,"column":2},"end":{"line":114,"column":4}},"8":{"start":{"line":105,"column":14},"end":{"line":105,"column":27}},"9":{"start":{"line":106,"column":14},"end":{"line":106,"column":34}},"10":{"start":{"line":47,"column":13},"end":{"line":47,"column":57}},"11":{"start":{"line":117,"column":0},"end":{"line":117,"column":28}}},"fnMap":{"0":{"name":"(anonymous_1)","decl":{"start":{"line":47,"column":57},"end":{"line":47,"column":58}},"loc":{"start":{"line":56,"column":5},"end":{"line":115,"column":1}}},"1":{"name":"(anonymous_2)","decl":{"start":{"line":57,"column":28},"end":{"line":57,"column":31}},"loc":{"start":{"line":57,"column":33},"end":{"line":59,"column":3}}},"2":{"name":"(anonymous_3)","decl":{"start":{"line":104,"column":21},"end":{"line":104,"column":24}},"loc":{"start":{"line":104,"column":26},"end":{"line":107,"column":13}}}},"branchMap":{"0":{"loc":{"start":{"line":64,"column":7},"end":{"line":64,"column":79}},"type":"binary-expr","locations":[{"start":{"line":64,"column":7},"end":{"line":64,"column":13}},{"start":{"line":64,"column":17},"end":{"line":64,"column":79}}]},"1":{"loc":{"start":{"line":67,"column":42},"end":{"line":67,"column":73}},"type":"cond-expr","locations":[{"start":{"line":67,"column":51},"end":{"line":67,"column":68}},{"start":{"line":67,"column":71},"end":{"line":67,"column":73}}]}},"s":{"0":0,"1":0,"2":0,"3":0,"4":0,"5":0,"6":0,"7":0,"8":0,"9":0,"10":0,"11":0},"f":{"0":0,"1":0,"2":0},"b":{"0":[0,0],"1":[0,0]}}
,"D:\\labs\\course-project\\auth-screen\\src\\components\\FormSelect.tsx": {"path":"D:\\labs\\course-project\\auth-screen\\src\\components\\FormSelect.tsx","statementMap":{"0":{"start":{"line":6,"column":0},"end":{"line":6,"column":42}},"1":{"start":{"line":20,"column":13},"end":{"line":73,"column":2}},"2":{"start":{"line":32,"column":20},"end":{"line":32,"column":35}},"3":{"start":{"line":33,"column":21},"end":{"line":33,"column":28}},"4":{"start":{"line":35,"column":4},"end":{"line":71,"column":6}},"5":{"start":{"line":60,"column":12},"end":{"line":60,"column":36}},"6":{"start":{"line":75,"column":0},"end":{"line":75,"column":38}},"7":{"start":{"line":77,"column":0},"end":{"line":77,"column":26}}},"fnMap":{"0":{"name":"(anonymous_9)","decl":{"start":{"line":21,"column":2},"end":{"line":21,"column":null}},"loc":{"start":{"line":31,"column":6},"end":{"line":72,"column":3}}},"1":{"name":"(anonymous_10)","decl":{"start":{"line":59,"column":23},"end":{"line":59,"column":24}},"loc":{"start":{"line":60,"column":12},"end":{"line":60,"column":36}}}},"branchMap":{"0":{"loc":{"start":{"line":27,"column":6},"end":{"line":27,"column":22}},"type":"default-arg","locations":[{"start":{"line":27,"column":17},"end":{"line":27,"column":22}}]},"1":{"loc":{"start":{"line":37,"column":9},"end":{"line":40,"column":null}},"type":"binary-expr","locations":[{"start":{"line":37,"column":9},"end":{"line":37,"column":14}},{"start":{"line":38,"column":10},"end":{"line":39,"column":null}}]},"2":{"loc":{"start":{"line":48,"column":28},"end":{"line":48,"column":58}},"type":"cond-expr","locations":[{"start":{"line":48,"column":39},"end":{"line":48,"column":46}},{"start":{"line":48,"column":49},"end":{"line":48,"column":58}}]},"3":{"loc":{"start":{"line":52,"column":14},"end":{"line":52,"column":61}},"type":"cond-expr","locations":[{"start":{"line":52,"column":25},"end":{"line":52,"column":41}},{"start":{"line":52,"column":44},"end":{"line":52,"column":61}}]},"4":{"loc":{"start":{"line":53,"column":14},"end":{"line":53,"column":70}},"type":"cond-expr","locations":[{"start":{"line":53,"column":25},"end":{"line":53,"column":57}},{"start":{"line":53,"column":60},"end":{"line":53,"column":70}}]},"5":{"loc":{"start":{"line":58,"column":35},"end":{"line":58,"column":67}},"type":"binary-expr","locations":[{"start":{"line":58,"column":35},"end":{"line":58,"column":55}},{"start":{"line":58,"column":59},"end":{"line":58,"column":67}}]},"6":{"loc":{"start":{"line":65,"column":9},"end":{"line":68,"column":null}},"type":"binary-expr","locations":[{"start":{"line":65,"column":9},"end":{"line":65,"column":17}},{"start":{"line":66,"column":10},"end":{"line":67,"column":null}}]}},"s":{"0":0,"1":0,"2":0,"3":0,"4":0,"5":0,"6":0,"7":0},"f":{"0":0,"1":0},"b":{"0":[0],"1":[0,0],"2":[0,0],"3":[0,0],"4":[0,0],"5":[0,0],"6":[0,0]}}
,"D:\\labs\\course-project\\auth-screen\\src\\components\\FormTextArea.tsx": {"path":"D:\\labs\\course-project\\auth-screen\\src\\components\\FormTextArea.tsx","statementMap":{"0":{"start":{"line":7,"column":0},"end":{"line":7,"column":42}},"1":{"start":{"line":23,"column":13},"end":{"line":82,"column":2}},"2":{"start":{"line":37,"column":20},"end":{"line":37,"column":35}},"3":{"start":{"line":38,"column":21},"end":{"line":38,"column":28}},"4":{"start":{"line":39,"column":23},"end":{"line":39,"column":70}},"5":{"start":{"line":41,"column":4},"end":{"line":80,"column":6}},"6":{"start":{"line":84,"column":0},"end":{"line":84,"column":42}},"7":{"start":{"line":86,"column":0},"end":{"line":86,"column":28}}},"fnMap":{"0":{"name":"(anonymous_9)","decl":{"start":{"line":24,"column":2},"end":{"line":24,"column":null}},"loc":{"start":{"line":36,"column":6},"end":{"line":81,"column":3}}}},"branchMap":{"0":{"loc":{"start":{"line":30,"column":6},"end":{"line":30,"column":22}},"type":"default-arg","locations":[{"start":{"line":30,"column":17},"end":{"line":30,"column":22}}]},"1":{"loc":{"start":{"line":32,"column":6},"end":{"line":32,"column":14}},"type":"default-arg","locations":[{"start":{"line":32,"column":13},"end":{"line":32,"column":14}}]},"2":{"loc":{"start":{"line":39,"column":23},"end":{"line":39,"column":70}},"type":"binary-expr","locations":[{"start":{"line":39,"column":23},"end":{"line":39,"column":65}},{"start":{"line":39,"column":69},"end":{"line":39,"column":70}}]},"3":{"loc":{"start":{"line":43,"column":9},"end":{"line":46,"column":null}},"type":"binary-expr","locations":[{"start":{"line":43,"column":9},"end":{"line":43,"column":14}},{"start":{"line":44,"column":10},"end":{"line":45,"column":null}}]},"4":{"loc":{"start":{"line":57,"column":28},"end":{"line":57,"column":58}},"type":"cond-expr","locations":[{"start":{"line":57,"column":39},"end":{"line":57,"column":46}},{"start":{"line":57,"column":49},"end":{"line":57,"column":58}}]},"5":{"loc":{"start":{"line":61,"column":14},"end":{"line":61,"column":61}},"type":"cond-expr","locations":[{"start":{"line":61,"column":25},"end":{"line":61,"column":41}},{"start":{"line":61,"column":44},"end":{"line":61,"column":61}}]},"6":{"loc":{"start":{"line":62,"column":14},"end":{"line":62,"column":70}},"type":"cond-expr","locations":[{"start":{"line":62,"column":25},"end":{"line":62,"column":57}},{"start":{"line":62,"column":60},"end":{"line":62,"column":70}}]},"7":{"loc":{"start":{"line":68,"column":11},"end":{"line":71,"column":null}},"type":"binary-expr","locations":[{"start":{"line":68,"column":11},"end":{"line":68,"column":19}},{"start":{"line":69,"column":12},"end":{"line":70,"column":null}}]},"8":{"loc":{"start":{"line":73,"column":11},"end":{"line":76,"column":null}},"type":"binary-expr","locations":[{"start":{"line":73,"column":11},"end":{"line":73,"column":20}},{"start":{"line":74,"column":12},"end":{"line":75,"column":null}}]}},"s":{"0":0,"1":0,"2":0,"3":0,"4":0,"5":0,"6":0,"7":0},"f":{"0":0},"b":{"0":[0],"1":[0],"2":[0,0],"3":[0,0],"4":[0,0],"5":[0,0],"6":[0,0],"7":[0,0],"8":[0,0]}}
,"D:\\labs\\course-project\\auth-screen\\src\\components\\FormTextField.tsx": {"path":"D:\\labs\\course-project\\auth-screen\\src\\components\\FormTextField.tsx","statementMap":{"0":{"start":{"line":8,"column":0},"end":{"line":8,"column":42}},"1":{"start":{"line":28,"column":13},"end":{"line":79,"column":2}},"2":{"start":{"line":42,"column":20},"end":{"line":42,"column":35}},"3":{"start":{"line":43,"column":21},"end":{"line":43,"column":28}},"4":{"start":{"line":45,"column":4},"end":{"line":77,"column":6}},"5":{"start":{"line":81,"column":0},"end":{"line":81,"column":44}},"6":{"start":{"line":83,"column":0},"end":{"line":83,"column":29}}},"fnMap":{"0":{"name":"(anonymous_9)","decl":{"start":{"line":29,"column":2},"end":{"line":29,"column":null}},"loc":{"start":{"line":41,"column":6},"end":{"line":78,"column":3}}}},"branchMap":{"0":{"loc":{"start":{"line":35,"column":6},"end":{"line":35,"column":22}},"type":"default-arg","locations":[{"start":{"line":35,"column":17},"end":{"line":35,"column":22}}]},"1":{"loc":{"start":{"line":37,"column":6},"end":{"line":37,"column":19}},"type":"default-arg","locations":[{"start":{"line":37,"column":13},"end":{"line":37,"column":19}}]},"2":{"loc":{"start":{"line":47,"column":9},"end":{"line":50,"column":null}},"type":"binary-expr","locations":[{"start":{"line":47,"column":9},"end":{"line":47,"column":14}},{"start":{"line":48,"column":10},"end":{"line":49,"column":null}}]},"3":{"loc":{"start":{"line":61,"column":28},"end":{"line":61,"column":58}},"type":"cond-expr","locations":[{"start":{"line":61,"column":39},"end":{"line":61,"column":46}},{"start":{"line":61,"column":49},"end":{"line":61,"column":58}}]},"4":{"loc":{"start":{"line":65,"column":14},"end":{"line":65,"column":61}},"type":"cond-expr","locations":[{"start":{"line":65,"column":25},"end":{"line":65,"column":41}},{"start":{"line":65,"column":44},"end":{"line":65,"column":61}}]},"5":{"loc":{"start":{"line":66,"column":14},"end":{"line":66,"column":70}},"type":"cond-expr","locations":[{"start":{"line":66,"column":25},"end":{"line":66,"column":57}},{"start":{"line":66,"column":60},"end":{"line":66,"column":70}}]},"6":{"loc":{"start":{"line":71,"column":9},"end":{"line":74,"column":null}},"type":"binary-expr","locations":[{"start":{"line":71,"column":9},"end":{"line":71,"column":17}},{"start":{"line":72,"column":10},"end":{"line":73,"column":null}}]}},"s":{"0":0,"1":0,"2":0,"3":0,"4":0,"5":0,"6":0},"f":{"0":0},"b":{"0":[0],"1":[0],"2":[0,0],"3":[0,0],"4":[0,0],"5":[0,0],"6":[0,0]}}
,"D:\\labs\\course-project\\auth-screen\\src\\components\\IdeaForm.tsx": {"path":"D:\\labs\\course-project\\auth-screen\\src\\components\\IdeaForm.tsx","statementMap":{"0":{"start":{"line":16,"column":0},"end":{"line":16,"column":64}},"1":{"start":{"line":17,"column":0},"end":{"line":17,"column":44}},"2":{"start":{"line":18,"column":0},"end":{"line":18,"column":42}},"3":{"start":{"line":19,"column":0},"end":{"line":19,"column":38}},"4":{"start":{"line":40,"column":25},"end":{"line":48,"column":2}},"5":{"start":{"line":50,"column":18},"end":{"line":50,"column":19}},"6":{"start":{"line":51,"column":18},"end":{"line":51,"column":21}},"7":{"start":{"line":52,"column":24},"end":{"line":52,"column":26}},"8":{"start":{"line":53,"column":24},"end":{"line":53,"column":28}},"9":{"start":{"line":55,"column":42},"end":{"line":369,"column":1}},"10":{"start":{"line":63,"column":34},"end":{"line":68,"column":4}},"11":{"start":{"line":70,"column":52},"end":{"line":70,"column":67}},"12":{"start":{"line":71,"column":54},"end":{"line":71,"column":69}},"13":{"start":{"line":72,"column":44},"end":{"line":72,"column":79}},"14":{"start":{"line":73,"column":38},"end":{"line":73,"column":74}},"15":{"start":{"line":76,"column":2},"end":{"line":84,"column":30}},"16":{"start":{"line":78,"column":6},"end":{"line":81,"column":59}},"17":{"start":{"line":83,"column":4},"end":{"line":83,"column":37}},"18":{"start":{"line":87,"column":2},"end":{"line":97,"column":26}},"19":{"start":{"line":88,"column":31},"end":{"line":93,"column":5}},"20":{"start":{"line":89,"column":6},"end":{"line":92,"column":7}},"21":{"start":{"line":90,"column":8},"end":{"line":90,"column":27}},"22":{"start":{"line":91,"column":8},"end":{"line":91,"column":27}},"23":{"start":{"line":95,"column":4},"end":{"line":95,"column":64}},"24":{"start":{"line":96,"column":4},"end":{"line":96,"column":80}},"25":{"start":{"line":96,"column":17},"end":{"line":96,"column":79}},"26":{"start":{"line":99,"column":23},"end":{"line":122,"column":16}},"27":{"start":{"line":100,"column":46},"end":{"line":100,"column":48}},"28":{"start":{"line":102,"column":4},"end":{"line":104,"column":5}},"29":{"start":{"line":103,"column":6},"end":{"line":103,"column":73}},"30":{"start":{"line":105,"column":4},"end":{"line":107,"column":5}},"31":{"start":{"line":106,"column":6},"end":{"line":106,"column":72}},"32":{"start":{"line":109,"column":4},"end":{"line":111,"column":5}},"33":{"start":{"line":110,"column":6},"end":{"line":110,"column":91}},"34":{"start":{"line":112,"column":4},"end":{"line":114,"column":5}},"35":{"start":{"line":113,"column":6},"end":{"line":113,"column":90}},"36":{"start":{"line":116,"column":4},"end":{"line":118,"column":5}},"37":{"start":{"line":117,"column":6},"end":{"line":117,"column":50}},"38":{"start":{"line":120,"column":4},"end":{"line":120,"column":29}},"39":{"start":{"line":121,"column":4},"end":{"line":121,"column":47}},"40":{"start":{"line":124,"column":23},"end":{"line":139,"column":3}},"41":{"start":{"line":125,"column":4},"end":{"line":125,"column":23}},"42":{"start":{"line":127,"column":4},"end":{"line":129,"column":5}},"43":{"start":{"line":128,"column":6},"end":{"line":128,"column":13}},"44":{"start":{"line":131,"column":4},"end":{"line":138,"column":5}},"45":{"start":{"line":132,"column":6},"end":{"line":132,"column":31}},"46":{"start":{"line":133,"column":6},"end":{"line":133,"column":34}},"47":{"start":{"line":134,"column":6},"end":{"line":134,"column":24}},"48":{"start":{"line":137,"column":6},"end":{"line":137,"column":51}},"49":{"start":{"line":141,"column":23},"end":{"line":148,"column":3}},"50":{"start":{"line":142,"column":4},"end":{"line":147,"column":5}},"51":{"start":{"line":143,"column":6},"end":{"line":143,"column":34}},"52":{"start":{"line":144,"column":6},"end":{"line":144,"column":39}},"53":{"start":{"line":144,"column":29},"end":{"line":144,"column":37}},"54":{"start":{"line":146,"column":6},"end":{"line":146,"column":17}},"55":{"start":{"line":150,"column":32},"end":{"line":157,"column":3}},"56":{"start":{"line":151,"column":4},"end":{"line":151,"column":33}},"57":{"start":{"line":152,"column":4},"end":{"line":152,"column":32}},"58":{"start":{"line":153,"column":4},"end":{"line":156,"column":5}},"59":{"start":{"line":154,"column":6},"end":{"line":154,"column":22}},"60":{"start":{"line":155,"column":6},"end":{"line":155,"column":29}},"61":{"start":{"line":159,"column":33},"end":{"line":164,"column":3}},"62":{"start":{"line":160,"column":23},"end":{"line":160,"column":64}},"63":{"start":{"line":161,"column":4},"end":{"line":161,"column":49}},"64":{"start":{"line":161,"column":25},"end":{"line":161,"column":49}},"65":{"start":{"line":162,"column":4},"end":{"line":162,"column":50}},"66":{"start":{"line":162,"column":25},"end":{"line":162,"column":50}},"67":{"start":{"line":163,"column":4},"end":{"line":163,"column":26}},"68":{"start":{"line":166,"column":39},"end":{"line":171,"column":3}},"69":{"start":{"line":167,"column":23},"end":{"line":167,"column":76}},"70":{"start":{"line":168,"column":4},"end":{"line":168,"column":49}},"71":{"start":{"line":168,"column":25},"end":{"line":168,"column":49}},"72":{"start":{"line":169,"column":4},"end":{"line":169,"column":50}},"73":{"start":{"line":169,"column":25},"end":{"line":169,"column":50}},"74":{"start":{"line":170,"column":4},"end":{"line":170,"column":26}},"75":{"start":{"line":174,"column":4},"end":{"line":179,"column":40}},"76":{"start":{"line":182,"column":4},"end":{"line":184,"column":19}},"77":{"start":{"line":186,"column":2},"end":{"line":368,"column":4}},"78":{"start":{"line":215,"column":14},"end":{"line":215,"column":65}},"79":{"start":{"line":236,"column":14},"end":{"line":236,"column":71}},"80":{"start":{"line":257,"column":14},"end":{"line":257,"column":68}},"81":{"start":{"line":279,"column":30},"end":{"line":279,"column":69}},"82":{"start":{"line":280,"column":16},"end":{"line":280,"column":74}},"83":{"start":{"line":287,"column":18},"end":{"line":287,"column":33}},"84":{"start":{"line":292,"column":40},"end":{"line":292,"column":92}},"85":{"start":{"line":292,"column":76},"end":{"line":292,"column":85}},"86":{"start":{"line":293,"column":24},"end":{"line":293,"column":72}},"87":{"start":{"line":352,"column":31},"end":{"line":352,"column":59}},"88":{"start":{"line":371,"column":0},"end":{"line":371,"column":24}}},"fnMap":{"0":{"name":"(anonymous_10)","decl":{"start":{"line":55,"column":42},"end":{"line":55,"column":43}},"loc":{"start":{"line":62,"column":5},"end":{"line":369,"column":1}}},"1":{"name":"(anonymous_11)","decl":{"start":{"line":76,"column":12},"end":{"line":76,"column":15}},"loc":{"start":{"line":76,"column":17},"end":{"line":84,"column":3}}},"2":{"name":"(anonymous_12)","decl":{"start":{"line":87,"column":12},"end":{"line":87,"column":15}},"loc":{"start":{"line":87,"column":17},"end":{"line":97,"column":3}}},"3":{"name":"(anonymous_13)","decl":{"start":{"line":88,"column":31},"end":{"line":88,"column":32}},"loc":{"start":{"line":88,"column":56},"end":{"line":93,"column":5}}},"4":{"name":"(anonymous_14)","decl":{"start":{"line":96,"column":11},"end":{"line":96,"column":14}},"loc":{"start":{"line":96,"column":17},"end":{"line":96,"column":79}}},"5":{"name":"(anonymous_15)","decl":{"start":{"line":99,"column":35},"end":{"line":99,"column":47}},"loc":{"start":{"line":99,"column":49},"end":{"line":122,"column":3}}},"6":{"name":"(anonymous_16)","decl":{"start":{"line":124,"column":23},"end":{"line":124,"column":28}},"loc":{"start":{"line":124,"column":52},"end":{"line":139,"column":3}}},"7":{"name":"(anonymous_17)","decl":{"start":{"line":141,"column":23},"end":{"line":141,"column":26}},"loc":{"start":{"line":141,"column":28},"end":{"line":148,"column":3}}},"8":{"name":"(anonymous_18)","decl":{"start":{"line":144,"column":23},"end":{"line":144,"column":26}},"loc":{"start":{"line":144,"column":29},"end":{"line":144,"column":37}}},"9":{"name":"(anonymous_19)","decl":{"start":{"line":150,"column":32},"end":{"line":150,"column":35}},"loc":{"start":{"line":150,"column":37},"end":{"line":157,"column":3}}},"10":{"name":"(anonymous_20)","decl":{"start":{"line":159,"column":33},"end":{"line":159,"column":44}},"loc":{"start":{"line":159,"column":46},"end":{"line":164,"column":3}}},"11":{"name":"(anonymous_21)","decl":{"start":{"line":166,"column":39},"end":{"line":166,"column":50}},"loc":{"start":{"line":166,"column":52},"end":{"line":171,"column":3}}},"12":{"name":"(anonymous_22)","decl":{"start":{"line":214,"column":22},"end":{"line":214,"column":23}},"loc":{"start":{"line":215,"column":14},"end":{"line":215,"column":65}}},"13":{"name":"(anonymous_23)","decl":{"start":{"line":235,"column":22},"end":{"line":235,"column":23}},"loc":{"start":{"line":236,"column":14},"end":{"line":236,"column":71}}},"14":{"name":"(anonymous_24)","decl":{"start":{"line":256,"column":22},"end":{"line":256,"column":23}},"loc":{"start":{"line":257,"column":14},"end":{"line":257,"column":68}}},"15":{"name":"(anonymous_25)","decl":{"start":{"line":278,"column":24},"end":{"line":278,"column":25}},"loc":{"start":{"line":278,"column":30},"end":{"line":281,"column":15}}},"16":{"name":"(anonymous_26)","decl":{"start":{"line":286,"column":39},"end":{"line":286,"column":40}},"loc":{"start":{"line":287,"column":18},"end":{"line":287,"column":33}}},"17":{"name":"(anonymous_27)","decl":{"start":{"line":291,"column":31},"end":{"line":291,"column":34}},"loc":{"start":{"line":291,"column":36},"end":{"line":294,"column":23}}},"18":{"name":"(anonymous_28)","decl":{"start":{"line":292,"column":66},"end":{"line":292,"column":67}},"loc":{"start":{"line":292,"column":76},"end":{"line":292,"column":85}}},"19":{"name":"(anonymous_29)","decl":{"start":{"line":352,"column":25},"end":{"line":352,"column":28}},"loc":{"start":{"line":352,"column":31},"end":{"line":352,"column":59}}}},"branchMap":{"0":{"loc":{"start":{"line":60,"column":2},"end":{"line":60,"column":22}},"type":"default-arg","locations":[{"start":{"line":60,"column":17},"end":{"line":60,"column":22}}]},"1":{"loc":{"start":{"line":61,"column":2},"end":{"line":61,"column":14}},"type":"default-arg","locations":[{"start":{"line":61,"column":10},"end":{"line":61,"column":14}}]},"2":{"loc":{"start":{"line":64,"column":11},"end":{"line":64,"column":35}},"type":"binary-expr","locations":[{"start":{"line":64,"column":11},"end":{"line":64,"column":29}},{"start":{"line":64,"column":33},"end":{"line":64,"column":35}}]},"3":{"loc":{"start":{"line":65,"column":17},"end":{"line":65,"column":47}},"type":"binary-expr","locations":[{"start":{"line":65,"column":17},"end":{"line":65,"column":41}},{"start":{"line":65,"column":45},"end":{"line":65,"column":47}}]},"4":{"loc":{"start":{"line":66,"column":14},"end":{"line":66,"column":51}},"type":"binary-expr","locations":[{"start":{"line":66,"column":14},"end":{"line":66,"column":35}},{"start":{"line":66,"column":39},"end":{"line":66,"column":51}}]},"5":{"loc":{"start":{"line":78,"column":6},"end":{"line":81,"column":59}},"type":"binary-expr","locations":[{"start":{"line":78,"column":7},"end":{"line":78,"column":52}},{"start":{"line":79,"column":7},"end":{"line":79,"column":64}},{"start":{"line":80,"column":7},"end":{"line":80,"column":68}},{"start":{"line":81,"column":6},"end":{"line":81,"column":59}}]},"6":{"loc":{"start":{"line":78,"column":27},"end":{"line":78,"column":51}},"type":"binary-expr","locations":[{"start":{"line":78,"column":27},"end":{"line":78,"column":45}},{"start":{"line":78,"column":49},"end":{"line":78,"column":51}}]},"7":{"loc":{"start":{"line":79,"column":33},"end":{"line":79,"column":63}},"type":"binary-expr","locations":[{"start":{"line":79,"column":33},"end":{"line":79,"column":57}},{"start":{"line":79,"column":61},"end":{"line":79,"column":63}}]},"8":{"loc":{"start":{"line":80,"col
[...]
,"D:\\labs\\course-project\\auth-screen\\src\\types\\ideaSchema.ts": {"path":"D:\\labs\\course-project\\auth-screen\\src\\types\\ideaSchema.ts","statementMap":{"0":{"start":{"line":8,"column":0},"end":{"line":8,"column":24}},"1":{"start":{"line":10,"column":13},"end":{"line":10,"column":105}},"2":{"start":{"line":12,"column":13},"end":{"line":26,"column":3}}},"fnMap":{},"branchMap":{},"s":{"0":0,"1":0,"2":0},"f":{},"b":{}}
,"D:\\labs\\course-project\\auth-screen\\src\\utils\\dashboardUtils.ts": {"path":"D:\\labs\\course-project\\auth-screen\\src\\utils\\dashboardUtils.ts","statementMap":{"0":{"start":{"line":28,"column":0},"end":{"line":28,"column":16}},"1":{"start":{"line":43,"column":0},"end":{"line":43,"column":16}},"2":{"start":{"line":64,"column":0},"end":{"line":64,"column":16}},"3":{"start":{"line":79,"column":0},"end":{"line":79,"column":16}},"4":{"start":{"line":92,"column":0},"end":{"line":92,"column":16}},"5":{"start":{"line":117,"column":0},"end":{"line":117,"column":16}},"6":{"start":{"line":153,"column":0},"end":{"line":153,"column":16}},"7":{"start":{"line":33,"column":21},"end":{"line":33,"column":46}},"8":{"start":{"line":34,"column":19},"end":{"line":34,"column":44}},"9":{"start":{"line":35,"column":2},"end":{"line":35,"column":43}},"10":{"start":{"line":44,"column":2},"end":{"line":56,"column":3}},"11":{"start":{"line":45,"column":4},"end":{"line":47,"column":5}},"12":{"start":{"line":46,"column":6},"end":{"line":46,"column":28}},"13":{"start":{"line":49,"column":18},"end":{"line":49,"column":62}},"14":{"start":{"line":50,"column":16},"end":{"line":50,"column":55}},"15":{"start":{"line":51,"column":17},"end":{"line":51,"column":35}},"16":{"start":{"line":53,"column":4},"end":{"line":53,"column":37}},"17":{"start":{"line":55,"column":4},"end":{"line":55,"column":35}},"18":{"start":{"line":65,"column":2},"end":{"line":65,"column":35}},"19":{"start":{"line":65,"column":26},"end":{"line":65,"column":35}},"20":{"start":{"line":67,"column":24},"end":{"line":67,"column":79}},"21":{"start":{"line":67,"column":45},"end":{"line":67,"column":71}},"22":{"start":{"line":68,"column":21},"end":{"line":68,"column":57}},"23":{"start":{"line":70,"column":2},"end":{"line":70,"column":32}},"24":{"start":{"line":83,"column":2},"end":{"line":83,"column":54}},"25":{"start":{"line":83,"column":30},"end":{"line":83,"column":52}},"26":{"start":{"line":96,"column":2},"end":{"line":101,"column":5}},"27":{"start":{"line":97,"column":18},"end":{"line":97,"column":49}},"28":{"start":{"line":98,"column":18},"end":{"line":98,"column":49}},"29":{"start":{"line":100,"column":4},"end":{"line":100,"column":60}},"30":{"start":{"line":118,"column":21},"end":{"line":118,"column":33}},"31":{"start":{"line":119,"column":24},"end":{"line":119,"column":73}},"32":{"start":{"line":119,"column":42},"end":{"line":119,"column":65}},"33":{"start":{"line":120,"column":29},"end":{"line":122,"column":10}},"34":{"start":{"line":121,"column":9},"end":{"line":121,"column":88}},"35":{"start":{"line":123,"column":24},"end":{"line":123,"column":73}},"36":{"start":{"line":123,"column":42},"end":{"line":123,"column":65}},"37":{"start":{"line":124,"column":29},"end":{"line":124,"column":63}},"38":{"start":{"line":126,"column":2},"end":{"line":132,"column":4}},"39":{"start":{"line":158,"column":21},"end":{"line":158,"column":57}},"40":{"start":{"line":159,"column":20},"end":{"line":159,"column":44}},"41":{"start":{"line":160,"column":20},"end":{"line":160,"column":35}},"42":{"start":{"line":161,"column":20},"end":{"line":161,"column":56}},"43":{"start":{"line":162,"column":18},"end":{"line":162,"column":66}},"44":{"start":{"line":164,"column":2},"end":{"line":173,"column":4}}},"fnMap":{"0":{"name":"calculatePaginatedIdeas","decl":{"start":{"line":28,"column":16},"end":{"line":28,"column":39}},"loc":{"start":{"line":31,"column":27},"end":{"line":36,"column":1}}},"1":{"name":"formatDateForDisplay","decl":{"start":{"line":43,"column":16},"end":{"line":43,"column":36}},"loc":{"start":{"line":43,"column":47},"end":{"line":57,"column":1}}},"2":{"name":"calculateApprovalPercentage","decl":{"start":{"line":64,"column":16},"end":{"line":64,"column":43}},"loc":{"start":{"line":64,"column":66},"end":{"line":71,"column":1}}},"3":{"name":"(anonymous_3)","decl":{"start":{"line":67,"column":37},"end":{"line":67,"column":41}},"loc":{"start":{"line":67,"column":45},"end":{"line":67,"column":71}}},"4":{"name":"filterIdeasByStatus","decl":{"start":{"line":79,"column":16},"end":{"line":79,"column":35}},"loc":{"start":{"line":81,"column":33},"end":{"line":84,"column":1}}},"5":{"name":"(anonymous_5)","decl":{"start":{"line":83,"column":22},"end":{"line":83,"column":26}},"loc":{"start":{"line":83,"column":30},"end":{"line":83,"column":52}}},"6":{"name":"sortIdeasByDate","decl":{"start":{"line":92,"column":16},"end":{"line":92,"column":31}},"loc":{"start":{"line":94,"column":32},"end":{"line":102,"column":1}}},"7":{"name":"(anonymous_7)","decl":{"start":{"line":96,"column":25},"end":{"line":96,"column":26}},"loc":{"start":{"line":96,"column":34},"end":{"line":101,"column":3}}},"8":{"name":"calculateDashboardStatistics","decl":{"start":{"line":117,"column":16},"end":{"line":117,"column":44}},"loc":{"start":{"line":117,"column":67},"end":{"line":133,"column":1}}},"9":{"name":"(anonymous_9)","decl":{"start":{"line":119,"column":37},"end":{"line":119,"column":38}},"loc":{"start":{"line":119,"column":42},"end":{"line":119,"column":65}}},"10":{"name":"(anonymous_10)","decl":{"start":{"line":121,"column":4},"end":{"line":121,"column":5}},"loc":{"start":{"line":121,"column":9},"end":{"line":121,"column":88}}},"11":{"name":"(anonymous_11)","decl":{"start":{"line":123,"column":37},"end":{"line":123,"column":38}},"loc":{"start":{"line":123,"column":42},"end":{"line":123,"column":65}}},"12":{"name":"calculatePaginationState","decl":{"start":{"line":153,"column":16},"end":{"line":153,"column":40}},"loc":{"start":{"line":156,"column":27},"end":{"line":174,"column":1}}}},"branchMap":{"0":{"loc":{"start":{"line":31,"column":2},"end":{"line":31,"column":27}},"type":"default-arg","locations":[{"start":{"line":31,"column":25},"end":{"line":31,"column":27}}]},"1":{"loc":{"start":{"line":45,"column":4},"end":{"line":47,"column":5}},"type":"if","locations":[{"start":{"line":45,"column":4},"end":{"line":47,"column":5}}]},"2":{"loc":{"start":{"line":45,"column":8},"end":{"line":45,"column":38}},"type":"binary-expr","locations":[{"start":{"line":45,"column":8},"end":{"line":45,"column":13}},{"start":{"line":45,"column":17},"end":{"line":45,"column":38}}]},"3":{"loc":{"start":{"line":65,"column":2},"end":{"line":65,"column":35}},"type":"if","locations":[{"start":{"line":65,"column":2},"end":{"line":65,"column":35}}]},"4":{"loc":{"start":{"line":94,"column":2},"end":{"line":94,"column":32}},"type":"default-arg","locations":[{"start":{"line":94,"column":26},"end":{"line":94,"column":32}}]},"5":{"loc":{"start":{"line":100,"column":11},"end":{"line":100,"column":59}},"type":"cond-expr","locations":[{"start":{"line":100,"column":30},"end":{"line":100,"column":43}},{"start":{"line":100,"column":46},"end":{"line":100,"column":59}}]},"6":{"loc":{"start":{"line":121,"column":9},"end":{"line":121,"column":88}},"type":"binary-expr","locations":[{"start":{"line":121,"column":9},"end":{"line":121,"column":33}},{"start":{"line":121,"column":37},"end":{"line":121,"column":64}},{"start":{"line":121,"column":68},"end":{"line":121,"column":88}}]},"7":{"loc":{"start":{"line":156,"column":2},"end":{"line":156,"column":27}},"type":"default-arg","locations":[{"start":{"line":156,"column":25},"end":{"line":156,"column":27}}]}},"s":{"0":0,"1":0,"2":0,"3":0,"4":0,"5":0,"6":0,"7":0,"8":0,"9":0,"10":0,"11":0,"12":0,"13":0,"14":0,"15":0,"16":0,"17":0,"18":0,"19":0,"20":0,"21":0,"22":0,"23":0,"24":0,"25":0,"26":0,"27":0,"28":0,"29":0,"30":0,"31":0,"32":0,"33":0,"34":0,"35":0,"36":0,"37":0,"38":0,"39":0,"40":0,"41":0,"42":0,"43":0,"44":0},"f":{"0":0,"1":0,"2":0,"3":0,"4":0,"5":0,"6":0,"7":0,"8":0,"9":0,"10":0,"11":0,"12":0},"b":{"0":[0],"1":[0],"2":[0,0],"3":[0],"4":[0],"5":[0,0],"6":[0,0,0],"7":[0]}}
,"D:\\labs\\course-project\\auth-screen\\src\\utils\\filterSortUtils.ts": {"path":"D:\\labs\\course-project\\auth-screen\\src\\utils\\filterSortUtils.ts","statementMap":{"0":{"start":{"line":25,"column":0},"end":{"line":25,"column":16}},"1":{"start":{"line":41,"column":0},"end":{"line":41,"column":16}},"2":{"start":{"line":75,"column":0},"end":{"line":75,"column":16}},"3":{"start":{"line":29,"column":2},"end":{"line":29,"column":28}},"4":{"start":{"line":29,"column":15},"end":{"line":29,"column":28}},"5":{"start":{"line":31,"column":2},"end":{"line":31,"column":56}},"6":{"start":{"line":31,"column":32},"end":{"line":31,"column":54}},"7":{"start":{"line":46,"column":17},"end":{"line":46,"column":27}},"8":{"start":{"line":48,"column":2},"end":{"line":62,"column":5}},"9":{"start":{"line":49,"column":21},"end":{"line":49,"column":22}},"10":{"start":{"line":51,"column":4},"end":{"line":59,"column":5}},"11":{"start":{"line":52,"column":20},"end":{"line":52,"column":51}},"12":{"start":{"line":53,"column":20},"end":{"line":53,"column":51}},"13":{"start":{"line":54,"column":6},"end":{"line":54,"column":62}},"14":{"start":{"line":56,"column":21},"end":{"line":56,"column":42}},"15":{"start":{"line":57,"column":21},"end":{"line":57,"column":42}},"16":{"start":{"line":58,"column":6},"end":{"line":58,"column":66}},"17":{"start":{"line":61,"column":4},"end":{"line":61,"column":59}},"18":{"start":{"line":64,"column":2},"end":{"line":64,"column":16}},"19":{"start":{"line":81,"column":15},"end":{"line":81,"column":49}},"20":{"start":{"line":82,"column":2},"end":{"line":82,"column":48}},"21":{"start":{"line":83,"column":2},"end":{"line":83,"column":16}}},"fnMap":{"0":{"name":"filterIdeasByStatus","decl":{"start":{"line":25,"column":16},"end":{"line":25,"column":35}},"loc":{"start":{"line":27,"column":48},"end":{"line":32,"column":1}}},"1":{"name":"(anonymous_1)","decl":{"start":{"line":31,"column":22},"end":{"line":31,"column":23}},"loc":{"start":{"line":31,"column":32},"end":{"line":31,"column":54}}},"2":{"name":"sortIdeas","decl":{"start":{"line":41,"column":16},"end":{"line":41,"column":25}},"loc":{"start":{"line":44,"column":22},"end":{"line":65,"column":1}}},"3":{"name":"(anonymous_3)","decl":{"start":{"line":48,"column":14},"end":{"line":48,"column":15}},"loc":{"start":{"line":48,"column":23},"end":{"line":62,"column":3}}},"4":{"name":"applyFiltersAndSort","decl":{"start":{"line":75,"column":16},"end":{"line":75,"column":35}},"loc":{"start":{"line":79,"column":22},"end":{"line":84,"column":1}}}},"branchMap":{"0":{"loc":{"start":{"line":29,"column":2},"end":{"line":29,"column":28}},"type":"if","locations":[{"start":{"line":29,"column":2},"end":{"line":29,"column":28}}]},"1":{"loc":{"start":{"line":51,"column":4},"end":{"line":59,"column":5}},"type":"if","locations":[{"start":{"line":51,"column":4},"end":{"line":59,"column":5}},{"start":{"line":55,"column":11},"end":{"line":59,"column":5}}]},"2":{"loc":{"start":{"line":54,"column":19},"end":{"line":54,"column":61}},"type":"cond-expr","locations":[{"start":{"line":54,"column":35},"end":{"line":54,"column":37}},{"start":{"line":54,"column":40},"end":{"line":54,"column":61}}]},"3":{"loc":{"start":{"line":54,"column":40},"end":{"line":54,"column":61}},"type":"cond-expr","locations":[{"start":{"line":54,"column":56},"end":{"line":54,"column":57}},{"start":{"line":54,"column":60},"end":{"line":54,"column":61}}]},"4":{"loc":{"start":{"line":58,"column":19},"end":{"line":58,"column":65}},"type":"cond-expr","locations":[{"start":{"line":58,"column":37},"end":{"line":58,"column":39}},{"start":{"line":58,"column":42},"end":{"line":58,"column":65}}]},"5":{"loc":{"start":{"line":58,"column":42},"end":{"line":58,"column":65}},"type":"cond-expr","locations":[{"start":{"line":58,"column":60},"end":{"line":58,"column":61}},{"start":{"line":58,"column":64},"end":{"line":58,"column":65}}]},"6":{"loc":{"start":{"line":61,"column":11},"end":{"line":61,"column":58}},"type":"cond-expr","locations":[{"start":{"line":61,"column":34},"end":{"line":61,"column":45}},{"start":{"line":61,"column":48},"end":{"line":61,"column":58}}]}},"s":{"0":0,"1":0,"2":0,"3":0,"4":0,"5":0,"6":0,"7":0,"8":0,"9":0,"10":0,"11":0,"12":0,"13":0,"14":0,"15":0,"16":0,"17":0,"18":0,"19":0,"20":0,"21":0},"f":{"0":0,"1":0,"2":0,"3":0,"4":0},"b":{"0":[0],"1":[0,0],"2":[0,0],"3":[0,0],"4":[0,0],"5":[0,0],"6":[0,0]}}
,"D:\\labs\\course-project\\auth-screen\\src\\utils\\paginationUtils.ts": {"path":"D:\\labs\\course-project\\auth-screen\\src\\utils\\paginationUtils.ts","statementMap":{"0":{"start":{"line":17,"column":0},"end":{"line":17,"column":16}},"1":{"start":{"line":30,"column":0},"end":{"line":30,"column":16}},"2":{"start":{"line":44,"column":0},"end":{"line":44,"column":16}},"3":{"start":{"line":8,"column":23},"end":{"line":8,"column":25}},"4":{"start":{"line":18,"column":2},"end":{"line":18,"column":37}},"5":{"start":{"line":31,"column":2},"end":{"line":31,"column":61}},"6":{"start":{"line":46,"column":2},"end":{"line":48,"column":3}},"7":{"start":{"line":47,"column":4},"end":{"line":47,"column":17}},"8":{"start":{"line":49,"column":2},"end":{"line":49,"column":36}}},"fnMap":{"0":{"name":"calculatePageOffset","decl":{"start":{"line":17,"column":16},"end":{"line":17,"column":35}},"loc":{"start":{"line":17,"column":48},"end":{"line":19,"column":1}}},"1":{"name":"calculateTotalPages","decl":{"start":{"line":30,"column":16},"end":{"line":30,"column":35}},"loc":{"start":{"line":30,"column":54},"end":{"line":32,"column":1}}},"2":{"name":"isLastPage","decl":{"start":{"line":44,"column":16},"end":{"line":44,"column":26}},"loc":{"start":{"line":44,"column":66},"end":{"line":50,"column":1}}}},"branchMap":{"0":{"loc":{"start":{"line":46,"column":2},"end":{"line":48,"column":3}},"type":"if","locations":[{"start":{"line":46,"column":2},"end":{"line":48,"column":3}}]},"1":{"loc":{"start":{"line":46,"column":6},"end":{"line":46,"column":50}},"type":"binary-expr","locations":[{"start":{"line":46,"column":6},"end":{"line":46,"column":22}},{"start":{"line":46,"column":26},"end":{"line":46,"column":50}}]}},"s":{"0":0,"1":0,"2":0,"3":0,"4":0,"5":0,"6":0,"7":0,"8":0},"f":{"0":0,"1":0,"2":0},"b":{"0":[0],"1":[0,0]}}
,"D:\\labs\\course-project\\auth-screen\\src\\utils\\statisticsCalculator.ts": {"path":"D:\\labs\\course-project\\auth-screen\\src\\utils\\statisticsCalculator.ts","statementMap":{"0":{"start":{"line":42,"column":0},"end":{"line":42,"column":16}},"1":{"start":{"line":86,"column":0},"end":{"line":86,"column":16}},"2":{"start":{"line":119,"column":0},"end":{"line":119,"column":16}},"3":{"start":{"line":43,"column":35},"end":{"line":49,"column":4}},"4":{"start":{"line":51,"column":2},"end":{"line":53,"column":3}},"5":{"start":{"line":52,"column":4},"end":{"line":52,"column":18}},"6":{"start":{"line":55,"column":2},"end":{"line":73,"column":5}},"7":{"start":{"line":56,"column":4},"end":{"line":72,"column":5}},"8":{"start":{"line":58,"column":8},"end":{"line":58,"column":26}},"9":{"start":{"line":59,"column":8},"end":{"line":59,"column":14}},"10":{"start":{"line":61,"column":8},"end":{"line":61,"column":30}},"11":{"start":{"line":62,"column":8},"end":{"line":62,"column":14}},"12":{"start":{"line":64,"column":8},"end":{"line":64,"column":32}},"13":{"start":{"line":65,"column":8},"end":{"line":65,"column":14}},"14":{"start":{"line":67,"column":8},"end":{"line":67,"column":29}},"15":{"start":{"line":68,"column":8},"end":{"line":68,"column":14}},"16":{"start":{"line":70,"column":8},"end":{"line":70,"column":29}},"17":{"start":{"line":71,"column":8},"end":{"line":71,"column":14}},"18":{"start":{"line":75,"column":2},"end":{"line":75,"column":16}},"19":{"start":{"line":89,"column":16},"end":{"line":89,"column":63}},"20":{"start":{"line":89,"column":54},"end":{"line":89,"column":59}},"21":{"start":{"line":91,"column":2},"end":{"line":99,"column":3}},"22":{"start":{"line":92,"column":4},"end":{"line":98,"column":6}},"23":{"start":{"line":101,"column":2},"end":{"line":107,"column":4}},"24":{"start":{"line":123,"column":2},"end":{"line":129,"column":4}}},"fnMap":{"0":{"name":"aggregateStatuses","decl":{"start":{"line":42,"column":16},"end":{"line":42,"column":33}},"loc":{"start":{"line":42,"column":47},"end":{"line":76,"column":1}}},"1":{"name":"(anonymous_1)","decl":{"start":{"line":55,"column":16},"end":{"line":55,"column":17}},"loc":{"start":{"line":55,"column":25},"end":{"line":73,"column":3}}},"2":{"name":"calculatePercentages","decl":{"start":{"line":86,"column":16},"end":{"line":86,"column":36}},"loc":{"start":{"line":86,"column":60},"end":{"line":108,"column":1}}},"3":{"name":"(anonymous_3)","decl":{"start":{"line":89,"column":44},"end":{"line":89,"column":45}},"loc":{"start":{"line":89,"column":54},"end":{"line":89,"column":59}}},"4":{"name":"getStatsByReadableName","decl":{"start":{"line":119,"column":16},"end":{"line":119,"column":38}},"loc":{"start":{"line":120,"column":45},"end":{"line":130,"column":1}}}},"branchMap":{"0":{"loc":{"start":{"line":51,"column":2},"end":{"line":53,"column":3}},"type":"if","locations":[{"start":{"line":51,"column":2},"end":{"line":53,"column":3}}]},"1":{"loc":{"start":{"line":51,"column":6},"end":{"line":51,"column":34}},"type":"binary-expr","locations":[{"start":{"line":51,"column":6},"end":{"line":51,"column":12}},{"start":{"line":51,"column":16},"end":{"line":51,"column":34}}]},"2":{"loc":{"start":{"line":56,"column":4},"end":{"line":72,"column":5}},"type":"switch","locations":[{"start":{"line":57,"column":6},"end":{"line":59,"column":14}},{"start":{"line":60,"column":6},"end":{"line":62,"column":14}},{"start":{"line":63,"column":6},"end":{"line":65,"column":14}},{"start":{"line":66,"column":6},"end":{"line":68,"column":14}},{"start":{"line":69,"column":6},"end":{"line":71,"column":14}}]},"3":{"loc":{"start":{"line":91,"column":2},"end":{"line":99,"column":3}},"type":"if","locations":[{"start":{"line":91,"column":2},"end":{"line":99,"column":3}}]}},"s":{"0":0,"1":0,"2":0,"3":0,"4":0,"5":0,"6":0,"7":0,"8":0,"9":0,"10":0,"11":0,"12":0,"13":0,"14":0,"15":0,"16":0,"17":0,"18":0,"19":0,"20":0,"21":0,"22":0,"23":0,"24":0},"f":{"0":0,"1":0,"2":0,"3":0,"4":0},"b":{"0":[0],"1":[0,0],"2":[0,0,0,0,0],"3":[0]}}
}
