TN:
SF:src\App.tsx
FN:26,(anonymous_1)
FNF:1
FNH:0
FNDA:0,(anonymous_1)
DA:2,0
DA:3,0
DA:4,0
DA:5,0
DA:6,0
DA:24,0
DA:26,0
DA:27,0
DA:47,0
LF:9
LH:0
BRF:0
BRH:0
end_of_record
TN:
SF:src\config\auth0Config.ts
FN:20,(anonymous_0)
FN:34,(anonymous_1)
FNF:2
FNH:0
FNDA:0,(anonymous_0)
FNDA:0,(anonymous_1)
DA:12,0
DA:13,0
DA:20,0
DA:21,0
DA:24,0
DA:34,0
DA:35,0
DA:37,0
DA:40,0
LF:9
LH:0
BRDA:12,0,0,0
BRDA:12,0,1,0
BRDA:13,1,0,0
BRDA:13,1,1,0
BRDA:35,2,0,0
BRDA:35,3,0,0
BRDA:35,3,1,0
BRF:7
BRH:0
end_of_record
TN:
SF:src\pages\LoginPage.tsx
FN:25,(anonymous_0)
FN:33,(anonymous_1)
FN:35,(anonymous_2)
FN:42,(anonymous_3)
FNF:4
FNH:4
FNDA:28,(anonymous_0)
FNDA:10,(anonymous_1)
FNDA:10,(anonymous_2)
FNDA:4,(anonymous_3)
DA:1,1
DA:2,1
DA:3,1
DA:25,1
DA:26,28
DA:27,28
DA:31,28
DA:33,28
DA:34,10
DA:35,10
DA:39,10
DA:42,28
DA:43,4
DA:46,4
DA:47,0
DA:48,0
DA:51,4
DA:53,4
DA:60,0
DA:64,28
DA:66,28
DA:157,1
LF:22
LH:19
BRDA:46,0,0,0
BRDA:46,1,0,4
BRDA:46,1,1,4
BRDA:64,2,0,3
BRDA:64,2,1,25
BRDA:64,3,0,28
BRDA:64,3,1,25
BRDA:73,4,0,28
BRDA:73,4,1,3
BRDA:129,5,0,2
BRDA:129,5,1,26
BRF:11
BRH:10
end_of_record
TN:
SF:src\pages\RegistrationPage.tsx
FN:27,(anonymous_0)
FN:36,(anonymous_1)
FN:38,(anonymous_2)
FN:45,(anonymous_3)
FNF:4
FNH:0
FNDA:0,(anonymous_0)
FNDA:0,(anonymous_1)
FNDA:0,(anonymous_2)
FNDA:0,(anonymous_3)
DA:1,0
DA:2,0
DA:3,0
DA:27,0
DA:28,0
DA:29,0
DA:34,0
DA:36,0
DA:37,0
DA:38,0
DA:42,0
DA:45,0
DA:46,0
DA:49,0
DA:50,0
DA:51,0
DA:54,0
DA:55,0
DA:56,0
DA:59,0
DA:60,0
DA:61,0
DA:64,0
DA:66,0
DA:74,0
DA:79,0
DA:81,0
DA:194,0
LF:28
LH:0
BRDA:49,0,0,0
BRDA:49,1,0,0
BRDA:49,1,1,0
BRDA:49,1,2,0
BRDA:54,2,0,0
BRDA:59,3,0,0
BRDA:79,4,0,0
BRDA:79,4,1,0
BRDA:79,5,0,0
BRDA:79,5,1,0
BRDA:79,6,0,0
BRDA:79,6,1,0
BRDA:88,7,0,0
BRDA:88,7,1,0
BRDA:166,8,0,0
BRDA:166,8,1,0
BRF:16
BRH:0
end_of_record
