TN:
SF:src\App.tsx
FN:25,(anonymous_1)
FN:60,(anonymous_2)
FN:87,(anonymous_3)
FNF:3
FNH:3
FNDA:1,(anonymous_1)
FNDA:1,(anonymous_2)
FNDA:1,(anonymous_3)
DA:1,1
DA:2,1
DA:3,1
DA:4,1
DA:5,1
DA:6,1
DA:7,1
DA:8,1
DA:9,1
DA:10,1
DA:11,1
DA:12,1
DA:25,1
DA:26,1
DA:60,1
DA:62,1
DA:64,1
DA:87,1
DA:89,1
DA:91,1
DA:98,1
LF:21
LH:21
BRF:0
BRH:0
end_of_record
TN:
SF:src\__backend__\prisma.schema.reference.ts
FNF:0
FNH:0
DA:81,0
LF:1
LH:0
BRF:0
BRH:0
end_of_record
TN:
SF:src\__backend__\routes\ideas.routes.reference.ts
FNF:0
FNH:0
DA:187,0
LF:1
LH:0
BRF:0
BRH:0
end_of_record
TN:
SF:src\__backend__\services\ideas.service.backend.ts
FN:33,(anonymous_0)
FN:42,(anonymous_1)
FN:77,(anonymous_2)
FN:119,(anonymous_3)
FN:149,(anonymous_4)
FN:183,(anonymous_5)
FN:210,(anonymous_6)
FNF:7
FNH:7
FNDA:14,(anonymous_0)
FNDA:3,(anonymous_1)
FNDA:3,(anonymous_2)
FNDA:7,(anonymous_3)
FNDA:2,(anonymous_4)
FNDA:2,(anonymous_5)
FNDA:1,(anonymous_6)
DA:9,1
DA:29,1
DA:33,14
DA:43,3
DA:45,3
DA:52,2
DA:62,1
DA:65,2
DA:66,2
DA:78,3
DA:79,3
DA:82,3
DA:95,3
DA:107,0
DA:120,7
DA:121,7
DA:128,7
DA:129,1
DA:132,6
DA:133,1
DA:136,5
DA:138,2
DA:150,2
DA:152,2
DA:155,2
DA:158,2
DA:159,1
DA:163,1
DA:172,1
DA:174,1
DA:184,2
DA:186,2
DA:189,2
DA:190,1
DA:194,1
DA:198,1
DA:200,1
DA:211,1
DA:213,1
DA:224,1
DA:236,1
LF:41
LH:40
BRDA:65,0,0,2
BRDA:65,0,1,0
BRDA:77,1,0,0
BRDA:77,2,0,0
BRDA:128,3,0,1
BRDA:132,4,0,1
BRDA:138,5,0,2
BRDA:138,5,1,0
BRDA:158,6,0,1
BRDA:174,7,0,1
BRDA:174,7,1,0
BRDA:189,8,0,1
BRDA:200,9,0,1
BRDA:200,9,1,0
BRDA:210,10,0,0
BRDA:210,11,0,0
BRF:16
BRH:8
end_of_record
TN:
SF:src\components\FormSelect.tsx
FN:21,(anonymous_9)
FN:59,(anonymous_10)
FNF:2
FNH:2
FNDA:33,(anonymous_9)
FNDA:132,(anonymous_10)
DA:6,2
DA:20,2
DA:32,33
DA:33,33
DA:35,33
DA:60,132
DA:75,2
DA:77,2
LF:8
LH:8
BRDA:27,0,0,0
BRDA:37,1,0,33
BRDA:37,1,1,33
BRDA:48,2,0,0
BRDA:48,2,1,33
BRDA:52,3,0,0
BRDA:52,3,1,33
BRDA:53,4,0,1
BRDA:53,4,1,32
BRDA:58,5,0,33
BRDA:58,5,1,0
BRDA:65,6,0,33
BRDA:65,6,1,0
BRF:13
BRH:8
end_of_record
TN:
SF:src\components\FormTextArea.tsx
FN:24,(anonymous_9)
FNF:1
FNH:1
FNDA:33,(anonymous_9)
DA:7,2
DA:23,2
DA:37,33
DA:38,33
DA:39,33
DA:41,33
DA:84,2
DA:86,2
LF:8
LH:8
BRDA:30,0,0,0
BRDA:32,1,0,0
BRDA:39,2,0,33
BRDA:39,2,1,33
BRDA:43,3,0,33
BRDA:43,3,1,33
BRDA:57,4,0,1
BRDA:57,4,1,32
BRDA:61,5,0,1
BRDA:61,5,1,32
BRDA:62,6,0,1
BRDA:62,6,1,32
BRDA:68,7,0,33
BRDA:68,7,1,1
BRDA:73,8,0,33
BRDA:73,8,1,33
BRF:16
BRH:14
end_of_record
TN:
SF:src\components\FormTextField.tsx
FN:29,(anonymous_9)
FNF:1
FNH:1
FNDA:33,(anonymous_9)
DA:8,2
DA:28,2
DA:42,33
DA:43,33
DA:45,33
DA:81,2
DA:83,2
LF:7
LH:7
BRDA:35,0,0,0
BRDA:37,1,0,33
BRDA:47,2,0,33
BRDA:47,2,1,33
BRDA:61,3,0,1
BRDA:61,3,1,32
BRDA:65,4,0,1
BRDA:65,4,1,32
BRDA:66,5,0,1
BRDA:66,5,1,32
BRDA:71,6,0,33
BRDA:71,6,1,1
BRF:12
BRH:11
end_of_record
TN:
SF:src\components\IdeaSubmissionForm.tsx
FN:36,(anonymous_10)
FN:56,(anonymous_11)
FN:68,(anonymous_12)
FN:83,(anonymous_13)
FN:95,(anonymous_14)
FN:141,(anonymous_15)
FNF:6
FNH:5
FNDA:33,(anonymous_10)
FNDA:1,(anonymous_11)
FNDA:0,(anonymous_12)
FNDA:3,(anonymous_13)
FNDA:1,(anonymous_14)
FNDA:132,(anonymous_15)
DA:16,2
DA:17,2
DA:18,2
DA:19,2
DA:20,2
DA:21,2
DA:22,2
DA:23,2
DA:24,2
DA:36,2
DA:37,33
DA:38,33
DA:39,33
DA:47,33
DA:56,33
DA:57,1
DA:58,1
DA:60,1
DA:61,1
DA:64,0
DA:67,0
DA:68,0
DA:69,0
DA:72,0
DA:73,0
DA:75,0
DA:83,33
DA:84,3
DA:85,1
DA:86,1
DA:88,2
DA:89,2
DA:95,33
DA:96,1
DA:97,1
DA:101,33
DA:141,132
DA:186,2
LF:38
LH:31
BRDA:72,0,0,0
BRDA:72,0,1,0
BRDA:84,1,0,1
BRDA:86,2,0,1
BRDA:96,3,0,1
BRDA:106,4,0,33
BRDA:106,4,1,0
BRDA:159,5,0,33
BRDA:159,5,1,32
BRDA:159,5,2,2
BRDA:166,6,0,1
BRDA:166,6,1,32
BRF:12
BRH:9
end_of_record
TN:
SF:src\components\Navbar.tsx
FN:12,(anonymous_1)
FN:43,(anonymous_2)
FNF:2
FNH:1
FNDA:1,(anonymous_1)
FNDA:0,(anonymous_2)
DA:8,1
DA:9,1
DA:10,1
DA:12,1
DA:13,1
DA:15,1
DA:43,0
DA:71,1
LF:8
LH:7
BRDA:25,0,0,1
BRDA:25,0,1,0
BRDA:52,1,0,1
BRDA:52,1,1,1
BRF:4
BRH:3
end_of_record
TN:
SF:src\components\ProtectedRoute.tsx
FN:24,(anonymous_1)
FN:52,(anonymous_2)
FNF:2
FNH:0
FNDA:0,(anonymous_1)
FNDA:0,(anonymous_2)
DA:1,1
DA:2,1
DA:3,1
DA:4,1
DA:24,1
DA:25,0
DA:28,0
DA:29,0
DA:33,0
DA:36,0
DA:38,0
DA:41,0
DA:43,0
DA:52,0
DA:63,0
DA:66,1
LF:16
LH:6
BRDA:28,0,0,0
BRDA:28,1,0,0
BRDA:28,1,1,0
BRDA:33,2,0,0
BRDA:33,2,1,0
BRDA:33,2,2,0
BRDA:36,3,0,0
BRDA:36,3,1,0
BRDA:38,4,0,0
BRF:9
BRH:0
end_of_record
TN:
SF:src\components\SessionWarningModal.tsx
FN:18,(anonymous_1)
FNF:1
FNH:1
FNDA:1,(anonymous_1)
DA:10,1
DA:18,1
DA:23,1
DA:25,0
DA:58,1
LF:5
LH:4
BRDA:23,0,0,1
BRF:1
BRH:1
end_of_record
TN:
SF:src\config\auth0Config.ts
FN:20,(anonymous_0)
FN:34,(anonymous_1)
FNF:2
FNH:1
FNDA:1,(anonymous_0)
FNDA:0,(anonymous_1)
DA:12,1
DA:13,1
DA:20,1
DA:21,1
DA:24,1
DA:34,1
DA:36,0
DA:38,0
DA:40,0
DA:42,0
DA:45,0
DA:46,0
LF:12
LH:6
BRDA:12,0,0,1
BRDA:12,0,1,1
BRDA:13,1,0,1
BRDA:13,1,1,1
BRDA:38,2,0,0
BRDA:38,3,0,0
BRDA:38,3,1,0
BRDA:45,4,0,0
BRF:8
BRH:4
end_of_record
TN:
SF:src\constants\roles.ts
FNF:0
FNH:0
DA:8,3
DA:20,3
DA:30,3
LF:3
LH:3
BRF:0
BRH:0
end_of_record
TN:
SF:src\constants\sessionConfig.ts
FNF:0
FNH:0
DA:9,1
DA:12,1
DA:15,1
DA:18,1
LF:4
LH:4
BRF:0
BRH:0
end_of_record
TN:
SF:src\context\MockAuth0Context.tsx
FN:28,(anonymous_9)
FN:34,(anonymous_10)
FN:46,(anonymous_11)
FN:52,(anonymous_12)
FN:91,(anonymous_13)
FN:114,(anonymous_14)
FNF:6
FNH:3
FNDA:10,(anonymous_9)
FNDA:10,(anonymous_10)
FNDA:0,(anonymous_11)
FNDA:0,(anonymous_12)
FNDA:0,(anonymous_13)
FNDA:11,(anonymous_14)
DA:1,3
DA:2,3
DA:26,3
DA:28,3
DA:29,10
DA:30,10
DA:31,10
DA:34,10
DA:35,10
DA:36,10
DA:37,0
DA:38,0
DA:41,0
DA:46,10
DA:47,0
DA:48,0
DA:50,0
DA:52,0
DA:56,0
DA:59,0
DA:60,0
DA:62,0
DA:63,0
DA:64,0
DA:65,0
DA:69,0
DA:76,0
DA:77,0
DA:81,0
DA:83,0
DA:85,0
DA:87,0
DA:91,10
DA:93,0
DA:94,0
DA:95,0
DA:96,0
DA:97,0
DA:98,0
DA:101,0
DA:104,0
DA:107,10
DA:114,3
DA:115,11
DA:116,11
DA:117,0
DA:119,11
LF:47
LH:17
BRDA:36,0,0,0
BRDA:60,1,0,0
BRDA:60,1,1,0
BRDA:62,2,0,0
BRDA:62,2,1,0
BRDA:62,3,0,0
BRDA:62,3,1,0
BRDA:64,4,0,0
BRDA:116,5,0,0
BRF:9
BRH:0
end_of_record
TN:
SF:src\hooks\useSessionTimeout.ts
FN:28,(anonymous_0)
FN:39,(anonymous_1)
FN:54,(anonymous_2)
FN:57,(anonymous_3)
FN:66,(anonymous_4)
FN:74,(anonymous_5)
FN:82,(anonymous_6)
FN:89,(anonymous_7)
FN:94,(anonymous_8)
FN:95,(anonymous_9)
FNF:10
FNH:2
FNDA:1,(anonymous_0)
FNDA:0,(anonymous_1)
FNDA:0,(anonymous_2)
FNDA:0,(anonymous_3)
FNDA:0,(anonymous_4)
FNDA:0,(anonymous_5)
FNDA:1,(anonymous_6)
FNDA:0,(anonymous_7)
FNDA:0,(anonymous_8)
FNDA:0,(anonymous_9)
DA:14,1
DA:15,1
DA:16,1
DA:28,1
DA:29,1
DA:30,1
DA:31,1
DA:33,1
DA:34,1
DA:35,1
DA:36,1
DA:39,1
DA:40,0
DA:42,0
DA:45,0
DA:46,0
DA:47,0
DA:50,0
DA:51,0
DA:54,0
DA:55,0
DA:57,0
DA:58,0
DA:61,0
DA:66,0
DA:68,0
DA:69,0
DA:74,1
DA:75,0
DA:76,0
DA:77,0
DA:78,0
DA:82,1
DA:83,1
DA:86,0
DA:89,0
DA:90,0
DA:94,0
DA:95,0
DA:96,0
DA:99,0
DA:100,0
DA:101,0
DA:105,1
LF:44
LH:16
BRDA:40,0,0,0
BRDA:45,1,0,0
BRDA:46,2,0,0
BRDA:47,3,0,0
BRDA:76,4,0,0
BRDA:83,5,0,1
BRDA:99,6,0,0
BRDA:100,7,0,0
BRDA:101,8,0,0
BRF:9
BRH:1
end_of_record
TN:
SF:src\pages\Dashboard.tsx
FN:11,(anonymous_1)
FN:18,(anonymous_2)
FNF:2
FNH:0
FNDA:0,(anonymous_1)
FNDA:0,(anonymous_2)
DA:1,1
DA:2,1
DA:3,1
DA:11,1
DA:12,0
DA:14,0
DA:15,0
DA:18,0
DA:19,0
DA:21,0
DA:43,0
DA:64,0
DA:83,0
DA:126,1
LF:14
LH:5
BRDA:14,0,0,0
BRDA:19,1,0,0
BRDA:19,1,1,0
BRDA:19,1,2,0
BRDA:19,1,3,0
BRF:5
BRH:0
end_of_record
TN:
SF:src\pages\EvaluationQueue.tsx
FN:10,(anonymous_1)
FN:24,(anonymous_2)
FNF:2
FNH:0
FNDA:0,(anonymous_1)
FNDA:0,(anonymous_2)
DA:1,1
DA:2,1
DA:10,1
DA:11,0
DA:13,0
DA:25,0
DA:49,1
LF:7
LH:4
BRF:0
BRH:0
end_of_record
TN:
SF:src\pages\LoginPage.tsx
FN:25,(anonymous_9)
FN:33,(anonymous_10)
FN:35,(anonymous_11)
FN:42,(anonymous_12)
FNF:4
FNH:1
FNDA:5,(anonymous_9)
FNDA:0,(anonymous_10)
FNDA:0,(anonymous_11)
FNDA:0,(anonymous_12)
DA:1,2
DA:2,2
DA:3,2
DA:25,2
DA:26,5
DA:27,5
DA:31,5
DA:33,5
DA:34,0
DA:35,0
DA:39,0
DA:42,5
DA:43,0
DA:46,0
DA:47,0
DA:48,0
DA:51,0
DA:53,0
DA:60,0
DA:64,5
DA:66,5
DA:157,2
LF:22
LH:12
BRDA:46,0,0,0
BRDA:46,1,0,0
BRDA:46,1,1,0
BRDA:64,2,0,0
BRDA:64,2,1,5
BRDA:64,3,0,5
BRDA:64,3,1,5
BRDA:73,4,0,5
BRDA:73,4,1,0
BRDA:129,5,0,0
BRDA:129,5,1,5
BRF:11
BRH:5
end_of_record
TN:
SF:src\pages\RegistrationPage.tsx
FN:27,(anonymous_9)
FN:36,(anonymous_10)
FN:38,(anonymous_11)
FN:45,(anonymous_12)
FNF:4
FNH:1
FNDA:4,(anonymous_9)
FNDA:0,(anonymous_10)
FNDA:0,(anonymous_11)
FNDA:0,(anonymous_12)
DA:1,2
DA:2,2
DA:3,2
DA:27,2
DA:28,4
DA:29,4
DA:34,4
DA:36,4
DA:37,0
DA:38,0
DA:42,0
DA:45,4
DA:46,0
DA:49,0
DA:50,0
DA:51,0
DA:54,0
DA:55,0
DA:56,0
DA:59,0
DA:60,0
DA:61,0
DA:64,0
DA:66,0
DA:74,0
DA:79,4
DA:80,4
DA:193,2
LF:28
LH:12
BRDA:49,0,0,0
BRDA:49,1,0,0
BRDA:49,1,1,0
BRDA:49,1,2,0
BRDA:54,2,0,0
BRDA:59,3,0,0
BRDA:79,4,0,0
BRDA:79,4,1,4
BRDA:79,5,0,4
BRDA:79,5,1,4
BRDA:79,6,0,0
BRDA:79,6,1,0
BRDA:87,7,0,4
BRDA:87,7,1,0
BRDA:165,8,0,0
BRDA:165,8,1,4
BRF:16
BRH:5
end_of_record
TN:
SF:src\services\ideas.service.ts
FN:11,(anonymous_1)
FN:20,(anonymous_2)
FN:34,(anonymous_3)
FN:94,(anonymous_4)
FNF:4
FNH:3
FNDA:2,(anonymous_1)
FNDA:2,(anonymous_2)
FNDA:1,(anonymous_3)
FNDA:0,(anonymous_4)
DA:7,2
DA:11,2
DA:12,2
DA:14,2
DA:17,0
DA:21,2
DA:35,1
DA:37,1
DA:38,1
DA:39,0
DA:43,1
DA:53,0
DA:54,0
DA:57,0
DA:60,0
DA:61,0
DA:63,0
DA:65,0
DA:66,0
DA:69,0
DA:70,0
DA:73,0
DA:74,0
DA:77,0
DA:78,0
DA:81,0
DA:82,0
DA:86,0
DA:95,0
DA:96,0
DA:98,0
DA:105,2
DA:106,2
LF:33
LH:11
BRDA:12,0,0,2
BRDA:38,1,0,0
BRDA:53,2,0,0
BRDA:60,3,0,0
BRDA:63,4,0,0
BRDA:66,5,0,0
BRDA:66,5,1,0
BRDA:69,6,0,0
BRDA:73,7,0,0
BRDA:77,8,0,0
BRDA:81,9,0,0
BRDA:86,10,0,0
BRDA:86,10,1,0
BRDA:96,11,0,0
BRF:14
BRH:1
end_of_record
TN:
SF:src\types\ideaSchema.ts
FNF:0
FNH:0
DA:8,4
DA:10,4
DA:12,4
LF:3
LH:3
BRF:0
BRH:0
end_of_record
